Log file open, 09/12/18 16:00:33
LogWindows: Failed to load 'aqProf.dll' (GetLastError=126)
LogWindows: File 'aqProf.dll' does not exist
LogWindows: Failed to load 'VSPerf140.dll' (GetLastError=126)
LogWindows: File 'VSPerf140.dll' does not exist
LogWindows: Failed to load 'VtuneApi.dll' (GetLastError=126)
LogWindows: File 'VtuneApi.dll' does not exist
LogWindows: Failed to load 'VtuneApi32e.dll' (GetLastError=126)
LogWindows: File 'VtuneApi32e.dll' does not exist
LogInit: Display: Running engine for game: TimeAttack
LogPlatformFile: Not using cached read wrapper
LogTaskGraph: Started task graph with 5 named threads and 11 total threads with 3 sets of task threads.
LogStats: Stats thread started at 0.186416
LogD3D11RHI: Loaded GFSDK_Aftermath_Lib.x64.dll
LogICUInternationalization: Display: ICU TimeZone Detection - Raw Offset: +9:00, Platform Override: ''
LogPluginManager: Mounting plugin Paper2D
LogPluginManager: Mounting plugin AISupport
LogPluginManager: Mounting plugin LightPropagationVolume
LogPluginManager: Mounting plugin CLionSourceCodeAccess
LogPluginManager: Mounting plugin CodeLiteSourceCodeAccess
LogPluginManager: Mounting plugin GitSourceControl
LogPluginManager: Mounting plugin KDevelopSourceCodeAccess
LogPluginManager: Mounting plugin NullSourceCodeAccess
LogPluginManager: Mounting plugin PerforceSourceControl
LogPluginManager: Mounting plugin SubversionSourceControl
LogPluginManager: Mounting plugin UObjectPlugin
LogPluginManager: Mounting plugin VisualStudioCodeSourceCodeAccess
LogPluginManager: Mounting plugin VisualStudioSourceCodeAccess
LogPluginManager: Mounting plugin XCodeSourceCodeAccess
LogPluginManager: Mounting plugin AssetManagerEditor
LogPluginManager: Mounting plugin CryptoKeys
LogPluginManager: Mounting plugin DataValidation
LogPluginManager: Mounting plugin FacialAnimation
LogPluginManager: Mounting plugin GameplayTagsEditor
LogPluginManager: Mounting plugin MacGraphicsSwitching
LogPluginManager: Mounting plugin MeshEditor
LogPluginManager: Mounting plugin MobileLauncherProfileWizard
LogPluginManager: Mounting plugin PluginBrowser
LogPluginManager: Mounting plugin SpeedTreeImporter
LogPluginManager: Mounting plugin DatasmithContent
LogPluginManager: Mounting plugin AlembicImporter
LogPluginManager: Mounting plugin AppleImageUtils
LogPluginManager: Mounting plugin AppleVision
LogPluginManager: Mounting plugin BackChannel
LogPluginManager: Mounting plugin CharacterAI
LogPluginManager: Mounting plugin GeometryCache
LogPluginManager: Mounting plugin HTML5Networking
LogPluginManager: Mounting plugin ProxyLODPlugin
LogPluginManager: Mounting plugin RawInput
LogPluginManager: Mounting plugin MagicLeap
LogPluginManager: Mounting plugin MagicLeapEmulator
LogPluginManager: Mounting plugin MagicLeapMedia
LogPluginManager: Mounting plugin AndroidMedia
LogPluginManager: Mounting plugin AvfMedia
LogPluginManager: Mounting plugin ImgMedia
LogPluginManager: Mounting plugin LinearTimecode
LogPluginManager: Mounting plugin MediaCompositing
LogPluginManager: Mounting plugin MediaPlayerEditor
LogPluginManager: Mounting plugin WmfMedia
LogPluginManager: Mounting plugin TcpMessaging
LogPluginManager: Mounting plugin UdpMessaging
LogPluginManager: Mounting plugin ActorSequence
LogPluginManager: Mounting plugin LevelSequenceEditor
LogPluginManager: Mounting plugin MatineeToLevelSequence
LogPluginManager: Mounting plugin NetcodeUnitTest
LogPluginManager: Mounting plugin NUTUnrealEngine4
LogPluginManager: Mounting plugin OnlineSubsystemGooglePlay
LogPluginManager: Mounting plugin OnlineSubsystemIOS
LogPluginManager: Mounting plugin OnlineSubsystem
LogPluginManager: Mounting plugin OnlineSubsystemNull
LogPluginManager: Mounting plugin OnlineSubsystemUtils
LogPluginManager: Mounting plugin LauncherChunkInstaller
LogPluginManager: Mounting plugin AndroidDeviceProfileSelector
LogPluginManager: Mounting plugin AndroidMoviePlayer
LogPluginManager: Mounting plugin AndroidPermission
LogPluginManager: Mounting plugin AppleMoviePlayer
LogPluginManager: Mounting plugin ArchVisCharacter
LogPluginManager: Mounting plugin AudioCapture
LogPluginManager: Mounting plugin CableComponent
LogPluginManager: Mounting plugin CustomMeshComponent
LogPluginManager: Mounting plugin EditableMesh
LogPluginManager: Mounting plugin ExampleDeviceProfileSelector
LogPluginManager: Mounting plugin GoogleCloudMessaging
LogPluginManager: Mounting plugin ImmediatePhysics
LogPluginManager: Mounting plugin IOSDeviceProfileSelector
LogPluginManager: Mounting plugin LinuxDeviceProfileSelector
LogPluginManager: Mounting plugin LocationServicesBPLibrary
LogPluginManager: Mounting plugin MobilePatchingUtils
LogPluginManager: Mounting plugin OculusVR
LogPluginManager: Plugin shader directory ../../../Engine/Plugins/Runtime/Oculus/OculusVR/Shaders found
LogPluginManager: Mapping shader source directory ../../../Engine/Plugins/Runtime/Oculus/OculusVR/Shaders to virtual directory /Plugin/OculusVR
LogPluginManager: Mounting plugin PhysXVehicles
LogPluginManager: Mounting plugin ProceduralMeshComponent
LogPluginManager: Mounting plugin RuntimePhysXCooking
LogPluginManager: Mounting plugin SteamVR
LogPluginManager: Mounting plugin WindowsMoviePlayer
LogStreaming: Display: Took  0.237s to configure plugins.
LogInit: Using libcurl 7.55.1-DEV
LogInit:  - built for x86_64-pc-win32
LogInit:  - supports SSL with OpenSSL/1.0.2h
LogInit:  - supports HTTP deflate (compression) using libz 1.2.8
LogInit:  - other features:
LogInit:      CURL_VERSION_SSL
LogInit:      CURL_VERSION_LIBZ
LogInit:      CURL_VERSION_IPV6
LogInit:      CURL_VERSION_ASYNCHDNS
LogInit:      CURL_VERSION_LARGEFILE
LogInit:      CURL_VERSION_IDN
LogInit:  CurlRequestOptions (configurable via config and command line):
LogInit:  - bVerifyPeer = false  - Libcurl will NOT verify peer certificate
LogInit:  - bUseHttpProxy = false  - Libcurl will NOT use HTTP proxy
LogInit:  - bDontReuseConnections = false  - Libcurl will reuse connections
LogInit:  - CertBundlePath = nullptr  - Libcurl will use whatever was configured at build time.
LogInit:  - MaxHostConnections = 16  - Libcurl will limit the number of connections to a host
LogInit:  - LocalHostAddr = Default
LogInit:  - BufferSize = 65536
LogInit: WinSock: version 1.1 (2.2), MaxSocks=32767, MaxUdp=65467
LogInit: Build: ++UE4+Release-4.20-CL-4233996
LogInit: Engine Version: 4.20.1-4233996+++UE4+Release-4.20
LogInit: Compatible Engine Version: 4.20.0-4212847+++UE4+Release-4.20
LogInit: Net CL: 4212847
LogInit: OS: Windows 10 (), CPU: Intel(R) Core(TM) i5-6267U CPU @ 2.90GHz, GPU: Intel(R) Iris(R) Graphics 550
LogInit: Compiled (64-bit): Jul 26 2018 10:07:30
LogInit: Compiled with Visual C++: 19.13.26129.00
LogInit: Build Configuration: Development
LogInit: Branch Name: ++UE4+Release-4.20
LogInit: Command Line: 
LogInit: Base Directory: C:/Program Files/Epic Games/UE_4.20/Engine/Binaries/Win64/
LogInit: Installed Engine Build: 1
LogDevObjectVersion: Number of dev versions registered: 20
LogDevObjectVersion:   Dev-Blueprints (B0D832E4-1F89-4F0D-ACCF-7EB736FD4AA2): 10
LogDevObjectVersion:   Dev-Build (E1C64328-A22C-4D53-A36C-8E866417BD8C): 0
LogDevObjectVersion:   Dev-Core (375EC13C-06E4-48FB-B500-84F0262A717E): 2
LogDevObjectVersion:   Dev-Editor (E4B068ED-F494-42E9-A231-DA0B2E46BB41): 24
LogDevObjectVersion:   Dev-Framework (CFFC743F-43B0-4480-9391-14DF171D2073): 34
LogDevObjectVersion:   Dev-Mobile (B02B49B5-BB20-44E9-A304-32B752E40360): 2
LogDevObjectVersion:   Dev-Networking (A4E4105C-59A1-49B5-A7C5-40C4547EDFEE): 0
LogDevObjectVersion:   Dev-Online (39C831C9-5AE6-47DC-9A44-9C173E1C8E7C): 0
LogDevObjectVersion:   Dev-Physics (78F01B33-EBEA-4F98-B9B4-84EACCB95AA2): 0
LogDevObjectVersion:   Dev-Platform (6631380F-2D4D-43E0-8009-CF276956A95A): 0
LogDevObjectVersion:   Dev-Rendering (12F88B9F-8875-4AFC-A67C-D90C383ABD29): 26
LogDevObjectVersion:   Dev-Sequencer (7B5AE74C-D270-4C10-A958-57980B212A5A): 9
LogDevObjectVersion:   Dev-VR (D7296918-1DD6-4BDD-9DE2-64A83CC13884): 2
LogDevObjectVersion:   Dev-LoadTimes (C2A15278-BFE7-4AFE-6C17-90FF531DF755): 1
LogDevObjectVersion:   Private-Geometry (6EACA3D4-40EC-4CC1-B786-8BED09428FC5): 3
LogDevObjectVersion:   Dev-AnimPhys (29E575DD-E0A3-4627-9D10-D276232CDCEA): 17
LogDevObjectVersion:   Dev-ReflectionCapture (6B266CEC-1EC7-4B8F-A30B-E4D90942FC07): 1
LogDevObjectVersion:   Dev-Automation (0DF73D61-A23F-47EA-B727-89E90C41499A): 1
LogDevObjectVersion:   FortniteMain (601D1886-AC64-4F84-AA16-D3DE0DEAC7D6): 12
LogDevObjectVersion:   Dev-Enterprise (9DFFBCD6-494F-0158-E221-12823C92A888): 1
LogStreaming: Display: Took  0.002s to delete old logs.
LogInit: Presizing for max 8388607 objects, including 0 objects not considered by GC, pre-allocating 0 bytes for permanent pool.
LogInit: Object subsystem initialized
<<<<<<< Updated upstream
[2018.09.12-07.00.33:759][  0]LogInit: Selected Device Profile: [Windows]
[2018.09.12-07.00.33:759][  0]LogInit: Applying CVar settings loaded from the selected device profile: [Windows]
[2018.09.12-07.00.33:782][  0]LogHAL: Display: Platform has ~ 16 GB [17037910016 / 17179869184 / 16], which maps to Larger [LargestMinGB=32, LargerMinGB=12, DefaultMinGB=8, SmallerMinGB=6, SmallestMinGB=0)
[2018.09.12-07.00.33:782][  0]LogInit: Setting Device Profile CVar: [[r.Vulkan.UseRealUBs:1]]
[2018.09.12-07.00.33:782][  0]LogInit: Going up to parent DeviceProfile []
[2018.09.12-07.00.33:783][  0]LogInit: Computer: DESKTOP-8OV5PVS
[2018.09.12-07.00.33:783][  0]LogInit: User: kara1978
[2018.09.12-07.00.33:783][  0]LogInit: CPU Page size=4096, Cores=2
[2018.09.12-07.00.33:783][  0]LogInit: High frequency timer resolution =2.835942 MHz
[2018.09.12-07.00.33:784][  0]LogMemory: Memory total: Physical=15.9GB (16GB approx)
[2018.09.12-07.00.33:784][  0]LogMemory: Platform Memory Stats for Windows
[2018.09.12-07.00.33:784][  0]LogMemory: Process Physical Memory: 101.69 MB used, 101.69 MB peak
[2018.09.12-07.00.33:784][  0]LogMemory: Process Virtual Memory: 84.25 MB used, 84.25 MB peak
[2018.09.12-07.00.33:784][  0]LogMemory: Physical Memory: 6175.20 MB used,  10073.42 MB free, 16248.62 MB total
[2018.09.12-07.00.33:784][  0]LogMemory: Virtual Memory: 4621.21 MB used,  10073.42 MB free, 134217728.00 MB total
[2018.09.12-07.00.33:841][  0]LogInit: Overriding language with editor language configuration option (en).
[2018.09.12-07.00.33:841][  0]LogInit: Overriding locale with editor locale configuration option (en).
[2018.09.12-07.00.34:336][  0]LogStreaming: Display: Took  0.495s to InitEngineTextLocalization.
[2018.09.12-07.00.34:337][  0]LogInit: Setting process to per monitor DPI aware
[2018.09.12-07.00.34:403][  0]LogSlate: New Slate User Created.  User Index 0, Is Virtual User: 0
[2018.09.12-07.00.34:403][  0]LogSlate: Slate User Registered.  User Index 0, Is Virtual User: 0
[2018.09.12-07.00.35:049][  0]LogHMD: Failed to initialize OpenVR with code 110
[2018.09.12-07.00.35:049][  0]LogD3D11RHI: D3D11 adapters:
[2018.09.12-07.00.35:122][  0]LogD3D11RHI:    0. 'Intel(R) Iris(R) Graphics 550' (Feature Level 11_0)
[2018.09.12-07.00.35:123][  0]LogD3D11RHI:       128/0/8124 MB DedicatedVideo/DedicatedSystem/SharedSystem, Outputs:2, VendorId:0x8086
[2018.09.12-07.00.35:126][  0]LogD3D11RHI:    1. 'Microsoft Basic Render Driver' (Feature Level 11_0)
[2018.09.12-07.00.35:127][  0]LogD3D11RHI:       0/0/8124 MB DedicatedVideo/DedicatedSystem/SharedSystem, Outputs:0, VendorId:0x1414
[2018.09.12-07.00.35:127][  0]LogD3D11RHI: Chosen D3D11 Adapter: 0
[2018.09.12-07.00.35:136][  0]LogD3D11RHI: Creating new Direct3DDevice
[2018.09.12-07.00.35:136][  0]LogD3D11RHI:     GPU DeviceId: 0x1927 (for the marketing name, search the web for "GPU Device Id")
[2018.09.12-07.00.35:136][  0]LogWindows: EnumDisplayDevices:
[2018.09.12-07.00.35:137][  0]LogWindows:    0. 'Intel(R) Iris(R) Graphics 550' (P:1 D:1)
[2018.09.12-07.00.35:138][  0]LogWindows:    1. 'Intel(R) Iris(R) Graphics 550' (P:0 D:1)
[2018.09.12-07.00.35:139][  0]LogWindows:    2. 'Intel(R) Iris(R) Graphics 550' (P:0 D:0)
[2018.09.12-07.00.35:140][  0]LogWindows: DebugString: FoundDriverCount:3 
[2018.09.12-07.00.35:140][  0]LogD3D11RHI:     Adapter Name: Intel(R) Iris(R) Graphics 550
[2018.09.12-07.00.35:140][  0]LogD3D11RHI:   Driver Version: 23.20.16.4973 (internal:23.20.16.4973, unified:23.20.16.4973)
[2018.09.12-07.00.35:140][  0]LogD3D11RHI:      Driver Date: 2-28-2018
[2018.09.12-07.00.35:140][  0]LogRHI: Texture pool is 1523 MB (70% of 2176 MB)
[2018.09.12-07.00.35:211][  0]LogD3D11RHI: Async texture creation enabled
[2018.09.12-07.00.35:216][  0]LogD3D11RHI: GPU Timing Frequency: 12.000048 (Debug: 2 0)
[2018.09.12-07.00.35:218][  0]LogShaderCompilers: Guid format shader working directory is -33 characters bigger than the processId version (../../../../../../Users/kara1978/Documents/Unreal Projects/Test_UE_car/TimeAttack/Intermediate/Shaders/WorkingDirectory/47268/).
[2018.09.12-07.00.35:218][  0]LogShaderCompilers: Cleaned the shader compiler working directory 'C:/Users/kara1978/AppData/Local/Temp/UnrealShaderWorkingDir/BF2E0F244C0831DC0D0CBCB47D29191B/'.
[2018.09.12-07.00.35:710][  0]LogTemp: Display: Loaded TP AllDesktopTargetPlatform
[2018.09.12-07.00.35:730][  0]LogTemp: Display: Loaded TP MacClientTargetPlatform
[2018.09.12-07.00.35:748][  0]LogTemp: Display: Loaded TP MacNoEditorTargetPlatform
[2018.09.12-07.00.35:770][  0]LogTemp: Display: Loaded TP MacServerTargetPlatform
[2018.09.12-07.00.35:792][  0]LogTemp: Display: Loaded TP MacTargetPlatform
[2018.09.12-07.00.35:812][  0]LogTemp: Display: Loaded TP WindowsClientTargetPlatform
[2018.09.12-07.00.35:830][  0]LogTemp: Display: Loaded TP WindowsNoEditorTargetPlatform
[2018.09.12-07.00.35:848][  0]LogTemp: Display: Loaded TP WindowsServerTargetPlatform
[2018.09.12-07.00.35:858][  0]LogTemp: Display: Loaded TP WindowsTargetPlatform
[2018.09.12-07.00.35:976][  0]LogTemp: Display: Loaded TP AndroidTargetPlatform
[2018.09.12-07.00.35:977][  0]LogTemp: Display: Loaded TP AndroidTargetPlatform
[2018.09.12-07.00.35:977][  0]LogTemp: Display: Loaded TP AndroidTargetPlatform
[2018.09.12-07.00.35:977][  0]LogTemp: Display: Loaded TP AndroidTargetPlatform
[2018.09.12-07.00.35:977][  0]LogTemp: Display: Loaded TP AndroidTargetPlatform
[2018.09.12-07.00.35:977][  0]LogTemp: Display: Loaded TP AndroidTargetPlatform
[2018.09.12-07.00.35:977][  0]LogTemp: Display: Loaded TP AndroidTargetPlatform
[2018.09.12-07.00.35:977][  0]LogTemp: Display: Loaded TP AndroidTargetPlatform
[2018.09.12-07.00.35:977][  0]LogTemp: Display: Loaded TP AndroidTargetPlatform
[2018.09.12-07.00.35:977][  0]LogTemp: Display: Loaded TP AndroidTargetPlatform
[2018.09.12-07.00.35:977][  0]LogTemp: Display: Loaded TP AndroidTargetPlatform
[2018.09.12-07.00.35:977][  0]LogTemp: Display: Loaded TP AndroidTargetPlatform
[2018.09.12-07.00.35:977][  0]LogTemp: Display: Loaded TP AndroidTargetPlatform
[2018.09.12-07.00.35:977][  0]LogTemp: Display: Loaded TP AndroidTargetPlatform
[2018.09.12-07.00.35:977][  0]LogTemp: Display: Loaded TP AndroidTargetPlatform
[2018.09.12-07.00.35:977][  0]LogTemp: Display: Loaded TP AndroidTargetPlatform
[2018.09.12-07.00.35:977][  0]LogTemp: Display: Loaded TP AndroidTargetPlatform
[2018.09.12-07.00.35:977][  0]LogTemp: Display: Loaded TP AndroidTargetPlatform
[2018.09.12-07.00.35:980][  0]LogTemp: Display: Loaded TP HTML5TargetPlatform
[2018.09.12-07.00.36:060][  0]LogTemp: Display: Loaded TP IOSTargetPlatform
[2018.09.12-07.00.36:060][  0]LogTemp: Display: Loaded TP IOSTargetPlatform
[2018.09.12-07.00.36:100][  0]LogTemp: Display: Loaded TP TVOSTargetPlatform
[2018.09.12-07.00.36:100][  0]LogTemp: Display: Loaded TP TVOSTargetPlatform
[2018.09.12-07.00.36:123][  0]LogTemp: Display: Loaded TP LinuxClientTargetPlatform
[2018.09.12-07.00.36:145][  0]LogTemp: Display: Loaded TP LinuxNoEditorTargetPlatform
[2018.09.12-07.00.36:162][  0]LogTemp: Display: Loaded TP LinuxServerTargetPlatform
[2018.09.12-07.00.36:183][  0]LogTemp: Display: Loaded TP LinuxTargetPlatform
[2018.09.12-07.00.36:201][  0]LogTemp: Display: Loaded TP LuminTargetPlatform
[2018.09.12-07.00.36:201][  0]LogTargetPlatformManager: Display: Building Assets For Windows
[2018.09.12-07.00.36:353][  0]LogXGEController: Cannot use XGE Controller as Incredibuild is not installed on this machine.
[2018.09.12-07.00.36:353][  0]LogShaderCompilers: Cannot use XGE Shader Compiler as Incredibuild is not installed on this machine.
[2018.09.12-07.00.36:353][  0]LogShaderCompilers: Display: Using Local Shader Compiler.
[2018.09.12-07.00.37:541][  0]LogDerivedDataCache: Display: Max Cache Size: 512 MB
[2018.09.12-07.00.37:610][  0]LogDerivedDataCache: Loaded boot cache 0.07s 71MB C:/Users/kara1978/AppData/Local/UnrealEngine/4.20/DerivedDataCache/Boot.ddc.
[2018.09.12-07.00.37:611][  0]LogDerivedDataCache: Display: Loaded Boot cache: C:/Users/kara1978/AppData/Local/UnrealEngine/4.20/DerivedDataCache/Boot.ddc
[2018.09.12-07.00.37:611][  0]LogDerivedDataCache: FDerivedDataBackendGraph:  Pak pak cache file ../../../../../../Users/kara1978/Documents/Unreal Projects/Test_UE_car/TimeAttack/DerivedDataCache/DDC.ddp not found, will not use a pak cache.
[2018.09.12-07.00.37:611][  0]LogDerivedDataCache: Unable to find inner node Pak for hierarchical cache Hierarchy.
[2018.09.12-07.00.37:611][  0]LogDerivedDataCache: FDerivedDataBackendGraph:  CompressedPak pak cache file ../../../../../../Users/kara1978/Documents/Unreal Projects/Test_UE_car/TimeAttack/DerivedDataCache/Compressed.ddp not found, will not use a pak cache.
[2018.09.12-07.00.37:611][  0]LogDerivedDataCache: Unable to find inner node CompressedPak for hierarchical cache Hierarchy.
[2018.09.12-07.00.37:627][  0]LogDerivedDataCache: Display: Pak cache opened for reading ../../../Engine/DerivedDataCache/Compressed.ddp.
[2018.09.12-07.00.37:640][  0]LogDerivedDataCache: Using Local data cache path C:/Users/kara1978/AppData/Local/UnrealEngine/Common/DerivedDataCache: Writable
[2018.09.12-07.00.37:640][  0]LogDerivedDataCache: Shared data cache path not found in *engine.ini, will not use an Shared cache.
[2018.09.12-07.00.37:640][  0]LogDerivedDataCache: Unable to find inner node Shared for hierarchical cache Hierarchy.
[2018.09.12-07.00.37:661][  0]LogMaterial: Verifying Global Shaders for PCD3D_SM5
[2018.09.12-07.00.37:662][  0]LogSlate: Using FreeType 2.6.0
[2018.09.12-07.00.37:664][  0]LogSlate: SlateFontServices - WITH_FREETYPE: 1, WITH_HARFBUZZ: 1
[2018.09.12-07.00.37:782][  0]LogAssetRegistry: FAssetRegistry took 0.0276 seconds to start up
[2018.09.12-07.00.38:243][  0]LogInit: Selected Device Profile: [Windows]
[2018.09.12-07.00.38:442][  0]LogSimplygon: Simplygon DLL not present - disabling.
[2018.09.12-07.00.38:452][  0]LogMeshReduction: Using SimplygonSwarm for distributed automatic mesh merging
[2018.09.12-07.00.38:452][  0]LogMeshReduction: Using ProxyLODMeshReduction for automatic mesh merging
[2018.09.12-07.00.38:452][  0]LogMeshReduction: Using QuadricMeshReduction for automatic static mesh reduction
[2018.09.12-07.00.38:452][  0]LogMeshReduction: No automatic skeletal mesh reduction module available
[2018.09.12-07.00.38:478][  0]LogNetVersion: TimeAttack 1.0.0, NetCL: 4212847, EngineNetVer: 5, GameNetVer: 0 (Checksum: 2431445023)
[2018.09.12-07.00.39:107][  0]LogPackageLocalizationCache: Processed 11 localized package path(s) for 1 prioritized culture(s) in 0.077645 seconds
[2018.09.12-07.00.39:116][  0]LogUObjectArray: 38425 objects as part of root set at end of initial load.
[2018.09.12-07.00.39:116][  0]LogUObjectAllocator: 6690864 out of 0 bytes used by permanent object pool.
[2018.09.12-07.00.39:116][  0]LogUObjectArray: CloseDisregardForGC: 0/0 objects in disregard for GC pool
[2018.09.12-07.00.40:679][  0]LogTcpMessaging: Initializing TcpMessaging bridge
[2018.09.12-07.00.40:695][  0]LogUdpMessaging: Initializing bridge on interface 0.0.0.0:0 to multicast group 230.0.0.1:6666.
[2018.09.12-07.00.40:919][  0]SourceControl: Source control is disabled
[2018.09.12-07.00.40:919][  0]SourceControl: Source control is disabled
[2018.09.12-07.00.40:923][  0]SourceControl: Source control is disabled
[2018.09.12-07.00.40:926][  0]SourceControl: Source control is disabled
[2018.09.12-07.00.41:189][  0]LogAndroidPermission: UAndroidPermissionCallbackProxy::GetInstance
[2018.09.12-07.00.41:356][  0]LogOcInput: OculusInput pre-init called
[2018.09.12-07.00.41:444][  0]LogEngine: Initializing Engine...
[2018.09.12-07.00.41:445][  0]LogHMD: Failed to initialize OpenVR with code 110
[2018.09.12-07.00.41:447][  0]LogStats: UGameplayTagsManager::ConstructGameplayTagTree: ImportINI prefixes -  0.000 s
[2018.09.12-07.00.41:447][  0]LogStats: UGameplayTagsManager::ConstructGameplayTagTree: Construct from data asset -  0.000 s
[2018.09.12-07.00.41:448][  0]LogStats: UGameplayTagsManager::ConstructGameplayTagTree: ImportINI -  0.000 s
[2018.09.12-07.00.41:448][  0]LogStats: UGameplayTagsManager::ConstructGameplayTagTree: GameplayTagTreeChangedEvent.Broadcast -  0.000 s
[2018.09.12-07.00.41:721][  0]LogInit: Initializing FReadOnlyCVARCache
[2018.09.12-07.00.41:744][  0]LogAIModule: Creating AISystem for world Untitled
[2018.09.12-07.00.41:778][  0]LogInit: XAudio2 using '헤드폰(Cirrus Logic CS8409 (AB 54))' : 2 channels at 48 kHz using 32 bits per sample (channel mask 0x3)
[2018.09.12-07.00.41:807][  0]LogInit: FAudioDevice initialized.
[2018.09.12-07.00.41:807][  0]LogNetVersion: Set ProjectVersion to 1.0.0.0. Version Checksum will be recalculated on next use.
[2018.09.12-07.00.41:862][  0]LogDerivedDataCache: Saved boot cache 0.05s 71MB C:/Users/kara1978/AppData/Local/UnrealEngine/4.20/DerivedDataCache/Boot.ddc.
[2018.09.12-07.00.41:878][  0]LogInit: Texture streaming: Enabled
[2018.09.12-07.00.41:920][  0]LogEngineSessionManager: EngineSessionManager initialized
[2018.09.12-07.00.41:943][  0]LogInit: Transaction tracking system initialized
[2018.09.12-07.00.41:987][  0]BlueprintLog: New page: Editor Load
[2018.09.12-07.00.42:149][  0]LocalizationService: Localization service is disabled
[2018.09.12-07.00.42:241][  0]LogLinker: Warning: Can't find file '/Game/ThirdPersonBP/ThirdPersonOverview'
[2018.09.12-07.00.42:242][  0]LogLinker: Warning: Can't find file '/Game/ThirdPersonBP/ThirdPersonOverview'
[2018.09.12-07.00.42:242][  0]LogUObjectGlobals: Warning: Failed to find object 'Class /Game/ThirdPersonBP/ThirdPersonOverview.ThirdPersonOverview_C'
[2018.09.12-07.00.42:525][  0]LogCook: Display: Max memory allowance for cook 16384mb min free memory 0mb
[2018.09.12-07.00.42:525][  0]LogCook: Display: Mobile HDR setting 1
[2018.09.12-07.00.42:525][  0]LogGameplayTags: Display: UGameplayTagsManager::DoneAddingNativeTags. DelegateIsBound: 0
[2018.09.12-07.00.42:525][  0]LogStats: UGameplayTagsManager::ConstructGameplayTagTree: ImportINI prefixes -  0.000 s
[2018.09.12-07.00.42:525][  0]LogStats: UGameplayTagsManager::ConstructGameplayTagTree: Construct from data asset -  0.000 s
[2018.09.12-07.00.42:526][  0]LogStats: UGameplayTagsManager::ConstructGameplayTagTree: ImportINI -  0.000 s
[2018.09.12-07.00.42:526][  0]LogStats: UGameplayTagsManager::ConstructGameplayTagTree: GameplayTagTreeChangedEvent.Broadcast -  0.000 s
[2018.09.12-07.00.42:551][  0]LogFileCache: Scanning file cache for directory 'C:/Users/kara1978/Documents/Unreal Projects/Test_UE_car/TimeAttack/Content/' took 0.02s
[2018.09.12-07.00.42:773][  0]SourceControl: Source control is disabled
[2018.09.12-07.00.42:773][  0]Cmd: MAP LOAD FILE="../../../../../../Users/kara1978/Documents/Unreal Projects/Test_UE_car/TimeAttack/Content/VehicleBP/Maps/VehicleExampleMap.umap" TEMPLATE=0 SHOWPROGRESS=1 FEATURELEVEL=3
[2018.09.12-07.00.42:774][  0]LightingResults: New page: Lighting Build
[2018.09.12-07.00.42:779][  0]MapCheck: New page: Map Check
[2018.09.12-07.00.42:779][  0]LightingResults: New page: Lighting Build
[2018.09.12-07.00.43:393][  0]LogAIModule: Creating AISystem for world VehicleExampleMap
[2018.09.12-07.00.43:407][  0]LogEditorServer: Finished looking for orphan Actors (0.000 secs)
[2018.09.12-07.00.43:434][  0]Cmd: MAP CHECKDEP NOCLEARLOG
[2018.09.12-07.00.43:624][  0]MapCheck: Map check complete: 0 Error(s), 0 Warning(s), took 189.701ms to complete.
[2018.09.12-07.00.43:624][  0]LogFileHelpers: Loading map 'VehicleExampleMap' took 0.851
[2018.09.12-07.00.43:783][  0]LogSlate: Updating window title bar state: overlay mode, drag disabled, window buttons hidden, title bar hidden
[2018.09.12-07.00.43:793][  0]LogSlate: Updating window title bar state: overlay mode, drag disabled, window buttons hidden, title bar hidden
[2018.09.12-07.00.43:803][  0]LogSlate: Updating window title bar state: overlay mode, drag disabled, window buttons hidden, title bar hidden
[2018.09.12-07.00.43:813][  0]LogSlate: Updating window title bar state: overlay mode, drag disabled, window buttons hidden, title bar hidden
[2018.09.12-07.00.43:826][  0]LogCollectionManager: Loaded 0 collections in 0.002997 seconds
[2018.09.12-07.00.43:877][  0]LogFileCache: Scanning file cache for directory 'C:/Users/kara1978/Documents/Unreal Projects/Test_UE_car/TimeAttack/Saved/Collections/' took 0.01s
[2018.09.12-07.00.43:877][  0]LogFileCache: Scanning file cache for directory 'C:/Users/kara1978/Documents/Unreal Projects/Test_UE_car/TimeAttack/Content/Developers/kara1978/Collections/' took 0.01s
[2018.09.12-07.00.43:877][  0]LogFileCache: Scanning file cache for directory 'C:/Users/kara1978/Documents/Unreal Projects/Test_UE_car/TimeAttack/Content/Collections/' took 0.01s
[2018.09.12-07.00.43:877][  0]LogCollectionManager: Rebuilt the GUID cache for 0 collections in 0.000000 seconds
[2018.09.12-07.00.43:889][  0]LogContentBrowser: Native class hierarchy populated in 0.0114 seconds. Added 2574 classes and 606 folders.
[2018.09.12-07.00.43:899][  0]LogContentBrowser: Native class hierarchy updated for 'WidgetCarousel' in 0.0003 seconds. Added 0 classes and 0 folders.
[2018.09.12-07.00.44:033][  0]LogContentBrowser: Native class hierarchy updated for 'AddContentDialog' in 0.0004 seconds. Added 0 classes and 0 folders.
[2018.09.12-07.00.44:045][  0]LogContentBrowser: Native class hierarchy updated for 'SceneOutliner' in 0.0004 seconds. Added 1 classes and 2 folders.
[2018.09.12-07.00.44:082][  0]LogSlate: Took 0.000537 seconds to synchronously load lazily loaded font '../../../Engine/Content/Slate/Fonts/Roboto-Regular.ttf' (155K)
[2018.09.12-07.00.44:085][  0]LogSlate: Took 0.000407 seconds to synchronously load lazily loaded font '../../../Engine/Content/Slate/Fonts/Roboto-Bold.ttf' (160K)
[2018.09.12-07.00.44:093][  0]LogSlate: Took 0.000611 seconds to synchronously load lazily loaded font '../../../Engine/Content/Editor/Slate/Fonts/FontAwesome.ttf' (139K)
[2018.09.12-07.00.44:215][  0]LogRenderer: Reallocating scene render targets to support 1184x632 Format 10 NumSamples 1 (Frame:1).
[2018.09.12-07.00.44:628][  0]LogContentBrowser: Native class hierarchy updated for 'HierarchicalLODOutliner' in 0.0005 seconds. Added 0 classes and 0 folders.
[2018.09.12-07.00.44:628][  0]LogLoad: (Engine Initialization) Total time: 14.28 seconds
[2018.09.12-07.00.44:628][  0]LogLoad: (Engine Initialization) Total Blueprint compile time: 0.00 seconds
[2018.09.12-07.00.44:650][  0]LogWindowsTextInputMethodSystem: Display: IME system now activated using TSF (Microsoft 입력기).
[2018.09.12-07.00.44:657][  0]LogRawInputWindows: Warning: Found device 0 devices
[2018.09.12-07.00.44:657][  0]LogRawInputWindows: Warning: Found device 0 devices
[2018.09.12-07.00.44:657][  0]LogRawInputWindows: Warning: Device was registered succesfully but not connected (Usage:4 UsagePage:1)
[2018.09.12-07.00.44:657][  0]LogRawInputWindows: Warning: Found device 1 devices
[2018.09.12-07.00.44:657][  0]LogRawInputWindows: Warning: Device was registered succesfully but not connected (Usage:5 UsagePage:1)
[2018.09.12-07.00.44:692][  0]LogContentStreaming: Texture pool size now 3000 MB
[2018.09.12-07.00.45:024][  0]LogRenderer: Reallocating scene render targets to support 1184x652 Format 10 NumSamples 1 (Frame:3).
[2018.09.12-07.00.45:024][  0]LogSlate: Took 0.000515 seconds to synchronously load lazily loaded font '../../../Engine/Content/Slate/Fonts/Roboto-Light.ttf' (167K)
[2018.09.12-07.00.45:053][  1]LogAssetRegistry: Asset discovery search completed in 7.2930 seconds
[2018.09.12-07.00.45:056][  1]LogCollectionManager: Rebuilt the object cache for 0 collections in 0.000001 seconds (found 0 objects)
[2018.09.12-07.00.45:056][  1]LogCollectionManager: Fixed up redirectors for 0 collections in 0.000063 seconds (updated 0 objects)
[2018.09.12-07.00.55:626][423]LogSlate: FSceneViewport::OnFocusLost() reason 2
[2018.09.12-07.00.57:275][521]LogSlate: FSceneViewport::OnFocusLost() reason 2
[2018.09.12-07.00.59:838][650]LogWindows: Warning: CreateProc failed: 지정된 파일을 찾을 수 없습니다. (0x00000002)
[2018.09.12-07.00.59:838][650]LogWindows: Warning: URL: C:/Program Files/Git/bin/git.exe version
[2018.09.12-07.00.59:838][650]LogWindows: Warning: CreateProc failed: 지정된 파일을 찾을 수 없습니다. (0x00000002)
[2018.09.12-07.00.59:838][650]LogWindows: Warning: URL: C:/Program Files (x86)/Git/bin/git.exe version
[2018.09.12-07.00.59:839][650]LogWindows: Warning: CreateProc failed: 지정된 파일을 찾을 수 없습니다. (0x00000002)
[2018.09.12-07.00.59:839][650]LogWindows: Warning: URL: C:\Users\kara1978\AppData\Local/Programs/Git/cmd/git.exe version
[2018.09.12-07.00.59:839][650]LogWindows: Warning: CreateProc failed: 지정된 파일을 찾을 수 없습니다. (0x00000002)
[2018.09.12-07.00.59:839][650]LogWindows: Warning: URL: C:/Program Files (x86)/SmartGit/git/bin/git.exe version
[2018.09.12-07.00.59:839][650]LogWindows: Warning: CreateProc failed: 지정된 파일을 찾을 수 없습니다. (0x00000002)
[2018.09.12-07.00.59:839][650]LogWindows: Warning: URL: C:/Program Files (x86)/SmartGit/bin/git.exe version
[2018.09.12-07.00.59:839][650]LogWindows: Warning: CreateProc failed: 지정된 파일을 찾을 수 없습니다. (0x00000002)
[2018.09.12-07.00.59:839][650]LogWindows: Warning: URL: C:\Users\kara1978\AppData\Local/Atlassian/SourceTree/git_local/bin/git.exe version
[2018.09.12-07.00.59:840][650]LogWindows: Warning: CreateProc failed: 지정된 파일을 찾을 수 없습니다. (0x00000002)
[2018.09.12-07.00.59:840][650]LogWindows: Warning: URL: C:/Program Files (x86)/fournova/Tower/vendor/Git/bin/git.exe version
[2018.09.12-07.02.04:912][190]LogWindows: Warning: CreateProc failed: 지정된 파일을 찾을 수 없습니다. (0x00000002)
[2018.09.12-07.02.04:912][190]LogWindows: Warning: URL: C:/Program Files/Epic Games/UE_4.20/Engine/Binaries/Win64/ version
[2018.09.12-07.12.19:082][313]LogSlate: FSceneViewport::OnFocusLost() reason 2
[2018.09.12-07.12.22:638][456]LogSlate: FSceneViewport::OnFocusLost() reason 0
[2018.09.12-07.13.12:503][959]LogSlate: Window 'Source Control Login' being destroyed
[2018.09.12-07.13.16:001][102]LogSlate: FSceneViewport::OnFocusLost() reason 2
[2018.09.12-07.14.34:086][611]LogSlate: FSceneViewport::OnFocusLost() reason 0
=======
[2018.09.13-07.09.01:595][  0]LogInit: Selected Device Profile: [Windows]
[2018.09.13-07.09.01:595][  0]LogInit: Applying CVar settings loaded from the selected device profile: [Windows]
[2018.09.13-07.09.01:614][  0]LogHAL: Display: Platform has ~ 16 GB [17037910016 / 17179869184 / 16], which maps to Larger [LargestMinGB=32, LargerMinGB=12, DefaultMinGB=8, SmallerMinGB=6, SmallestMinGB=0)
[2018.09.13-07.09.01:614][  0]LogInit: Setting Device Profile CVar: [[r.Vulkan.UseRealUBs:1]]
[2018.09.13-07.09.01:614][  0]LogInit: Going up to parent DeviceProfile []
[2018.09.13-07.09.01:615][  0]LogInit: Computer: DESKTOP-8OV5PVS
[2018.09.13-07.09.01:615][  0]LogInit: User: kara1978
[2018.09.13-07.09.01:615][  0]LogInit: CPU Page size=4096, Cores=2
[2018.09.13-07.09.01:615][  0]LogInit: High frequency timer resolution =2.835942 MHz
[2018.09.13-07.09.01:615][  0]LogMemory: Memory total: Physical=15.9GB (16GB approx)
[2018.09.13-07.09.01:615][  0]LogMemory: Platform Memory Stats for Windows
[2018.09.13-07.09.01:615][  0]LogMemory: Process Physical Memory: 101.44 MB used, 101.44 MB peak
[2018.09.13-07.09.01:615][  0]LogMemory: Process Virtual Memory: 84.11 MB used, 84.11 MB peak
[2018.09.13-07.09.01:615][  0]LogMemory: Physical Memory: 7810.83 MB used,  8437.79 MB free, 16248.62 MB total
[2018.09.13-07.09.01:615][  0]LogMemory: Virtual Memory: 4621.21 MB used,  8437.79 MB free, 134217728.00 MB total
[2018.09.13-07.09.01:661][  0]LogInit: Overriding language with editor language configuration option (en).
[2018.09.13-07.09.01:661][  0]LogInit: Overriding locale with editor locale configuration option (en).
[2018.09.13-07.09.02:139][  0]LogStreaming: Display: Took  0.479s to InitEngineTextLocalization.
[2018.09.13-07.09.02:140][  0]LogInit: Setting process to per monitor DPI aware
[2018.09.13-07.09.02:216][  0]LogSlate: New Slate User Created.  User Index 0, Is Virtual User: 0
[2018.09.13-07.09.02:216][  0]LogSlate: Slate User Registered.  User Index 0, Is Virtual User: 0
[2018.09.13-07.09.02:852][  0]LogHMD: Failed to initialize OpenVR with code 110
[2018.09.13-07.09.02:852][  0]LogD3D11RHI: D3D11 adapters:
[2018.09.13-07.09.02:935][  0]LogD3D11RHI:    0. 'Intel(R) Iris(R) Graphics 550' (Feature Level 11_0)
[2018.09.13-07.09.02:935][  0]LogD3D11RHI:       128/0/8124 MB DedicatedVideo/DedicatedSystem/SharedSystem, Outputs:2, VendorId:0x8086
[2018.09.13-07.09.02:939][  0]LogD3D11RHI:    1. 'Microsoft Basic Render Driver' (Feature Level 11_0)
[2018.09.13-07.09.02:939][  0]LogD3D11RHI:       0/0/8124 MB DedicatedVideo/DedicatedSystem/SharedSystem, Outputs:0, VendorId:0x1414
[2018.09.13-07.09.02:939][  0]LogD3D11RHI: Chosen D3D11 Adapter: 0
[2018.09.13-07.09.02:956][  0]LogD3D11RHI: Creating new Direct3DDevice
[2018.09.13-07.09.02:956][  0]LogD3D11RHI:     GPU DeviceId: 0x1927 (for the marketing name, search the web for "GPU Device Id")
[2018.09.13-07.09.02:956][  0]LogWindows: EnumDisplayDevices:
[2018.09.13-07.09.02:957][  0]LogWindows:    0. 'Intel(R) Iris(R) Graphics 550' (P:1 D:1)
[2018.09.13-07.09.02:958][  0]LogWindows:    1. 'Intel(R) Iris(R) Graphics 550' (P:0 D:1)
[2018.09.13-07.09.02:959][  0]LogWindows:    2. 'Intel(R) Iris(R) Graphics 550' (P:0 D:0)
[2018.09.13-07.09.02:960][  0]LogWindows: DebugString: FoundDriverCount:3 
[2018.09.13-07.09.02:960][  0]LogD3D11RHI:     Adapter Name: Intel(R) Iris(R) Graphics 550
[2018.09.13-07.09.02:960][  0]LogD3D11RHI:   Driver Version: 23.20.16.4973 (internal:23.20.16.4973, unified:23.20.16.4973)
[2018.09.13-07.09.02:960][  0]LogD3D11RHI:      Driver Date: 2-28-2018
[2018.09.13-07.09.02:960][  0]LogRHI: Texture pool is 1523 MB (70% of 2176 MB)
[2018.09.13-07.09.03:038][  0]LogD3D11RHI: Async texture creation enabled
[2018.09.13-07.09.03:046][  0]LogD3D11RHI: GPU Timing Frequency: 12.000048 (Debug: 2 0)
[2018.09.13-07.09.03:048][  0]LogShaderCompilers: Guid format shader working directory is -33 characters bigger than the processId version (../../../../../../Users/kara1978/Documents/Unreal Projects/Test_UE_car/TimeAttack/Intermediate/Shaders/WorkingDirectory/56548/).
[2018.09.13-07.09.03:048][  0]LogShaderCompilers: Cleaned the shader compiler working directory 'C:/Users/kara1978/AppData/Local/Temp/UnrealShaderWorkingDir/7BEBC67E48A3E14074FAC3B9117BB51E/'.
[2018.09.13-07.09.03:613][  0]LogTemp: Display: Loaded TP AllDesktopTargetPlatform
[2018.09.13-07.09.03:634][  0]LogTemp: Display: Loaded TP MacClientTargetPlatform
[2018.09.13-07.09.03:658][  0]LogTemp: Display: Loaded TP MacNoEditorTargetPlatform
[2018.09.13-07.09.03:687][  0]LogTemp: Display: Loaded TP MacServerTargetPlatform
[2018.09.13-07.09.03:714][  0]LogTemp: Display: Loaded TP MacTargetPlatform
[2018.09.13-07.09.03:740][  0]LogTemp: Display: Loaded TP WindowsClientTargetPlatform
[2018.09.13-07.09.03:763][  0]LogTemp: Display: Loaded TP WindowsNoEditorTargetPlatform
[2018.09.13-07.09.03:788][  0]LogTemp: Display: Loaded TP WindowsServerTargetPlatform
[2018.09.13-07.09.03:802][  0]LogTemp: Display: Loaded TP WindowsTargetPlatform
[2018.09.13-07.09.03:934][  0]LogTemp: Display: Loaded TP AndroidTargetPlatform
[2018.09.13-07.09.03:934][  0]LogTemp: Display: Loaded TP AndroidTargetPlatform
[2018.09.13-07.09.03:934][  0]LogTemp: Display: Loaded TP AndroidTargetPlatform
[2018.09.13-07.09.03:934][  0]LogTemp: Display: Loaded TP AndroidTargetPlatform
[2018.09.13-07.09.03:934][  0]LogTemp: Display: Loaded TP AndroidTargetPlatform
[2018.09.13-07.09.03:934][  0]LogTemp: Display: Loaded TP AndroidTargetPlatform
[2018.09.13-07.09.03:934][  0]LogTemp: Display: Loaded TP AndroidTargetPlatform
[2018.09.13-07.09.03:934][  0]LogTemp: Display: Loaded TP AndroidTargetPlatform
[2018.09.13-07.09.03:934][  0]LogTemp: Display: Loaded TP AndroidTargetPlatform
[2018.09.13-07.09.03:934][  0]LogTemp: Display: Loaded TP AndroidTargetPlatform
[2018.09.13-07.09.03:934][  0]LogTemp: Display: Loaded TP AndroidTargetPlatform
[2018.09.13-07.09.03:934][  0]LogTemp: Display: Loaded TP AndroidTargetPlatform
[2018.09.13-07.09.03:934][  0]LogTemp: Display: Loaded TP AndroidTargetPlatform
[2018.09.13-07.09.03:934][  0]LogTemp: Display: Loaded TP AndroidTargetPlatform
[2018.09.13-07.09.03:934][  0]LogTemp: Display: Loaded TP AndroidTargetPlatform
[2018.09.13-07.09.03:934][  0]LogTemp: Display: Loaded TP AndroidTargetPlatform
[2018.09.13-07.09.03:934][  0]LogTemp: Display: Loaded TP AndroidTargetPlatform
[2018.09.13-07.09.03:934][  0]LogTemp: Display: Loaded TP AndroidTargetPlatform
[2018.09.13-07.09.03:938][  0]LogTemp: Display: Loaded TP HTML5TargetPlatform
[2018.09.13-07.09.04:017][  0]LogTemp: Display: Loaded TP IOSTargetPlatform
[2018.09.13-07.09.04:017][  0]LogTemp: Display: Loaded TP IOSTargetPlatform
[2018.09.13-07.09.04:052][  0]LogTemp: Display: Loaded TP TVOSTargetPlatform
[2018.09.13-07.09.04:052][  0]LogTemp: Display: Loaded TP TVOSTargetPlatform
[2018.09.13-07.09.04:070][  0]LogTemp: Display: Loaded TP LinuxClientTargetPlatform
[2018.09.13-07.09.04:088][  0]LogTemp: Display: Loaded TP LinuxNoEditorTargetPlatform
[2018.09.13-07.09.04:106][  0]LogTemp: Display: Loaded TP LinuxServerTargetPlatform
[2018.09.13-07.09.04:130][  0]LogTemp: Display: Loaded TP LinuxTargetPlatform
[2018.09.13-07.09.04:145][  0]LogTemp: Display: Loaded TP LuminTargetPlatform
[2018.09.13-07.09.04:145][  0]LogTargetPlatformManager: Display: Building Assets For Windows
[2018.09.13-07.09.04:280][  0]LogXGEController: Cannot use XGE Controller as Incredibuild is not installed on this machine.
[2018.09.13-07.09.04:280][  0]LogShaderCompilers: Cannot use XGE Shader Compiler as Incredibuild is not installed on this machine.
[2018.09.13-07.09.04:280][  0]LogShaderCompilers: Display: Using Local Shader Compiler.
[2018.09.13-07.09.05:413][  0]LogDerivedDataCache: Display: Max Cache Size: 512 MB
[2018.09.13-07.09.05:475][  0]LogDerivedDataCache: Loaded boot cache 0.06s 71MB C:/Users/kara1978/AppData/Local/UnrealEngine/4.20/DerivedDataCache/Boot.ddc.
[2018.09.13-07.09.05:476][  0]LogDerivedDataCache: Display: Loaded Boot cache: C:/Users/kara1978/AppData/Local/UnrealEngine/4.20/DerivedDataCache/Boot.ddc
[2018.09.13-07.09.05:476][  0]LogDerivedDataCache: FDerivedDataBackendGraph:  Pak pak cache file ../../../../../../Users/kara1978/Documents/Unreal Projects/Test_UE_car/TimeAttack/DerivedDataCache/DDC.ddp not found, will not use a pak cache.
[2018.09.13-07.09.05:476][  0]LogDerivedDataCache: Unable to find inner node Pak for hierarchical cache Hierarchy.
[2018.09.13-07.09.05:476][  0]LogDerivedDataCache: FDerivedDataBackendGraph:  CompressedPak pak cache file ../../../../../../Users/kara1978/Documents/Unreal Projects/Test_UE_car/TimeAttack/DerivedDataCache/Compressed.ddp not found, will not use a pak cache.
[2018.09.13-07.09.05:476][  0]LogDerivedDataCache: Unable to find inner node CompressedPak for hierarchical cache Hierarchy.
[2018.09.13-07.09.05:492][  0]LogDerivedDataCache: Display: Pak cache opened for reading ../../../Engine/DerivedDataCache/Compressed.ddp.
[2018.09.13-07.09.05:506][  0]LogDerivedDataCache: Using Local data cache path C:/Users/kara1978/AppData/Local/UnrealEngine/Common/DerivedDataCache: Writable
[2018.09.13-07.09.05:506][  0]LogDerivedDataCache: Shared data cache path not found in *engine.ini, will not use an Shared cache.
[2018.09.13-07.09.05:506][  0]LogDerivedDataCache: Unable to find inner node Shared for hierarchical cache Hierarchy.
[2018.09.13-07.09.05:528][  0]LogMaterial: Verifying Global Shaders for PCD3D_SM5
[2018.09.13-07.09.05:530][  0]LogSlate: Using FreeType 2.6.0
[2018.09.13-07.09.05:532][  0]LogSlate: SlateFontServices - WITH_FREETYPE: 1, WITH_HARFBUZZ: 1
[2018.09.13-07.09.05:651][  0]LogAssetRegistry: FAssetRegistry took 0.0292 seconds to start up
[2018.09.13-07.09.06:201][  0]LogInit: Selected Device Profile: [Windows]
[2018.09.13-07.09.06:321][  0]LogSimplygon: Simplygon DLL not present - disabling.
[2018.09.13-07.09.06:334][  0]LogMeshReduction: Using SimplygonSwarm for distributed automatic mesh merging
[2018.09.13-07.09.06:334][  0]LogMeshReduction: Using ProxyLODMeshReduction for automatic mesh merging
[2018.09.13-07.09.06:334][  0]LogMeshReduction: Using QuadricMeshReduction for automatic static mesh reduction
[2018.09.13-07.09.06:334][  0]LogMeshReduction: No automatic skeletal mesh reduction module available
[2018.09.13-07.09.06:493][  0]LogNetVersion: TimeAttack 1.0.0, NetCL: 4212847, EngineNetVer: 5, GameNetVer: 0 (Checksum: 2431445023)
[2018.09.13-07.09.07:175][  0]LogPackageLocalizationCache: Processed 11 localized package path(s) for 1 prioritized culture(s) in 0.127582 seconds
[2018.09.13-07.09.07:182][  0]LogUObjectArray: 38425 objects as part of root set at end of initial load.
[2018.09.13-07.09.07:182][  0]LogUObjectAllocator: 6690864 out of 0 bytes used by permanent object pool.
[2018.09.13-07.09.07:182][  0]LogUObjectArray: CloseDisregardForGC: 0/0 objects in disregard for GC pool
[2018.09.13-07.09.08:835][  0]LogTcpMessaging: Initializing TcpMessaging bridge
[2018.09.13-07.09.08:850][  0]LogUdpMessaging: Initializing bridge on interface 0.0.0.0:0 to multicast group 230.0.0.1:6666.
[2018.09.13-07.09.09:090][  0]SourceControl: Source control is disabled
[2018.09.13-07.09.10:218][  0]LogAndroidPermission: UAndroidPermissionCallbackProxy::GetInstance
[2018.09.13-07.09.10:423][  0]LogOcInput: OculusInput pre-init called
[2018.09.13-07.09.10:527][  0]LogEngine: Initializing Engine...
[2018.09.13-07.09.10:529][  0]LogHMD: Failed to initialize OpenVR with code 110
[2018.09.13-07.09.10:531][  0]LogStats: UGameplayTagsManager::ConstructGameplayTagTree: ImportINI prefixes -  0.000 s
[2018.09.13-07.09.10:531][  0]LogStats: UGameplayTagsManager::ConstructGameplayTagTree: Construct from data asset -  0.000 s
[2018.09.13-07.09.10:531][  0]LogStats: UGameplayTagsManager::ConstructGameplayTagTree: ImportINI -  0.000 s
[2018.09.13-07.09.10:531][  0]LogStats: UGameplayTagsManager::ConstructGameplayTagTree: GameplayTagTreeChangedEvent.Broadcast -  0.000 s
[2018.09.13-07.09.10:826][  0]LogInit: Initializing FReadOnlyCVARCache
[2018.09.13-07.09.10:855][  0]LogAIModule: Creating AISystem for world Untitled
[2018.09.13-07.09.10:889][  0]LogInit: XAudio2 using '헤드폰(Cirrus Logic CS8409 (AB 54))' : 2 channels at 48 kHz using 32 bits per sample (channel mask 0x3)
[2018.09.13-07.09.10:916][  0]LogInit: FAudioDevice initialized.
[2018.09.13-07.09.10:916][  0]LogNetVersion: Set ProjectVersion to 1.0.0.0. Version Checksum will be recalculated on next use.
[2018.09.13-07.09.10:971][  0]LogDerivedDataCache: Saved boot cache 0.06s 71MB C:/Users/kara1978/AppData/Local/UnrealEngine/4.20/DerivedDataCache/Boot.ddc.
[2018.09.13-07.09.10:986][  0]LogInit: Texture streaming: Enabled
[2018.09.13-07.09.11:033][  0]LogEngineSessionManager: EngineSessionManager initialized
[2018.09.13-07.09.11:067][  0]LogInit: Transaction tracking system initialized
[2018.09.13-07.09.11:120][  0]BlueprintLog: New page: Editor Load
[2018.09.13-07.09.11:301][  0]LocalizationService: Localization service is disabled
[2018.09.13-07.09.11:406][  0]LogLinker: Warning: Can't find file '/Game/ThirdPersonBP/ThirdPersonOverview'
[2018.09.13-07.09.11:406][  0]LogLinker: Warning: Can't find file '/Game/ThirdPersonBP/ThirdPersonOverview'
[2018.09.13-07.09.11:406][  0]LogUObjectGlobals: Warning: Failed to find object 'Class /Game/ThirdPersonBP/ThirdPersonOverview.ThirdPersonOverview_C'
[2018.09.13-07.09.11:710][  0]LogCook: Display: Max memory allowance for cook 16384mb min free memory 0mb
[2018.09.13-07.09.11:710][  0]LogCook: Display: Mobile HDR setting 1
[2018.09.13-07.09.11:710][  0]LogGameplayTags: Display: UGameplayTagsManager::DoneAddingNativeTags. DelegateIsBound: 0
[2018.09.13-07.09.11:710][  0]LogStats: UGameplayTagsManager::ConstructGameplayTagTree: ImportINI prefixes -  0.000 s
[2018.09.13-07.09.11:710][  0]LogStats: UGameplayTagsManager::ConstructGameplayTagTree: Construct from data asset -  0.000 s
[2018.09.13-07.09.11:711][  0]LogStats: UGameplayTagsManager::ConstructGameplayTagTree: ImportINI -  0.000 s
[2018.09.13-07.09.11:711][  0]LogStats: UGameplayTagsManager::ConstructGameplayTagTree: GameplayTagTreeChangedEvent.Broadcast -  0.000 s
[2018.09.13-07.09.11:959][  0]LogFileCache: Scanning file cache for directory 'C:/Users/kara1978/Documents/Unreal Projects/Test_UE_car/TimeAttack/Content/' took 0.03s
[2018.09.13-07.09.11:959][  0]Cmd: MAP LOAD FILE="../../../../../../Users/kara1978/Documents/Unreal Projects/Test_UE_car/TimeAttack/Content/VehicleBP/Maps/VehicleExampleMap.umap" TEMPLATE=0 SHOWPROGRESS=1 FEATURELEVEL=3
[2018.09.13-07.09.11:960][  0]LightingResults: New page: Lighting Build
[2018.09.13-07.09.11:964][  0]MapCheck: New page: Map Check
[2018.09.13-07.09.11:964][  0]LightingResults: New page: Lighting Build
[2018.09.13-07.09.12:950][  0]LogAIModule: Creating AISystem for world VehicleExampleMap
[2018.09.13-07.09.12:966][  0]LogEditorServer: Finished looking for orphan Actors (0.000 secs)
[2018.09.13-07.09.12:995][  0]Cmd: MAP CHECKDEP NOCLEARLOG
[2018.09.13-07.09.13:188][  0]MapCheck: Map check complete: 0 Error(s), 0 Warning(s), took 193.732ms to complete.
[2018.09.13-07.09.13:189][  0]LogFileHelpers: Loading map 'VehicleExampleMap' took 1.230
[2018.09.13-07.09.13:367][  0]LogSlate: Updating window title bar state: overlay mode, drag disabled, window buttons hidden, title bar hidden
[2018.09.13-07.09.13:378][  0]LogSlate: Updating window title bar state: overlay mode, drag disabled, window buttons hidden, title bar hidden
[2018.09.13-07.09.13:389][  0]LogSlate: Updating window title bar state: overlay mode, drag disabled, window buttons hidden, title bar hidden
[2018.09.13-07.09.13:400][  0]LogSlate: Updating window title bar state: overlay mode, drag disabled, window buttons hidden, title bar hidden
[2018.09.13-07.09.13:418][  0]LogCollectionManager: Loaded 0 collections in 0.003319 seconds
[2018.09.13-07.09.13:481][  0]LogFileCache: Scanning file cache for directory 'C:/Users/kara1978/Documents/Unreal Projects/Test_UE_car/TimeAttack/Saved/Collections/' took 0.01s
[2018.09.13-07.09.13:481][  0]LogFileCache: Scanning file cache for directory 'C:/Users/kara1978/Documents/Unreal Projects/Test_UE_car/TimeAttack/Content/Developers/kara1978/Collections/' took 0.01s
[2018.09.13-07.09.13:481][  0]LogFileCache: Scanning file cache for directory 'C:/Users/kara1978/Documents/Unreal Projects/Test_UE_car/TimeAttack/Content/Collections/' took 0.01s
[2018.09.13-07.09.13:481][  0]LogCollectionManager: Rebuilt the GUID cache for 0 collections in 0.000001 seconds
[2018.09.13-07.09.13:496][  0]LogContentBrowser: Native class hierarchy populated in 0.0148 seconds. Added 2574 classes and 606 folders.
[2018.09.13-07.09.13:516][  0]LogContentBrowser: Native class hierarchy updated for 'WidgetCarousel' in 0.0005 seconds. Added 0 classes and 0 folders.
[2018.09.13-07.09.14:064][  0]LogContentBrowser: Native class hierarchy updated for 'AddContentDialog' in 0.0005 seconds. Added 0 classes and 0 folders.
[2018.09.13-07.09.14:092][  0]LogContentBrowser: Native class hierarchy updated for 'SceneOutliner' in 0.0005 seconds. Added 1 classes and 2 folders.
[2018.09.13-07.09.14:109][  0]LogSlate: Took 0.000446 seconds to synchronously load lazily loaded font '../../../Engine/Content/Slate/Fonts/Roboto-Regular.ttf' (155K)
[2018.09.13-07.09.14:114][  0]LogSlate: Took 0.000456 seconds to synchronously load lazily loaded font '../../../Engine/Content/Slate/Fonts/Roboto-Bold.ttf' (160K)
[2018.09.13-07.09.14:126][  0]LogSlate: Took 0.006219 seconds to synchronously load lazily loaded font '../../../Engine/Content/Editor/Slate/Fonts/FontAwesome.ttf' (139K)
[2018.09.13-07.09.14:272][  0]LogRenderer: Reallocating scene render targets to support 1268x664 Format 10 NumSamples 1 (Frame:1).
[2018.09.13-07.09.14:468][  0]LogContentBrowser: Native class hierarchy updated for 'HierarchicalLODOutliner' in 0.0005 seconds. Added 0 classes and 0 folders.
[2018.09.13-07.09.14:468][  0]LogLoad: (Engine Initialization) Total time: 16.63 seconds
[2018.09.13-07.09.14:468][  0]LogLoad: (Engine Initialization) Total Blueprint compile time: 0.00 seconds
[2018.09.13-07.09.14:491][  0]LogWindowsTextInputMethodSystem: Display: IME system now activated using TSF (Microsoft 입력기).
[2018.09.13-07.09.14:498][  0]LogRawInputWindows: Warning: Found device 0 devices
[2018.09.13-07.09.14:499][  0]LogRawInputWindows: Warning: Found device 0 devices
[2018.09.13-07.09.14:499][  0]LogRawInputWindows: Warning: Device was registered succesfully but not connected (Usage:4 UsagePage:1)
[2018.09.13-07.09.14:499][  0]LogRawInputWindows: Warning: Found device 1 devices
[2018.09.13-07.09.14:499][  0]LogRawInputWindows: Warning: Device was registered succesfully but not connected (Usage:5 UsagePage:1)
[2018.09.13-07.09.14:520][  0]LogContentStreaming: Texture pool size now 3000 MB
[2018.09.13-07.09.14:595][  0]LogRenderer: Reallocating scene render targets to support 1268x676 Format 10 NumSamples 1 (Frame:3).
[2018.09.13-07.09.14:596][  0]LogSlate: Took 0.000514 seconds to synchronously load lazily loaded font '../../../Engine/Content/Slate/Fonts/Roboto-Light.ttf' (167K)
[2018.09.13-07.09.14:618][  1]LogAssetRegistry: Asset discovery search completed in 8.9888 seconds
[2018.09.13-07.09.14:620][  1]LogCollectionManager: Rebuilt the object cache for 0 collections in 0.000001 seconds (found 0 objects)
[2018.09.13-07.09.14:620][  1]LogCollectionManager: Fixed up redirectors for 0 collections in 0.000078 seconds (updated 0 objects)
[2018.09.13-07.09.15:524][ 26]LogSlate: Took 0.000457 seconds to synchronously load lazily loaded font '../../../Engine/Content/Slate/Fonts/Roboto-Light.ttf' (167K)
[2018.09.13-07.09.21:273][293]LogSlate: FSceneViewport::OnFocusLost() reason 0
[2018.09.13-07.09.25:049][457]LogSlate: FSceneViewport::OnFocusLost() reason 2
[2018.09.13-07.09.32:212][846]SourceControl: fatal: C:/Program Files/Epic Games/UE_4.20/Engine/Content: 'C:/Program Files/Epic Games/UE_4.20/Engine/Content' is outside repository
[2018.09.13-07.10.11:341][846]LogSlate: Took 0.004272 seconds to synchronously load lazily loaded font '../../../Engine/Content/Slate/Fonts/DroidSansFallback.ttf' (3848K)
[2018.09.13-07.10.27:720][846]LogSlate: Window 'Submit Files' being destroyed
[2018.09.13-07.10.29:933][846]LogSourceControl: commit successful: [master 0a623e9] 체크포인트 설정
[2018.09.13-07.10.30:273][846]SourceControl: [master 0a623e9] 체크포인트 설정
[2018.09.13-07.10.30:273][846]SourceControl:  2 files changed, 0 insertions(+), 0 deletions(-)
[2018.09.13-07.10.30:273][846]SourceControl:  create mode 100644 TimeAttack/Content/rollypop/BP_Checkpoints.uasset
[2018.09.13-07.10.30:288][846]SourceControl: Commited [master 0a623e9] 체크포인트 설정.
[2018.09.13-07.10.48:468][686]LogSlate: Window 'Open Level' being destroyed
[2018.09.13-07.23.26:636][701]LogSlate: Window 'New Level' being destroyed
[2018.09.13-07.24.36:646][655]LogGameProjectGeneration: Verbose: 'C:/Program Files/Epic Games/UE_4.20/Templates/TP_VehicleBP/Media/TP_VehicleBP.png': Skipping as it is in an ignored folder 'Media'
[2018.09.13-07.24.36:646][655]LogGameProjectGeneration: Verbose: 'C:/Program Files/Epic Games/UE_4.20/Templates/TP_VehicleBP/Media/TP_VehicleBP_Preview.png': Skipping as it is in an ignored folder 'Media'
[2018.09.13-07.24.37:169][655]LogSlate: Window 'New Project' being destroyed
[2018.09.13-07.24.37:179][656]Cmd: CLOSE_SLATE_MAINFRAME
[2018.09.13-07.24.37:314][656]LogSlate: Window 'TimeAttack - Unreal Editor' being destroyed
[2018.09.13-07.24.37:871][657]Cmd: QUIT_EDITOR
[2018.09.13-07.24.38:754][657]LogWindowsTextInputMethodSystem: Display: IME system now activated using TSF (Microsoft 입력기).
[2018.09.13-07.24.38:817][657]LogExit: Preparing to exit.
[2018.09.13-07.24.39:449][657]LogExit: Editor shut down
[2018.09.13-07.24.39:450][657]LogExit: Transaction tracking system shut down
[2018.09.13-07.24.39:774][657]LogExit: Object subsystem successfully closed.
[2018.09.13-07.24.39:792][657]LogShaderCompilers: Display: Shaders left to compile 0
[2018.09.13-07.24.39:798][657]LogD3D11RHI: Shutdown
[2018.09.13-07.24.39:798][657]LogD3D11RHI: CleanupD3DDevice
[2018.09.13-07.24.39:947][657]LogD3D11RHI: ~FD3D11DynamicRHI
[2018.09.13-07.24.40:007][657]LogModuleManager: Shutting down and abandoning module NewLevelDialog (614)
[2018.09.13-07.24.40:007][657]LogModuleManager: Shutting down and abandoning module HierarchicalLODOutliner (612)
[2018.09.13-07.24.40:007][657]LogModuleManager: Shutting down and abandoning module SceneOutliner (610)
[2018.09.13-07.24.40:007][657]LogModuleManager: Shutting down and abandoning module AddContentDialog (608)
[2018.09.13-07.24.40:007][657]LogModuleManager: Shutting down and abandoning module WidgetCarousel (607)
[2018.09.13-07.24.40:007][657]LogModuleManager: Shutting down and abandoning module EditorWidgets (604)
[2018.09.13-07.24.40:007][657]LogModuleManager: Shutting down and abandoning module CollectionManager (602)
[2018.09.13-07.24.40:008][657]LogModuleManager: Shutting down and abandoning module StatsViewer (600)
[2018.09.13-07.24.40:008][657]LogModuleManager: Shutting down and abandoning module FoliageEdit (598)
[2018.09.13-07.24.40:008][657]LogModuleManager: Shutting down and abandoning module LandscapeEditor (596)
[2018.09.13-07.24.40:008][657]LogModuleManager: Shutting down and abandoning module MeshPaintMode (594)
[2018.09.13-07.24.40:008][657]LogModuleManager: Shutting down and abandoning module SceneDepthPickerMode (592)
[2018.09.13-07.24.40:008][657]LogModuleManager: Shutting down and abandoning module ActorPickerMode (590)
[2018.09.13-07.24.40:008][657]LogModuleManager: Shutting down and abandoning module GeometryMode (588)
[2018.09.13-07.24.40:008][657]LogModuleManager: Shutting down and abandoning module TextureAlignMode (586)
[2018.09.13-07.24.40:008][657]LogModuleManager: Shutting down and abandoning module BspMode (584)
[2018.09.13-07.24.40:008][657]LogModuleManager: Shutting down and abandoning module PIEPreviewDeviceProfileSelector (582)
[2018.09.13-07.24.40:008][657]LogModuleManager: Shutting down and abandoning module SequenceRecorderSections (580)
[2018.09.13-07.24.40:008][657]LogModuleManager: Shutting down and abandoning module AutomationWorker (578)
[2018.09.13-07.24.40:008][657]LogModuleManager: Shutting down and abandoning module AudioCaptureEditor (576)
[2018.09.13-07.24.40:008][657]LogModuleManager: Shutting down and abandoning module SequenceRecorder (575)
[2018.09.13-07.24.40:008][657]LogModuleManager: Shutting down and abandoning module MatineeToLevelSequence (572)
[2018.09.13-07.24.40:008][657]LogModuleManager: Shutting down and abandoning module LevelSequenceEditor (570)
[2018.09.13-07.24.40:009][657]LogModuleManager: Shutting down and abandoning module PlacementMode (569)
[2018.09.13-07.24.40:009][657]LogModuleManager: Shutting down and abandoning module MaterialEditor (568)
[2018.09.13-07.24.40:009][657]LogModuleManager: Shutting down and abandoning module WmfMediaFactory (564)
[2018.09.13-07.24.40:009][657]LogModuleManager: Shutting down and abandoning module WmfMediaEditor (562)
[2018.09.13-07.24.40:009][657]LogModuleManager: Shutting down and abandoning module MediaPlayerEditor (560)
[2018.09.13-07.24.40:009][657]LogModuleManager: Shutting down and abandoning module OpenExrWrapper (558)
[2018.09.13-07.24.40:009][657]LogModuleManager: Shutting down and abandoning module ImgMediaFactory (556)
[2018.09.13-07.24.40:009][657]LogModuleManager: Shutting down and abandoning module ImgMediaEditor (554)
[2018.09.13-07.24.40:009][657]LogModuleManager: Shutting down and abandoning module AvfMediaFactory (552)
[2018.09.13-07.24.40:009][657]LogModuleManager: Shutting down and abandoning module AvfMediaEditor (550)
[2018.09.13-07.24.40:009][657]LogModuleManager: Shutting down and abandoning module AndroidMediaFactory (548)
[2018.09.13-07.24.40:009][657]LogModuleManager: Shutting down and abandoning module AndroidMediaEditor (546)
[2018.09.13-07.24.40:009][657]LogModuleManager: Shutting down and abandoning module MagicLeapCameraPreviewFactory (544)
[2018.09.13-07.24.40:009][657]LogModuleManager: Shutting down and abandoning module MagicLeapMediaFactory (542)
[2018.09.13-07.24.40:009][657]LogModuleManager: Shutting down and abandoning module MagicLeapMediaEditor (540)
[2018.09.13-07.24.40:009][657]LogModuleManager: Shutting down and abandoning module CharacterAI (538)
[2018.09.13-07.24.40:009][657]LogModuleManager: Shutting down and abandoning module SmartSnapping (536)
[2018.09.13-07.24.40:009][657]LogModuleManager: Shutting down and abandoning module SessionServices (534)
[2018.09.13-07.24.40:009][657]LogModuleManager: Shutting down and abandoning module ViewportSnapping (532)
[2018.09.13-07.24.40:009][657]LogModuleManager: Shutting down and abandoning module ViewportInteraction (530)
[2018.09.13-07.24.40:009][657]LogModuleManager: Shutting down and abandoning module ClothPainter (528)
[2018.09.13-07.24.40:009][657]LogModuleManager: Shutting down and abandoning module SkeletalMeshEditor (527)
[2018.09.13-07.24.40:009][657]LogModuleManager: Shutting down and abandoning module LogVisualizer (524)
[2018.09.13-07.24.40:009][657]LogModuleManager: Shutting down and abandoning module IntroTutorials (522)
[2018.09.13-07.24.40:010][657]LogModuleManager: Shutting down and abandoning module GameProjectGeneration (521)
[2018.09.13-07.24.40:010][657]LogModuleManager: Shutting down and abandoning module LuminPlatformEditor (518)
[2018.09.13-07.24.40:010][657]LogModuleManager: Shutting down and abandoning module IOSPlatformEditor (516)
[2018.09.13-07.24.40:010][657]LogModuleManager: Shutting down and abandoning module HTML5PlatformEditor (514)
[2018.09.13-07.24.40:010][657]LogModuleManager: Shutting down and abandoning module AndroidPlatformEditor (512)
[2018.09.13-07.24.40:010][657]LogModuleManager: Shutting down and abandoning module AndroidDeviceDetection (511)
[2018.09.13-07.24.40:880][657]LogModuleManager: Shutting down and abandoning module WindowsPlatformEditor (508)
[2018.09.13-07.24.40:880][657]LogModuleManager: Shutting down and abandoning module LuminRuntimeSettings (506)
[2018.09.13-07.24.40:880][657]LogModuleManager: Shutting down and abandoning module IOSRuntimeSettings (504)
[2018.09.13-07.24.40:880][657]LogModuleManager: Shutting down and abandoning module AndroidRuntimeSettings (502)
[2018.09.13-07.24.40:880][657]LogModuleManager: Shutting down and abandoning module InputBindingEditor (500)
[2018.09.13-07.24.40:880][657]LogModuleManager: Shutting down and abandoning module MergeActors (498)
[2018.09.13-07.24.40:881][657]LogModuleManager: Shutting down and abandoning module LocalizationDashboard (496)
[2018.09.13-07.24.40:881][657]LogModuleManager: Shutting down and abandoning module LocalizationService (495)
[2018.09.13-07.24.40:881][657]LogModuleManager: Shutting down and abandoning module HardwareTargeting (492)
[2018.09.13-07.24.40:881][657]LogModuleManager: Shutting down and abandoning module DeviceProfileEditor (490)
[2018.09.13-07.24.40:881][657]LogModuleManager: Shutting down and abandoning module UndoHistory (488)
[2018.09.13-07.24.40:881][657]LogModuleManager: Shutting down and abandoning module XmlParser (486)
[2018.09.13-07.24.40:881][657]LogModuleManager: Shutting down and abandoning module Blutility (484)
[2018.09.13-07.24.40:881][657]LogModuleManager: Shutting down and abandoning module ProjectSettingsViewer (482)
[2018.09.13-07.24.40:881][657]LogModuleManager: Shutting down and abandoning module ProjectTargetPlatformEditor (481)
[2018.09.13-07.24.40:881][657]LogModuleManager: Shutting down and abandoning module EditorSettingsViewer (478)
[2018.09.13-07.24.40:881][657]LogModuleManager: Shutting down and abandoning module SettingsEditor (476)
[2018.09.13-07.24.40:881][657]LogModuleManager: Shutting down and abandoning module ProjectLauncher (474)
[2018.09.13-07.24.40:881][657]LogModuleManager: Shutting down and abandoning module SessionFrontend (472)
[2018.09.13-07.24.40:881][657]LogModuleManager: Shutting down and abandoning module ProfilerClient (470)
[2018.09.13-07.24.40:881][657]LogModuleManager: Shutting down and abandoning module DeviceManager (468)
[2018.09.13-07.24.40:881][657]LogModuleManager: Shutting down and abandoning module TargetDeviceServices (467)
[2018.09.13-07.24.40:938][657]LogModuleManager: Shutting down and abandoning module AutomationController (464)
[2018.09.13-07.24.40:938][657]LogModuleManager: Shutting down and abandoning module AutomationWindow (462)
[2018.09.13-07.24.40:938][657]LogModuleManager: Shutting down and abandoning module Layers (460)
[2018.09.13-07.24.40:938][657]LogModuleManager: Shutting down and abandoning module ComponentVisualizers (458)
[2018.09.13-07.24.40:938][657]LogModuleManager: Shutting down and abandoning module DetailCustomizations (456)
[2018.09.13-07.24.40:938][657]LogModuleManager: Shutting down and abandoning module PackagesDialog (454)
[2018.09.13-07.24.40:939][657]LogModuleManager: Shutting down and abandoning module Persona (452)
[2018.09.13-07.24.40:939][657]LogModuleManager: Shutting down and abandoning module AdvancedPreviewScene (451)
[2018.09.13-07.24.40:939][657]LogModuleManager: Shutting down and abandoning module AnimGraph (449)
[2018.09.13-07.24.40:939][657]LogModuleManager: Shutting down and abandoning module Kismet (446)
[2018.09.13-07.24.40:939][657]LogModuleManager: Shutting down and abandoning module GraphEditor (444)
[2018.09.13-07.24.40:939][657]LogModuleManager: Shutting down and abandoning module ClassViewer (442)
[2018.09.13-07.24.40:939][657]LogModuleManager: Shutting down and abandoning module Toolbox (440)
[2018.09.13-07.24.40:940][657]LogModuleManager: Shutting down and abandoning module ModuleUI (438)
[2018.09.13-07.24.40:940][657]LogModuleManager: Shutting down and abandoning module MovieSceneTools (436)
[2018.09.13-07.24.40:940][657]LogModuleManager: Shutting down and abandoning module OutputLog (434)
[2018.09.13-07.24.40:940][657]LogModuleManager: Shutting down and abandoning module GammaUI (432)
[2018.09.13-07.24.40:940][657]LogModuleManager: Shutting down and abandoning module Documentation (430)
[2018.09.13-07.24.40:940][657]LogModuleManager: Shutting down and abandoning module MovieSceneTracks (428)
[2018.09.13-07.24.40:940][657]LogModuleManager: Shutting down and abandoning module MovieScene (426)
[2018.09.13-07.24.40:940][657]LogModuleManager: Shutting down and abandoning module StreamingPauseRendering (424)
[2018.09.13-07.24.40:940][657]LogModuleManager: Shutting down and abandoning module LauncherPlatform (422)
[2018.09.13-07.24.40:940][657]LogModuleManager: Shutting down and abandoning module AnalyticsET (420)
[2018.09.13-07.24.40:940][657]LogModuleManager: Shutting down and abandoning module PortalServices (418)
[2018.09.13-07.24.40:940][657]LogModuleManager: Shutting down and abandoning module PortalRpc (416)
[2018.09.13-07.24.40:940][657]LogModuleManager: Shutting down and abandoning module MessagingRpc (414)
[2018.09.13-07.24.40:940][657]LogModuleManager: Shutting down and abandoning module AIModule (412)
[2018.09.13-07.24.40:940][657]LogModuleManager: Shutting down and abandoning module GameplayDebugger (411)
[2018.09.13-07.24.40:940][657]LogModuleManager: Shutting down and abandoning module AITestSuite (409)
[2018.09.13-07.24.40:940][657]LogModuleManager: Shutting down and abandoning module NavigationSystem (407)
[2018.09.13-07.24.40:940][657]LogModuleManager: Shutting down and abandoning module DesktopPlatform (404)
[2018.09.13-07.24.40:940][657]LogModuleManager: Shutting down and abandoning module ProfilerService (402)
[2018.09.13-07.24.41:045][657]LogModuleManager: Shutting down and abandoning module TaskGraph (400)
[2018.09.13-07.24.41:045][657]LogModuleManager: Shutting down and abandoning module SteamVRController (398)
[2018.09.13-07.24.41:046][657]LogModuleManager: Shutting down and abandoning module ProceduralMeshComponentEditor (396)
[2018.09.13-07.24.41:046][657]LogModuleManager: Shutting down and abandoning module ProceduralMeshComponent (394)
[2018.09.13-07.24.41:046][657]LogModuleManager: Shutting down and abandoning module OculusInput (392)
[2018.09.13-07.24.41:046][657]LogModuleManager: Shutting down and abandoning module MobilePatchingUtils (390)
[2018.09.13-07.24.41:046][657]LogModuleManager: Shutting down and abandoning module EditableMesh (388)
[2018.09.13-07.24.41:046][657]LogModuleManager: Shutting down and abandoning module CustomMeshComponent (386)
[2018.09.13-07.24.41:046][657]LogModuleManager: Shutting down and abandoning module CableComponent (384)
[2018.09.13-07.24.41:046][657]LogModuleManager: Shutting down and abandoning module AudioCapture (382)
[2018.09.13-07.24.41:046][657]LogModuleManager: Shutting down and abandoning module ArchVisCharacter (380)
[2018.09.13-07.24.41:046][657]LogModuleManager: Shutting down and abandoning module AndroidPermission (378)
[2018.09.13-07.24.41:046][657]LogModuleManager: Shutting down and abandoning module NUTUnrealEngine4 (376)
[2018.09.13-07.24.41:046][657]LogModuleManager: Shutting down and abandoning module NetcodeUnitTest (374)
[2018.09.13-07.24.41:046][657]LogModuleManager: Shutting down and abandoning module MediaCompositingEditor (372)
[2018.09.13-07.24.41:046][657]LogModuleManager: Shutting down and abandoning module MediaCompositing (370)
[2018.09.13-07.24.41:046][657]LogModuleManager: Shutting down and abandoning module LinearTimecode (368)
[2018.09.13-07.24.41:046][657]LogModuleManager: Shutting down and abandoning module ImgMedia (366)
[2018.09.13-07.24.41:051][657]LogModuleManager: Shutting down and abandoning module RawInput (364)
[2018.09.13-07.24.41:052][657]LogModuleManager: Shutting down and abandoning module HTML5Networking (362)
[2018.09.13-07.24.41:052][657]LogModuleManager: Shutting down and abandoning module GeometryCacheTracks (360)
[2018.09.13-07.24.41:052][657]LogModuleManager: Shutting down and abandoning module GeometryCacheSequencer (358)
[2018.09.13-07.24.41:052][657]LogModuleManager: Shutting down and abandoning module BackChannel (356)
[2018.09.13-07.24.41:052][657]LogModuleManager: Shutting down and abandoning module AppleVision (354)
[2018.09.13-07.24.41:052][657]LogModuleManager: Shutting down and abandoning module AppleImageUtils (352)
[2018.09.13-07.24.41:052][657]LogModuleManager: Shutting down and abandoning module AlembicImporter (350)
[2018.09.13-07.24.41:052][657]LogModuleManager: Shutting down and abandoning module AlembicLibrary (349)
[2018.09.13-07.24.41:052][657]LogModuleManager: Shutting down and abandoning module GeometryCache (348)
[2018.09.13-07.24.41:052][657]LogModuleManager: Shutting down and abandoning module GeometryCacheEd (347)
[2018.09.13-07.24.41:052][657]LogModuleManager: Shutting down and abandoning module DatasmithContentEditor (342)
[2018.09.13-07.24.41:052][657]LogModuleManager: Shutting down and abandoning module DatasmithContent (340)
[2018.09.13-07.24.41:053][657]LogModuleManager: Shutting down and abandoning module SpeedTreeImporter (338)
[2018.09.13-07.24.41:053][657]LogModuleManager: Shutting down and abandoning module PluginBrowser (336)
[2018.09.13-07.24.41:053][657]LogModuleManager: Shutting down and abandoning module MobileLauncherProfileWizard (334)
[2018.09.13-07.24.41:053][657]LogModuleManager: Shutting down and abandoning module PolygonModeling (332)
[2018.09.13-07.24.41:053][657]LogModuleManager: Shutting down and abandoning module MeshEditor (330)
[2018.09.13-07.24.41:053][657]LogModuleManager: Shutting down and abandoning module CryptoKeysOpenSSL (328)
[2018.09.13-07.24.41:053][657]LogModuleManager: Shutting down and abandoning module CryptoKeys (326)
[2018.09.13-07.24.41:053][657]LogModuleManager: Shutting down and abandoning module VisualStudioSourceCodeAccess (324)
[2018.09.13-07.24.41:053][657]LogModuleManager: Shutting down and abandoning module VisualStudioCodeSourceCodeAccess (322)
[2018.09.13-07.24.41:054][657]LogModuleManager: Shutting down and abandoning module UObjectPlugin (320)
[2018.09.13-07.24.41:054][657]LogModuleManager: Shutting down and abandoning module SubversionSourceControl (318)
[2018.09.13-07.24.41:054][657]LogModuleManager: Shutting down and abandoning module PerforceSourceControl (316)
[2018.09.13-07.24.41:054][657]LogModuleManager: Shutting down and abandoning module GitSourceControl (314)
[2018.09.13-07.24.41:054][657]LogModuleManager: Shutting down and abandoning module SourceControl (313)
[2018.09.13-07.24.41:054][657]LogModuleManager: Shutting down and abandoning module CLionSourceCodeAccess (310)
[2018.09.13-07.24.41:054][657]LogModuleManager: Shutting down and abandoning module LightPropagationVolumeEditor (308)
[2018.09.13-07.24.41:054][657]LogModuleManager: Shutting down and abandoning module PaperTiledImporter (306)
[2018.09.13-07.24.41:054][657]LogModuleManager: Shutting down and abandoning module PaperSpriteSheetImporter (304)
[2018.09.13-07.24.41:054][657]LogModuleManager: Shutting down and abandoning module Paper2DEditor (302)
[2018.09.13-07.24.41:054][657]LogModuleManager: Shutting down and abandoning module MeshPaint (301)
[2018.09.13-07.24.41:054][657]LogModuleManager: Shutting down and abandoning module RuntimePhysXCooking (298)
[2018.09.13-07.24.41:054][657]LogModuleManager: Shutting down and abandoning module PhysXVehiclesEditor (296)
[2018.09.13-07.24.41:054][657]LogModuleManager: Shutting down and abandoning module PhysXVehicles (294)
[2018.09.13-07.24.41:054][657]LogModuleManager: Shutting down and abandoning module OculusEditor (292)
[2018.09.13-07.24.41:054][657]LogModuleManager: Shutting down and abandoning module LocationServicesBPLibrary (290)
[2018.09.13-07.24.41:054][657]LogModuleManager: Shutting down and abandoning module ImmediatePhysicsEditor (288)
[2018.09.13-07.24.41:054][657]LogModuleManager: Shutting down and abandoning module ImmediatePhysics (286)
[2018.09.13-07.24.41:054][657]LogModuleManager: Shutting down and abandoning module ActorSequence (284)
[2018.09.13-07.24.41:054][657]LogModuleManager: Shutting down and abandoning module UdpMessaging (282)
[2018.09.13-07.24.41:161][657]LogModuleManager: Shutting down and abandoning module TcpMessaging (280)
[2018.09.13-07.24.41:267][657]LogModuleManager: Shutting down and abandoning module MagicLeapAudio (278)
[2018.09.13-07.24.41:267][657]LogModuleManager: Shutting down and abandoning module GameplayTagsEditor (276)
[2018.09.13-07.24.41:267][657]LogModuleManager: Shutting down and abandoning module FacialAnimationEditor (274)
[2018.09.13-07.24.41:267][657]LogModuleManager: Shutting down and abandoning module FacialAnimation (272)
[2018.09.13-07.24.41:267][657]LogModuleManager: Shutting down and abandoning module DataValidation (270)
[2018.09.13-07.24.41:267][657]LogModuleManager: Shutting down and abandoning module AssetManagerEditor (268)
[2018.09.13-07.24.41:268][657]LogModuleManager: Shutting down and abandoning module LevelEditor (267)
[2018.09.13-07.24.41:268][657]LogModuleManager: Shutting down and abandoning module PixelInspectorModule (266)
[2018.09.13-07.24.41:269][657]LogModuleManager: Shutting down and abandoning module CommonMenuExtensions (264)
[2018.09.13-07.24.41:269][657]LogModuleManager: Shutting down and abandoning module MainFrame (262)
[2018.09.13-07.24.41:269][657]LogModuleManager: Shutting down and abandoning module HotReload (261)
[2018.09.13-07.24.41:270][657]LogModuleManager: Shutting down and abandoning module ContentBrowser (257)
[2018.09.13-07.24.41:272][657]LogModuleManager: Shutting down and abandoning module TreeMap (255)
[2018.09.13-07.24.41:272][657]LogModuleManager: Shutting down and abandoning module LightPropagationVolumeRuntime (252)
[2018.09.13-07.24.41:272][657]LogModuleManager: Shutting down and abandoning module AISupportModule (250)
[2018.09.13-07.24.41:272][657]LogModuleManager: Shutting down and abandoning module Paper2D (248)
[2018.09.13-07.24.41:272][657]LogModuleManager: Shutting down and abandoning module WindowsMoviePlayer (246)
[2018.09.13-07.24.41:272][657]LogModuleManager: Shutting down and abandoning module WmfMedia (244)
[2018.09.13-07.24.41:274][657]LogModuleManager: Shutting down and abandoning module Media (243)
[2018.09.13-07.24.41:280][657]LogModuleManager: Shutting down and abandoning module PacketHandler (240)
[2018.09.13-07.24.41:280][657]LogModuleManager: Shutting down and abandoning module ClothingSystemEditor (238)
[2018.09.13-07.24.41:280][657]LogModuleManager: Shutting down and abandoning module ClothingSystemRuntime (236)
[2018.09.13-07.24.41:280][657]LogModuleManager: Shutting down and abandoning module MediaAssets (234)
[2018.09.13-07.24.41:280][657]LogModuleManager: Shutting down and abandoning module Overlay (232)
[2018.09.13-07.24.41:280][657]LogModuleManager: Shutting down and abandoning module OverlayEditor (231)
[2018.09.13-07.24.41:280][657]LogModuleManager: Shutting down and abandoning module VREditor (228)
[2018.09.13-07.24.41:284][657]LogModuleManager: Shutting down and abandoning module StringTableEditor (226)
[2018.09.13-07.24.41:284][657]LogModuleManager: Shutting down and abandoning module GameplayTasksEditor (224)
[2018.09.13-07.24.41:284][657]LogModuleManager: Shutting down and abandoning module BehaviorTreeEditor (222)
[2018.09.13-07.24.41:284][657]LogModuleManager: Shutting down and abandoning module FunctionalTesting (220)
[2018.09.13-07.24.41:285][657]LogModuleManager: Shutting down and abandoning module CollisionAnalyzer (218)
[2018.09.13-07.24.41:285][657]LogModuleManager: Shutting down and abandoning module WorkspaceMenuStructure (217)
[2018.09.13-07.24.41:285][657]LogModuleManager: Shutting down and abandoning module UMG (214)
[2018.09.13-07.24.41:285][657]LogModuleManager: Shutting down and abandoning module UMGEditor (213)
[2018.09.13-07.24.41:285][657]LogModuleManager: Shutting down and abandoning module Sequencer (212)
[2018.09.13-07.24.41:285][657]LogModuleManager: Shutting down and abandoning module MessageLog (209)
[2018.09.13-07.24.41:285][657]LogModuleManager: Shutting down and abandoning module SlateReflector (204)
[2018.09.13-07.24.41:286][657]LogModuleManager: Shutting down and abandoning module Slate (202)
[2018.09.13-07.24.41:286][657]LogModuleManager: Shutting down and abandoning module EditorStyle (200)
[2018.09.13-07.24.41:288][657]LogModuleManager: Shutting down and abandoning module MRMesh (198)
[2018.09.13-07.24.41:288][657]LogModuleManager: Shutting down and abandoning module SourceCodeAccess (196)
[2018.09.13-07.24.41:288][657]LogModuleManager: Shutting down and abandoning module HeadMountedDisplay (194)
[2018.09.13-07.24.41:288][657]LogModuleManager: Shutting down and abandoning module XAudio2 (192)
[2018.09.13-07.24.41:288][657]LogModuleManager: Shutting down and abandoning module Networking (190)
[2018.09.13-07.24.41:288][657]LogModuleManager: Shutting down and abandoning module Core (188)
[2018.09.13-07.24.41:288][657]LogModuleManager: Shutting down and abandoning module LevelSequence (186)
[2018.09.13-07.24.41:288][657]LogModuleManager: Shutting down and abandoning module KismetCompiler (184)
[2018.09.13-07.24.41:288][657]LogModuleManager: Shutting down and abandoning module MeshUtilities (182)
[2018.09.13-07.24.41:288][657]LogModuleManager: Shutting down and abandoning module MeshMergeUtilities (181)
[2018.09.13-07.24.41:288][657]LogModuleManager: Shutting down and abandoning module MeshReductionInterface (180)
[2018.09.13-07.24.41:288][657]LogModuleManager: Shutting down and abandoning module SimplygonSwarm (179)
[2018.09.13-07.24.41:288][657]LogModuleManager: Shutting down and abandoning module ProxyLODMeshReduction (177)
[2018.09.13-07.24.41:288][657]LogModuleManager: Shutting down and abandoning module SimplygonMeshReduction (175)
[2018.09.13-07.24.41:288][657]LogModuleManager: Shutting down and abandoning module QuadricMeshReduction (173)
[2018.09.13-07.24.41:288][657]LogModuleManager: Shutting down and abandoning module MaterialBaking (169)
[2018.09.13-07.24.41:289][657]LogModuleManager: Shutting down and abandoning module DirectoryWatcher (165)
[2018.09.13-07.24.41:292][657]LogModuleManager: Shutting down and abandoning module DerivedDataCache (162)
[2018.09.13-07.24.41:367][657]LogDerivedDataCache: Shutdown
[2018.09.13-07.24.41:368][657]LogModuleManager: Shutting down and abandoning module XGEController (160)
[2018.09.13-07.24.41:368][657]LogModuleManager: Shutting down and abandoning module TargetPlatform (158)
[2018.09.13-07.24.41:368][657]LogModuleManager: Shutting down and abandoning module VulkanShaderFormat (157)
[2018.09.13-07.24.41:368][657]LogModuleManager: Shutting down and abandoning module ShaderFormatVectorVM (155)
[2018.09.13-07.24.41:368][657]LogModuleManager: Shutting down and abandoning module ShaderFormatOpenGL (153)
[2018.09.13-07.24.41:368][657]LogModuleManager: Shutting down and abandoning module ShaderFormatD3D (151)
[2018.09.13-07.24.41:368][657]LogModuleManager: Shutting down and abandoning module MetalShaderFormat (149)
[2018.09.13-07.24.41:368][657]LogModuleManager: Shutting down and abandoning module TextureFormatUncompressed (147)
[2018.09.13-07.24.41:368][657]LogModuleManager: Shutting down and abandoning module TextureFormatPVR (145)
[2018.09.13-07.24.41:368][657]LogModuleManager: Shutting down and abandoning module TextureFormatDXT (143)
[2018.09.13-07.24.41:368][657]LogModuleManager: Shutting down and abandoning module TextureFormatIntelISPCTexComp (141)
[2018.09.13-07.24.41:368][657]LogModuleManager: Shutting down and abandoning module TextureFormatASTC (139)
[2018.09.13-07.24.41:368][657]LogModuleManager: Shutting down and abandoning module ImageWrapper (138)
[2018.09.13-07.24.41:368][657]LogModuleManager: Shutting down and abandoning module TextureFormatAndroid (135)
[2018.09.13-07.24.41:368][657]LogModuleManager: Shutting down and abandoning module AudioFormatOpus (133)
[2018.09.13-07.24.41:368][657]LogModuleManager: Shutting down and abandoning module AudioFormatOgg (131)
[2018.09.13-07.24.41:368][657]LogModuleManager: Shutting down and abandoning module AudioFormatADPCM (129)
[2018.09.13-07.24.41:368][657]LogModuleManager: Shutting down and abandoning module LuminTargetPlatform (127)
[2018.09.13-07.24.41:368][657]LogModuleManager: Shutting down and abandoning module LinuxTargetPlatform (125)
[2018.09.13-07.24.41:368][657]LogModuleManager: Shutting down and abandoning module LinuxServerTargetPlatform (123)
[2018.09.13-07.24.41:368][657]LogModuleManager: Shutting down and abandoning module LinuxNoEditorTargetPlatform (121)
[2018.09.13-07.24.41:368][657]LogModuleManager: Shutting down and abandoning module LinuxClientTargetPlatform (119)
[2018.09.13-07.24.41:368][657]LogModuleManager: Shutting down and abandoning module TVOSTargetPlatform (117)
[2018.09.13-07.24.41:370][657]LogModuleManager: Shutting down and abandoning module Messaging (115)
[2018.09.13-07.24.41:370][657]LogModuleManager: Shutting down and abandoning module IOSTargetPlatform (113)
[2018.09.13-07.24.41:403][657]LogModuleManager: Shutting down and abandoning module HTML5TargetPlatform (111)
[2018.09.13-07.24.41:403][657]LogModuleManager: Shutting down and abandoning module AndroidTargetPlatform (109)
[2018.09.13-07.24.41:421][657]LogModuleManager: Shutting down and abandoning module WindowsTargetPlatform (107)
[2018.09.13-07.24.41:422][657]LogModuleManager: Shutting down and abandoning module WindowsServerTargetPlatform (105)
[2018.09.13-07.24.41:422][657]LogModuleManager: Shutting down and abandoning module WindowsNoEditorTargetPlatform (103)
[2018.09.13-07.24.41:422][657]LogModuleManager: Shutting down and abandoning module WindowsClientTargetPlatform (101)
[2018.09.13-07.24.41:422][657]LogModuleManager: Shutting down and abandoning module MacTargetPlatform (99)
[2018.09.13-07.24.41:422][657]LogModuleManager: Shutting down and abandoning module MacServerTargetPlatform (97)
[2018.09.13-07.24.41:422][657]LogModuleManager: Shutting down and abandoning module MacNoEditorTargetPlatform (95)
[2018.09.13-07.24.41:422][657]LogModuleManager: Shutting down and abandoning module MacClientTargetPlatform (93)
[2018.09.13-07.24.41:422][657]LogModuleManager: Shutting down and abandoning module AllDesktopTargetPlatform (91)
[2018.09.13-07.24.41:422][657]LogModuleManager: Shutting down and abandoning module InputCore (88)
[2018.09.13-07.24.41:422][657]LogModuleManager: Shutting down and abandoning module Settings (86)
[2018.09.13-07.24.41:422][657]LogModuleManager: Shutting down and abandoning module PhysXCooking (84)
[2018.09.13-07.24.41:422][657]LogModuleManager: Shutting down and abandoning module SteamVR (82)
[2018.09.13-07.24.41:422][657]LogModuleManager: Shutting down and abandoning module OculusHMD (80)
[2018.09.13-07.24.41:422][657]LogModuleManager: Shutting down and abandoning module ExampleDeviceProfileSelector (78)
[2018.09.13-07.24.41:422][657]LogModuleManager: Shutting down and abandoning module LauncherChunkInstaller (76)
[2018.09.13-07.24.41:422][657]LogModuleManager: Shutting down and abandoning module OnlineBlueprintSupport (74)
[2018.09.13-07.24.41:422][657]LogModuleManager: Shutting down and abandoning module OnlineSubsystem (70)
[2018.09.13-07.24.41:423][657]LogModuleManager: Shutting down and abandoning module XMPP (65)
[2018.09.13-07.24.41:423][657]LogModuleManager: Shutting down and abandoning module WebSockets (64)
[2018.09.13-07.24.41:453][657]LogModuleManager: Shutting down and abandoning module HTTP (61)
[2018.09.13-07.24.41:453][657]LogHttp: Display: Http module shutting down, but needs to wait on 1 outstanding Http requests:
[2018.09.13-07.24.41:453][657]LogHttp: Display: 	verb=[POST] url=[https://datarouter.ol.epicgames.com/datarouter/api/v1/public/data?SessionID=%7BE12BCB2D-4583-BCD6-EBE7-25BBE815A320%7D&AppID=UEEditor.Rocket.Release&AppVersion=4.20.1-4233996%2B%2B%2BUE4%2BRelease-4.20&UserID=7d49197745e7fe6690b40ca7ef8fec31%7Cfbdeddbd128f424999b9c75e116a6604%7Cd766a589-88af-46f6-9108-231aacbc2827&AppEnvironment=datacollector-binary&UploadType=eteventstream] status=Processing
[2018.09.13-07.24.41:483][657]LogModuleManager: Shutting down and abandoning module SSL (60)
[2018.09.13-07.24.41:485][657]LogModuleManager: Shutting down and abandoning module MagicLeapEmulator (56)
[2018.09.13-07.24.41:485][657]LogModuleManager: Shutting down and abandoning module MagicLeapPrivileges (54)
[2018.09.13-07.24.41:485][657]LogModuleManager: Shutting down and abandoning module MagicLeapIdentity (52)
[2018.09.13-07.24.41:485][657]LogModuleManager: Shutting down and abandoning module MagicLeapHelperVulkan (50)
[2018.09.13-07.24.41:485][657]LogModuleManager: Shutting down and abandoning module MagicLeapHelperOpenGL (48)
[2018.09.13-07.24.41:485][657]LogModuleManager: Shutting down and abandoning module MagicLeapSecureStorage (46)
[2018.09.13-07.24.41:485][657]LogModuleManager: Shutting down and abandoning module MagicLeapGestures (44)
[2018.09.13-07.24.41:485][657]LogModuleManager: Shutting down and abandoning module MagicLeapEyeTracker (42)
[2018.09.13-07.24.41:485][657]LogModuleManager: Shutting down and abandoning module MagicLeapController (40)
[2018.09.13-07.24.41:485][657]LogSlate: Slate User Destroyed.  User Index 0, Is Virtual User: 0
[2018.09.13-07.24.41:485][657]LogModuleManager: Shutting down and abandoning module MagicLeap (38)
[2018.09.13-07.24.41:485][657]LogModuleManager: Shutting down and abandoning module AnimationModifiers (36)
[2018.09.13-07.24.41:485][657]LogModuleManager: Shutting down and abandoning module PropertyEditor (35)
[2018.09.13-07.24.41:485][657]LogModuleManager: Shutting down and abandoning module AudioEditor (32)
[2018.09.13-07.24.41:485][657]LogModuleManager: Shutting down and abandoning module TextureCompressor (30)
[2018.09.13-07.24.41:486][657]LogModuleManager: Shutting down and abandoning module ShaderCore (28)
[2018.09.13-07.24.41:486][657]LogModuleManager: Shutting down and abandoning module Landscape (26)
[2018.09.13-07.24.41:486][657]LogModuleManager: Shutting down and abandoning module SlateRHIRenderer (24)
[2018.09.13-07.24.41:486][657]LogModuleManager: Shutting down and abandoning module OpenGLDrv (22)
[2018.09.13-07.24.41:486][657]LogModuleManager: Shutting down and abandoning module D3D11RHI (20)
[2018.09.13-07.24.41:486][657]LogModuleManager: Shutting down and abandoning module AnimGraphRuntime (18)
[2018.09.13-07.24.41:486][657]LogModuleManager: Shutting down and abandoning module Renderer (16)
[2018.09.13-07.24.41:486][657]LogModuleManager: Shutting down and abandoning module Engine (14)
[2018.09.13-07.24.41:486][657]LogModuleManager: Shutting down and abandoning module CoreUObject (12)
[2018.09.13-07.24.41:486][657]LogModuleManager: Shutting down and abandoning module NetworkFile (10)
[2018.09.13-07.24.41:486][657]LogModuleManager: Shutting down and abandoning module CookedIterativeFile (8)
[2018.09.13-07.24.41:486][657]LogModuleManager: Shutting down and abandoning module StreamingFile (6)
[2018.09.13-07.24.41:486][657]LogModuleManager: Shutting down and abandoning module SandboxFile (4)
[2018.09.13-07.24.41:486][657]LogModuleManager: Shutting down and abandoning module PakFile (2)
[2018.09.13-07.24.41:492][657]LogExit: Exiting.
[2018.09.13-07.24.41:502][657]Log file closed, 09/13/18 16:24:41
>>>>>>> Stashed changes
