Log file open, 09/13/18 16:09:01
LogWindows: Failed to load 'aqProf.dll' (GetLastError=126)
LogWindows: File 'aqProf.dll' does not exist
LogWindows: Failed to load 'VSPerf140.dll' (GetLastError=126)
LogWindows: File 'VSPerf140.dll' does not exist
LogWindows: Failed to load 'VtuneApi.dll' (GetLastError=126)
LogWindows: File 'VtuneApi.dll' does not exist
LogWindows: Failed to load 'VtuneApi32e.dll' (GetLastError=126)
LogWindows: File 'VtuneApi32e.dll' does not exist
LogInit: Display: Running engine for game: TimeAttack
LogPlatformFile: Not using cached read wrapper
LogTaskGraph: Started task graph with 5 named threads and 11 total threads with 3 sets of task threads.
LogStats: Stats thread started at 0.190988
LogD3D11RHI: Loaded GFSDK_Aftermath_Lib.x64.dll
LogICUInternationalization: Display: ICU TimeZone Detection - Raw Offset: +9:00, Platform Override: ''
LogPluginManager: Mounting plugin Paper2D
LogPluginManager: Mounting plugin AISupport
LogPluginManager: Mounting plugin LightPropagationVolume
LogPluginManager: Mounting plugin CLionSourceCodeAccess
LogPluginManager: Mounting plugin CodeLiteSourceCodeAccess
LogPluginManager: Mounting plugin GitSourceControl
LogPluginManager: Mounting plugin KDevelopSourceCodeAccess
LogPluginManager: Mounting plugin NullSourceCodeAccess
LogPluginManager: Mounting plugin PerforceSourceControl
LogPluginManager: Mounting plugin SubversionSourceControl
LogPluginManager: Mounting plugin UObjectPlugin
LogPluginManager: Mounting plugin VisualStudioCodeSourceCodeAccess
LogPluginManager: Mounting plugin VisualStudioSourceCodeAccess
LogPluginManager: Mounting plugin XCodeSourceCodeAccess
LogPluginManager: Mounting plugin AssetManagerEditor
LogPluginManager: Mounting plugin CryptoKeys
LogPluginManager: Mounting plugin DataValidation
LogPluginManager: Mounting plugin FacialAnimation
LogPluginManager: Mounting plugin GameplayTagsEditor
LogPluginManager: Mounting plugin MacGraphicsSwitching
LogPluginManager: Mounting plugin MeshEditor
LogPluginManager: Mounting plugin MobileLauncherProfileWizard
LogPluginManager: Mounting plugin PluginBrowser
LogPluginManager: Mounting plugin SpeedTreeImporter
LogPluginManager: Mounting plugin DatasmithContent
LogPluginManager: Mounting plugin AlembicImporter
LogPluginManager: Mounting plugin AppleImageUtils
LogPluginManager: Mounting plugin AppleVision
LogPluginManager: Mounting plugin BackChannel
LogPluginManager: Mounting plugin CharacterAI
LogPluginManager: Mounting plugin GeometryCache
LogPluginManager: Mounting plugin HTML5Networking
LogPluginManager: Mounting plugin ProxyLODPlugin
LogPluginManager: Mounting plugin RawInput
LogPluginManager: Mounting plugin MagicLeap
LogPluginManager: Mounting plugin MagicLeapEmulator
LogPluginManager: Mounting plugin MagicLeapMedia
LogPluginManager: Mounting plugin AndroidMedia
LogPluginManager: Mounting plugin AvfMedia
LogPluginManager: Mounting plugin ImgMedia
LogPluginManager: Mounting plugin LinearTimecode
LogPluginManager: Mounting plugin MediaCompositing
LogPluginManager: Mounting plugin MediaPlayerEditor
LogPluginManager: Mounting plugin WmfMedia
LogPluginManager: Mounting plugin TcpMessaging
LogPluginManager: Mounting plugin UdpMessaging
LogPluginManager: Mounting plugin ActorSequence
LogPluginManager: Mounting plugin LevelSequenceEditor
LogPluginManager: Mounting plugin MatineeToLevelSequence
LogPluginManager: Mounting plugin NetcodeUnitTest
LogPluginManager: Mounting plugin NUTUnrealEngine4
LogPluginManager: Mounting plugin OnlineSubsystemGooglePlay
LogPluginManager: Mounting plugin OnlineSubsystemIOS
LogPluginManager: Mounting plugin OnlineSubsystem
LogPluginManager: Mounting plugin OnlineSubsystemNull
LogPluginManager: Mounting plugin OnlineSubsystemUtils
LogPluginManager: Mounting plugin LauncherChunkInstaller
LogPluginManager: Mounting plugin AndroidDeviceProfileSelector
LogPluginManager: Mounting plugin AndroidMoviePlayer
LogPluginManager: Mounting plugin AndroidPermission
LogPluginManager: Mounting plugin AppleMoviePlayer
LogPluginManager: Mounting plugin ArchVisCharacter
LogPluginManager: Mounting plugin AudioCapture
LogPluginManager: Mounting plugin CableComponent
LogPluginManager: Mounting plugin CustomMeshComponent
LogPluginManager: Mounting plugin EditableMesh
LogPluginManager: Mounting plugin ExampleDeviceProfileSelector
LogPluginManager: Mounting plugin GoogleCloudMessaging
LogPluginManager: Mounting plugin ImmediatePhysics
LogPluginManager: Mounting plugin IOSDeviceProfileSelector
LogPluginManager: Mounting plugin LinuxDeviceProfileSelector
LogPluginManager: Mounting plugin LocationServicesBPLibrary
LogPluginManager: Mounting plugin MobilePatchingUtils
LogPluginManager: Mounting plugin OculusVR
LogPluginManager: Plugin shader directory ../../../Engine/Plugins/Runtime/Oculus/OculusVR/Shaders found
LogPluginManager: Mapping shader source directory ../../../Engine/Plugins/Runtime/Oculus/OculusVR/Shaders to virtual directory /Plugin/OculusVR
LogPluginManager: Mounting plugin PhysXVehicles
LogPluginManager: Mounting plugin ProceduralMeshComponent
LogPluginManager: Mounting plugin RuntimePhysXCooking
LogPluginManager: Mounting plugin SteamVR
LogPluginManager: Mounting plugin WindowsMoviePlayer
LogStreaming: Display: Took  0.298s to configure plugins.
LogInit: Using libcurl 7.55.1-DEV
LogInit:  - built for x86_64-pc-win32
LogInit:  - supports SSL with OpenSSL/1.0.2h
LogInit:  - supports HTTP deflate (compression) using libz 1.2.8
LogInit:  - other features:
LogInit:      CURL_VERSION_SSL
LogInit:      CURL_VERSION_LIBZ
LogInit:      CURL_VERSION_IPV6
LogInit:      CURL_VERSION_ASYNCHDNS
LogInit:      CURL_VERSION_LARGEFILE
LogInit:      CURL_VERSION_IDN
LogInit:  CurlRequestOptions (configurable via config and command line):
LogInit:  - bVerifyPeer = false  - Libcurl will NOT verify peer certificate
LogInit:  - bUseHttpProxy = false  - Libcurl will NOT use HTTP proxy
LogInit:  - bDontReuseConnections = false  - Libcurl will reuse connections
LogInit:  - CertBundlePath = nullptr  - Libcurl will use whatever was configured at build time.
LogInit:  - MaxHostConnections = 16  - Libcurl will limit the number of connections to a host
LogInit:  - LocalHostAddr = Default
LogInit:  - BufferSize = 65536
LogInit: WinSock: version 1.1 (2.2), MaxSocks=32767, MaxUdp=65467
LogInit: Build: ++UE4+Release-4.20-CL-4233996
LogInit: Engine Version: 4.20.1-4233996+++UE4+Release-4.20
LogInit: Compatible Engine Version: 4.20.0-4212847+++UE4+Release-4.20
LogInit: Net CL: 4212847
LogInit: OS: Windows 10 (), CPU: Intel(R) Core(TM) i5-6267U CPU @ 2.90GHz, GPU: Intel(R) Iris(R) Graphics 550
LogInit: Compiled (64-bit): Jul 26 2018 10:07:30
LogInit: Compiled with Visual C++: 19.13.26129.00
LogInit: Build Configuration: Development
LogInit: Branch Name: ++UE4+Release-4.20
LogInit: Command Line: 
LogInit: Base Directory: C:/Program Files/Epic Games/UE_4.20/Engine/Binaries/Win64/
LogInit: Installed Engine Build: 1
LogDevObjectVersion: Number of dev versions registered: 20
LogDevObjectVersion:   Dev-Blueprints (B0D832E4-1F89-4F0D-ACCF-7EB736FD4AA2): 10
LogDevObjectVersion:   Dev-Build (E1C64328-A22C-4D53-A36C-8E866417BD8C): 0
LogDevObjectVersion:   Dev-Core (375EC13C-06E4-48FB-B500-84F0262A717E): 2
LogDevObjectVersion:   Dev-Editor (E4B068ED-F494-42E9-A231-DA0B2E46BB41): 24
LogDevObjectVersion:   Dev-Framework (CFFC743F-43B0-4480-9391-14DF171D2073): 34
LogDevObjectVersion:   Dev-Mobile (B02B49B5-BB20-44E9-A304-32B752E40360): 2
LogDevObjectVersion:   Dev-Networking (A4E4105C-59A1-49B5-A7C5-40C4547EDFEE): 0
LogDevObjectVersion:   Dev-Online (39C831C9-5AE6-47DC-9A44-9C173E1C8E7C): 0
LogDevObjectVersion:   Dev-Physics (78F01B33-EBEA-4F98-B9B4-84EACCB95AA2): 0
LogDevObjectVersion:   Dev-Platform (6631380F-2D4D-43E0-8009-CF276956A95A): 0
LogDevObjectVersion:   Dev-Rendering (12F88B9F-8875-4AFC-A67C-D90C383ABD29): 26
LogDevObjectVersion:   Dev-Sequencer (7B5AE74C-D270-4C10-A958-57980B212A5A): 9
LogDevObjectVersion:   Dev-VR (D7296918-1DD6-4BDD-9DE2-64A83CC13884): 2
LogDevObjectVersion:   Dev-LoadTimes (C2A15278-BFE7-4AFE-6C17-90FF531DF755): 1
LogDevObjectVersion:   Private-Geometry (6EACA3D4-40EC-4CC1-B786-8BED09428FC5): 3
LogDevObjectVersion:   Dev-AnimPhys (29E575DD-E0A3-4627-9D10-D276232CDCEA): 17
LogDevObjectVersion:   Dev-ReflectionCapture (6B266CEC-1EC7-4B8F-A30B-E4D90942FC07): 1
LogDevObjectVersion:   Dev-Automation (0DF73D61-A23F-47EA-B727-89E90C41499A): 1
LogDevObjectVersion:   FortniteMain (601D1886-AC64-4F84-AA16-D3DE0DEAC7D6): 12
LogDevObjectVersion:   Dev-Enterprise (9DFFBCD6-494F-0158-E221-12823C92A888): 1
LogStreaming: Display: Took  0.003s to delete old logs.
LogInit: Presizing for max 8388607 objects, including 0 objects not considered by GC, pre-allocating 0 bytes for permanent pool.
LogInit: Object subsystem initialized
[2018.09.13-07.09.01:595][  0]LogInit: Selected Device Profile: [Windows]
[2018.09.13-07.09.01:595][  0]LogInit: Applying CVar settings loaded from the selected device profile: [Windows]
[2018.09.13-07.09.01:614][  0]LogHAL: Display: Platform has ~ 16 GB [17037910016 / 17179869184 / 16], which maps to Larger [LargestMinGB=32, LargerMinGB=12, DefaultMinGB=8, SmallerMinGB=6, SmallestMinGB=0)
[2018.09.13-07.09.01:614][  0]LogInit: Setting Device Profile CVar: [[r.Vulkan.UseRealUBs:1]]
[2018.09.13-07.09.01:614][  0]LogInit: Going up to parent DeviceProfile []
[2018.09.13-07.09.01:615][  0]LogInit: Computer: DESKTOP-8OV5PVS
[2018.09.13-07.09.01:615][  0]LogInit: User: kara1978
[2018.09.13-07.09.01:615][  0]LogInit: CPU Page size=4096, Cores=2
[2018.09.13-07.09.01:615][  0]LogInit: High frequency timer resolution =2.835942 MHz
[2018.09.13-07.09.01:615][  0]LogMemory: Memory total: Physical=15.9GB (16GB approx)
[2018.09.13-07.09.01:615][  0]LogMemory: Platform Memory Stats for Windows
[2018.09.13-07.09.01:615][  0]LogMemory: Process Physical Memory: 101.44 MB used, 101.44 MB peak
[2018.09.13-07.09.01:615][  0]LogMemory: Process Virtual Memory: 84.11 MB used, 84.11 MB peak
[2018.09.13-07.09.01:615][  0]LogMemory: Physical Memory: 7810.83 MB used,  8437.79 MB free, 16248.62 MB total
[2018.09.13-07.09.01:615][  0]LogMemory: Virtual Memory: 4621.21 MB used,  8437.79 MB free, 134217728.00 MB total
[2018.09.13-07.09.01:661][  0]LogInit: Overriding language with editor language configuration option (en).
[2018.09.13-07.09.01:661][  0]LogInit: Overriding locale with editor locale configuration option (en).
[2018.09.13-07.09.02:139][  0]LogStreaming: Display: Took  0.479s to InitEngineTextLocalization.
[2018.09.13-07.09.02:140][  0]LogInit: Setting process to per monitor DPI aware
[2018.09.13-07.09.02:216][  0]LogSlate: New Slate User Created.  User Index 0, Is Virtual User: 0
[2018.09.13-07.09.02:216][  0]LogSlate: Slate User Registered.  User Index 0, Is Virtual User: 0
[2018.09.13-07.09.02:852][  0]LogHMD: Failed to initialize OpenVR with code 110
[2018.09.13-07.09.02:852][  0]LogD3D11RHI: D3D11 adapters:
[2018.09.13-07.09.02:935][  0]LogD3D11RHI:    0. 'Intel(R) Iris(R) Graphics 550' (Feature Level 11_0)
[2018.09.13-07.09.02:935][  0]LogD3D11RHI:       128/0/8124 MB DedicatedVideo/DedicatedSystem/SharedSystem, Outputs:2, VendorId:0x8086
[2018.09.13-07.09.02:939][  0]LogD3D11RHI:    1. 'Microsoft Basic Render Driver' (Feature Level 11_0)
[2018.09.13-07.09.02:939][  0]LogD3D11RHI:       0/0/8124 MB DedicatedVideo/DedicatedSystem/SharedSystem, Outputs:0, VendorId:0x1414
[2018.09.13-07.09.02:939][  0]LogD3D11RHI: Chosen D3D11 Adapter: 0
[2018.09.13-07.09.02:956][  0]LogD3D11RHI: Creating new Direct3DDevice
[2018.09.13-07.09.02:956][  0]LogD3D11RHI:     GPU DeviceId: 0x1927 (for the marketing name, search the web for "GPU Device Id")
[2018.09.13-07.09.02:956][  0]LogWindows: EnumDisplayDevices:
[2018.09.13-07.09.02:957][  0]LogWindows:    0. 'Intel(R) Iris(R) Graphics 550' (P:1 D:1)
[2018.09.13-07.09.02:958][  0]LogWindows:    1. 'Intel(R) Iris(R) Graphics 550' (P:0 D:1)
[2018.09.13-07.09.02:959][  0]LogWindows:    2. 'Intel(R) Iris(R) Graphics 550' (P:0 D:0)
[2018.09.13-07.09.02:960][  0]LogWindows: DebugString: FoundDriverCount:3 
[2018.09.13-07.09.02:960][  0]LogD3D11RHI:     Adapter Name: Intel(R) Iris(R) Graphics 550
[2018.09.13-07.09.02:960][  0]LogD3D11RHI:   Driver Version: 23.20.16.4973 (internal:23.20.16.4973, unified:23.20.16.4973)
[2018.09.13-07.09.02:960][  0]LogD3D11RHI:      Driver Date: 2-28-2018
[2018.09.13-07.09.02:960][  0]LogRHI: Texture pool is 1523 MB (70% of 2176 MB)
[2018.09.13-07.09.03:038][  0]LogD3D11RHI: Async texture creation enabled
[2018.09.13-07.09.03:046][  0]LogD3D11RHI: GPU Timing Frequency: 12.000048 (Debug: 2 0)
[2018.09.13-07.09.03:048][  0]LogShaderCompilers: Guid format shader working directory is -33 characters bigger than the processId version (../../../../../../Users/kara1978/Documents/Unreal Projects/Test_UE_car/TimeAttack/Intermediate/Shaders/WorkingDirectory/56548/).
[2018.09.13-07.09.03:048][  0]LogShaderCompilers: Cleaned the shader compiler working directory 'C:/Users/kara1978/AppData/Local/Temp/UnrealShaderWorkingDir/7BEBC67E48A3E14074FAC3B9117BB51E/'.
[2018.09.13-07.09.03:613][  0]LogTemp: Display: Loaded TP AllDesktopTargetPlatform
[2018.09.13-07.09.03:634][  0]LogTemp: Display: Loaded TP MacClientTargetPlatform
[2018.09.13-07.09.03:658][  0]LogTemp: Display: Loaded TP MacNoEditorTargetPlatform
[2018.09.13-07.09.03:687][  0]LogTemp: Display: Loaded TP MacServerTargetPlatform
[2018.09.13-07.09.03:714][  0]LogTemp: Display: Loaded TP MacTargetPlatform
[2018.09.13-07.09.03:740][  0]LogTemp: Display: Loaded TP WindowsClientTargetPlatform
[2018.09.13-07.09.03:763][  0]LogTemp: Display: Loaded TP WindowsNoEditorTargetPlatform
[2018.09.13-07.09.03:788][  0]LogTemp: Display: Loaded TP WindowsServerTargetPlatform
[2018.09.13-07.09.03:802][  0]LogTemp: Display: Loaded TP WindowsTargetPlatform
[2018.09.13-07.09.03:934][  0]LogTemp: Display: Loaded TP AndroidTargetPlatform
[2018.09.13-07.09.03:934][  0]LogTemp: Display: Loaded TP AndroidTargetPlatform
[2018.09.13-07.09.03:934][  0]LogTemp: Display: Loaded TP AndroidTargetPlatform
[2018.09.13-07.09.03:934][  0]LogTemp: Display: Loaded TP AndroidTargetPlatform
[2018.09.13-07.09.03:934][  0]LogTemp: Display: Loaded TP AndroidTargetPlatform
[2018.09.13-07.09.03:934][  0]LogTemp: Display: Loaded TP AndroidTargetPlatform
[2018.09.13-07.09.03:934][  0]LogTemp: Display: Loaded TP AndroidTargetPlatform
[2018.09.13-07.09.03:934][  0]LogTemp: Display: Loaded TP AndroidTargetPlatform
[2018.09.13-07.09.03:934][  0]LogTemp: Display: Loaded TP AndroidTargetPlatform
[2018.09.13-07.09.03:934][  0]LogTemp: Display: Loaded TP AndroidTargetPlatform
[2018.09.13-07.09.03:934][  0]LogTemp: Display: Loaded TP AndroidTargetPlatform
[2018.09.13-07.09.03:934][  0]LogTemp: Display: Loaded TP AndroidTargetPlatform
[2018.09.13-07.09.03:934][  0]LogTemp: Display: Loaded TP AndroidTargetPlatform
[2018.09.13-07.09.03:934][  0]LogTemp: Display: Loaded TP AndroidTargetPlatform
[2018.09.13-07.09.03:934][  0]LogTemp: Display: Loaded TP AndroidTargetPlatform
[2018.09.13-07.09.03:934][  0]LogTemp: Display: Loaded TP AndroidTargetPlatform
[2018.09.13-07.09.03:934][  0]LogTemp: Display: Loaded TP AndroidTargetPlatform
[2018.09.13-07.09.03:934][  0]LogTemp: Display: Loaded TP AndroidTargetPlatform
[2018.09.13-07.09.03:938][  0]LogTemp: Display: Loaded TP HTML5TargetPlatform
[2018.09.13-07.09.04:017][  0]LogTemp: Display: Loaded TP IOSTargetPlatform
[2018.09.13-07.09.04:017][  0]LogTemp: Display: Loaded TP IOSTargetPlatform
[2018.09.13-07.09.04:052][  0]LogTemp: Display: Loaded TP TVOSTargetPlatform
[2018.09.13-07.09.04:052][  0]LogTemp: Display: Loaded TP TVOSTargetPlatform
[2018.09.13-07.09.04:070][  0]LogTemp: Display: Loaded TP LinuxClientTargetPlatform
[2018.09.13-07.09.04:088][  0]LogTemp: Display: Loaded TP LinuxNoEditorTargetPlatform
[2018.09.13-07.09.04:106][  0]LogTemp: Display: Loaded TP LinuxServerTargetPlatform
[2018.09.13-07.09.04:130][  0]LogTemp: Display: Loaded TP LinuxTargetPlatform
[2018.09.13-07.09.04:145][  0]LogTemp: Display: Loaded TP LuminTargetPlatform
[2018.09.13-07.09.04:145][  0]LogTargetPlatformManager: Display: Building Assets For Windows
[2018.09.13-07.09.04:280][  0]LogXGEController: Cannot use XGE Controller as Incredibuild is not installed on this machine.
[2018.09.13-07.09.04:280][  0]LogShaderCompilers: Cannot use XGE Shader Compiler as Incredibuild is not installed on this machine.
[2018.09.13-07.09.04:280][  0]LogShaderCompilers: Display: Using Local Shader Compiler.
[2018.09.13-07.09.05:413][  0]LogDerivedDataCache: Display: Max Cache Size: 512 MB
[2018.09.13-07.09.05:475][  0]LogDerivedDataCache: Loaded boot cache 0.06s 71MB C:/Users/kara1978/AppData/Local/UnrealEngine/4.20/DerivedDataCache/Boot.ddc.
[2018.09.13-07.09.05:476][  0]LogDerivedDataCache: Display: Loaded Boot cache: C:/Users/kara1978/AppData/Local/UnrealEngine/4.20/DerivedDataCache/Boot.ddc
[2018.09.13-07.09.05:476][  0]LogDerivedDataCache: FDerivedDataBackendGraph:  Pak pak cache file ../../../../../../Users/kara1978/Documents/Unreal Projects/Test_UE_car/TimeAttack/DerivedDataCache/DDC.ddp not found, will not use a pak cache.
[2018.09.13-07.09.05:476][  0]LogDerivedDataCache: Unable to find inner node Pak for hierarchical cache Hierarchy.
[2018.09.13-07.09.05:476][  0]LogDerivedDataCache: FDerivedDataBackendGraph:  CompressedPak pak cache file ../../../../../../Users/kara1978/Documents/Unreal Projects/Test_UE_car/TimeAttack/DerivedDataCache/Compressed.ddp not found, will not use a pak cache.
[2018.09.13-07.09.05:476][  0]LogDerivedDataCache: Unable to find inner node CompressedPak for hierarchical cache Hierarchy.
[2018.09.13-07.09.05:492][  0]LogDerivedDataCache: Display: Pak cache opened for reading ../../../Engine/DerivedDataCache/Compressed.ddp.
[2018.09.13-07.09.05:506][  0]LogDerivedDataCache: Using Local data cache path C:/Users/kara1978/AppData/Local/UnrealEngine/Common/DerivedDataCache: Writable
[2018.09.13-07.09.05:506][  0]LogDerivedDataCache: Shared data cache path not found in *engine.ini, will not use an Shared cache.
[2018.09.13-07.09.05:506][  0]LogDerivedDataCache: Unable to find inner node Shared for hierarchical cache Hierarchy.
[2018.09.13-07.09.05:528][  0]LogMaterial: Verifying Global Shaders for PCD3D_SM5
[2018.09.13-07.09.05:530][  0]LogSlate: Using FreeType 2.6.0
[2018.09.13-07.09.05:532][  0]LogSlate: SlateFontServices - WITH_FREETYPE: 1, WITH_HARFBUZZ: 1
[2018.09.13-07.09.05:651][  0]LogAssetRegistry: FAssetRegistry took 0.0292 seconds to start up
[2018.09.13-07.09.06:201][  0]LogInit: Selected Device Profile: [Windows]
[2018.09.13-07.09.06:321][  0]LogSimplygon: Simplygon DLL not present - disabling.
[2018.09.13-07.09.06:334][  0]LogMeshReduction: Using SimplygonSwarm for distributed automatic mesh merging
[2018.09.13-07.09.06:334][  0]LogMeshReduction: Using ProxyLODMeshReduction for automatic mesh merging
[2018.09.13-07.09.06:334][  0]LogMeshReduction: Using QuadricMeshReduction for automatic static mesh reduction
[2018.09.13-07.09.06:334][  0]LogMeshReduction: No automatic skeletal mesh reduction module available
[2018.09.13-07.09.06:493][  0]LogNetVersion: TimeAttack 1.0.0, NetCL: 4212847, EngineNetVer: 5, GameNetVer: 0 (Checksum: 2431445023)
[2018.09.13-07.09.07:175][  0]LogPackageLocalizationCache: Processed 11 localized package path(s) for 1 prioritized culture(s) in 0.127582 seconds
[2018.09.13-07.09.07:182][  0]LogUObjectArray: 38425 objects as part of root set at end of initial load.
[2018.09.13-07.09.07:182][  0]LogUObjectAllocator: 6690864 out of 0 bytes used by permanent object pool.
[2018.09.13-07.09.07:182][  0]LogUObjectArray: CloseDisregardForGC: 0/0 objects in disregard for GC pool
[2018.09.13-07.09.08:835][  0]LogTcpMessaging: Initializing TcpMessaging bridge
[2018.09.13-07.09.08:850][  0]LogUdpMessaging: Initializing bridge on interface 0.0.0.0:0 to multicast group 230.0.0.1:6666.
[2018.09.13-07.09.09:090][  0]SourceControl: Source control is disabled
[2018.09.13-07.09.10:218][  0]LogAndroidPermission: UAndroidPermissionCallbackProxy::GetInstance
[2018.09.13-07.09.10:423][  0]LogOcInput: OculusInput pre-init called
[2018.09.13-07.09.10:527][  0]LogEngine: Initializing Engine...
[2018.09.13-07.09.10:529][  0]LogHMD: Failed to initialize OpenVR with code 110
[2018.09.13-07.09.10:531][  0]LogStats: UGameplayTagsManager::ConstructGameplayTagTree: ImportINI prefixes -  0.000 s
[2018.09.13-07.09.10:531][  0]LogStats: UGameplayTagsManager::ConstructGameplayTagTree: Construct from data asset -  0.000 s
[2018.09.13-07.09.10:531][  0]LogStats: UGameplayTagsManager::ConstructGameplayTagTree: ImportINI -  0.000 s
[2018.09.13-07.09.10:531][  0]LogStats: UGameplayTagsManager::ConstructGameplayTagTree: GameplayTagTreeChangedEvent.Broadcast -  0.000 s
[2018.09.13-07.09.10:826][  0]LogInit: Initializing FReadOnlyCVARCache
[2018.09.13-07.09.10:855][  0]LogAIModule: Creating AISystem for world Untitled
[2018.09.13-07.09.10:889][  0]LogInit: XAudio2 using '헤드폰(Cirrus Logic CS8409 (AB 54))' : 2 channels at 48 kHz using 32 bits per sample (channel mask 0x3)
[2018.09.13-07.09.10:916][  0]LogInit: FAudioDevice initialized.
[2018.09.13-07.09.10:916][  0]LogNetVersion: Set ProjectVersion to 1.0.0.0. Version Checksum will be recalculated on next use.
[2018.09.13-07.09.10:971][  0]LogDerivedDataCache: Saved boot cache 0.06s 71MB C:/Users/kara1978/AppData/Local/UnrealEngine/4.20/DerivedDataCache/Boot.ddc.
[2018.09.13-07.09.10:986][  0]LogInit: Texture streaming: Enabled
[2018.09.13-07.09.11:033][  0]LogEngineSessionManager: EngineSessionManager initialized
[2018.09.13-07.09.11:067][  0]LogInit: Transaction tracking system initialized
[2018.09.13-07.09.11:120][  0]BlueprintLog: New page: Editor Load
[2018.09.13-07.09.11:301][  0]LocalizationService: Localization service is disabled
[2018.09.13-07.09.11:406][  0]LogLinker: Warning: Can't find file '/Game/ThirdPersonBP/ThirdPersonOverview'
[2018.09.13-07.09.11:406][  0]LogLinker: Warning: Can't find file '/Game/ThirdPersonBP/ThirdPersonOverview'
[2018.09.13-07.09.11:406][  0]LogUObjectGlobals: Warning: Failed to find object 'Class /Game/ThirdPersonBP/ThirdPersonOverview.ThirdPersonOverview_C'
[2018.09.13-07.09.11:710][  0]LogCook: Display: Max memory allowance for cook 16384mb min free memory 0mb
[2018.09.13-07.09.11:710][  0]LogCook: Display: Mobile HDR setting 1
[2018.09.13-07.09.11:710][  0]LogGameplayTags: Display: UGameplayTagsManager::DoneAddingNativeTags. DelegateIsBound: 0
[2018.09.13-07.09.11:710][  0]LogStats: UGameplayTagsManager::ConstructGameplayTagTree: ImportINI prefixes -  0.000 s
[2018.09.13-07.09.11:710][  0]LogStats: UGameplayTagsManager::ConstructGameplayTagTree: Construct from data asset -  0.000 s
[2018.09.13-07.09.11:711][  0]LogStats: UGameplayTagsManager::ConstructGameplayTagTree: ImportINI -  0.000 s
[2018.09.13-07.09.11:711][  0]LogStats: UGameplayTagsManager::ConstructGameplayTagTree: GameplayTagTreeChangedEvent.Broadcast -  0.000 s
[2018.09.13-07.09.11:959][  0]LogFileCache: Scanning file cache for directory 'C:/Users/kara1978/Documents/Unreal Projects/Test_UE_car/TimeAttack/Content/' took 0.03s
[2018.09.13-07.09.11:959][  0]Cmd: MAP LOAD FILE="../../../../../../Users/kara1978/Documents/Unreal Projects/Test_UE_car/TimeAttack/Content/VehicleBP/Maps/VehicleExampleMap.umap" TEMPLATE=0 SHOWPROGRESS=1 FEATURELEVEL=3
[2018.09.13-07.09.11:960][  0]LightingResults: New page: Lighting Build
[2018.09.13-07.09.11:964][  0]MapCheck: New page: Map Check
[2018.09.13-07.09.11:964][  0]LightingResults: New page: Lighting Build
[2018.09.13-07.09.12:950][  0]LogAIModule: Creating AISystem for world VehicleExampleMap
[2018.09.13-07.09.12:966][  0]LogEditorServer: Finished looking for orphan Actors (0.000 secs)
[2018.09.13-07.09.12:995][  0]Cmd: MAP CHECKDEP NOCLEARLOG
[2018.09.13-07.09.13:188][  0]MapCheck: Map check complete: 0 Error(s), 0 Warning(s), took 193.732ms to complete.
[2018.09.13-07.09.13:189][  0]LogFileHelpers: Loading map 'VehicleExampleMap' took 1.230
[2018.09.13-07.09.13:367][  0]LogSlate: Updating window title bar state: overlay mode, drag disabled, window buttons hidden, title bar hidden
[2018.09.13-07.09.13:378][  0]LogSlate: Updating window title bar state: overlay mode, drag disabled, window buttons hidden, title bar hidden
[2018.09.13-07.09.13:389][  0]LogSlate: Updating window title bar state: overlay mode, drag disabled, window buttons hidden, title bar hidden
[2018.09.13-07.09.13:400][  0]LogSlate: Updating window title bar state: overlay mode, drag disabled, window buttons hidden, title bar hidden
[2018.09.13-07.09.13:418][  0]LogCollectionManager: Loaded 0 collections in 0.003319 seconds
[2018.09.13-07.09.13:481][  0]LogFileCache: Scanning file cache for directory 'C:/Users/kara1978/Documents/Unreal Projects/Test_UE_car/TimeAttack/Saved/Collections/' took 0.01s
[2018.09.13-07.09.13:481][  0]LogFileCache: Scanning file cache for directory 'C:/Users/kara1978/Documents/Unreal Projects/Test_UE_car/TimeAttack/Content/Developers/kara1978/Collections/' took 0.01s
[2018.09.13-07.09.13:481][  0]LogFileCache: Scanning file cache for directory 'C:/Users/kara1978/Documents/Unreal Projects/Test_UE_car/TimeAttack/Content/Collections/' took 0.01s
[2018.09.13-07.09.13:481][  0]LogCollectionManager: Rebuilt the GUID cache for 0 collections in 0.000001 seconds
[2018.09.13-07.09.13:496][  0]LogContentBrowser: Native class hierarchy populated in 0.0148 seconds. Added 2574 classes and 606 folders.
[2018.09.13-07.09.13:516][  0]LogContentBrowser: Native class hierarchy updated for 'WidgetCarousel' in 0.0005 seconds. Added 0 classes and 0 folders.
[2018.09.13-07.09.14:064][  0]LogContentBrowser: Native class hierarchy updated for 'AddContentDialog' in 0.0005 seconds. Added 0 classes and 0 folders.
[2018.09.13-07.09.14:092][  0]LogContentBrowser: Native class hierarchy updated for 'SceneOutliner' in 0.0005 seconds. Added 1 classes and 2 folders.
[2018.09.13-07.09.14:109][  0]LogSlate: Took 0.000446 seconds to synchronously load lazily loaded font '../../../Engine/Content/Slate/Fonts/Roboto-Regular.ttf' (155K)
[2018.09.13-07.09.14:114][  0]LogSlate: Took 0.000456 seconds to synchronously load lazily loaded font '../../../Engine/Content/Slate/Fonts/Roboto-Bold.ttf' (160K)
[2018.09.13-07.09.14:126][  0]LogSlate: Took 0.006219 seconds to synchronously load lazily loaded font '../../../Engine/Content/Editor/Slate/Fonts/FontAwesome.ttf' (139K)
[2018.09.13-07.09.14:272][  0]LogRenderer: Reallocating scene render targets to support 1268x664 Format 10 NumSamples 1 (Frame:1).
[2018.09.13-07.09.14:468][  0]LogContentBrowser: Native class hierarchy updated for 'HierarchicalLODOutliner' in 0.0005 seconds. Added 0 classes and 0 folders.
[2018.09.13-07.09.14:468][  0]LogLoad: (Engine Initialization) Total time: 16.63 seconds
[2018.09.13-07.09.14:468][  0]LogLoad: (Engine Initialization) Total Blueprint compile time: 0.00 seconds
[2018.09.13-07.09.14:491][  0]LogWindowsTextInputMethodSystem: Display: IME system now activated using TSF (Microsoft 입력기).
[2018.09.13-07.09.14:498][  0]LogRawInputWindows: Warning: Found device 0 devices
[2018.09.13-07.09.14:499][  0]LogRawInputWindows: Warning: Found device 0 devices
[2018.09.13-07.09.14:499][  0]LogRawInputWindows: Warning: Device was registered succesfully but not connected (Usage:4 UsagePage:1)
[2018.09.13-07.09.14:499][  0]LogRawInputWindows: Warning: Found device 1 devices
[2018.09.13-07.09.14:499][  0]LogRawInputWindows: Warning: Device was registered succesfully but not connected (Usage:5 UsagePage:1)
[2018.09.13-07.09.14:520][  0]LogContentStreaming: Texture pool size now 3000 MB
[2018.09.13-07.09.14:595][  0]LogRenderer: Reallocating scene render targets to support 1268x676 Format 10 NumSamples 1 (Frame:3).
[2018.09.13-07.09.14:596][  0]LogSlate: Took 0.000514 seconds to synchronously load lazily loaded font '../../../Engine/Content/Slate/Fonts/Roboto-Light.ttf' (167K)
[2018.09.13-07.09.14:618][  1]LogAssetRegistry: Asset discovery search completed in 8.9888 seconds
[2018.09.13-07.09.14:620][  1]LogCollectionManager: Rebuilt the object cache for 0 collections in 0.000001 seconds (found 0 objects)
[2018.09.13-07.09.14:620][  1]LogCollectionManager: Fixed up redirectors for 0 collections in 0.000078 seconds (updated 0 objects)
[2018.09.13-07.09.15:524][ 26]LogSlate: Took 0.000457 seconds to synchronously load lazily loaded font '../../../Engine/Content/Slate/Fonts/Roboto-Light.ttf' (167K)
[2018.09.13-07.09.21:273][293]LogSlate: FSceneViewport::OnFocusLost() reason 0
[2018.09.13-07.09.25:049][457]LogSlate: FSceneViewport::OnFocusLost() reason 2
[2018.09.13-07.09.32:212][846]SourceControl: fatal: C:/Program Files/Epic Games/UE_4.20/Engine/Content: 'C:/Program Files/Epic Games/UE_4.20/Engine/Content' is outside repository
[2018.09.13-07.10.11:341][846]LogSlate: Took 0.004272 seconds to synchronously load lazily loaded font '../../../Engine/Content/Slate/Fonts/DroidSansFallback.ttf' (3848K)
[2018.09.13-07.10.27:720][846]LogSlate: Window 'Submit Files' being destroyed
[2018.09.13-07.10.29:933][846]LogSourceControl: commit successful: [master 0a623e9] 체크포인트 설정
[2018.09.13-07.10.30:273][846]SourceControl: [master 0a623e9] 체크포인트 설정
[2018.09.13-07.10.30:273][846]SourceControl:  2 files changed, 0 insertions(+), 0 deletions(-)
[2018.09.13-07.10.30:273][846]SourceControl:  create mode 100644 TimeAttack/Content/rollypop/BP_Checkpoints.uasset
[2018.09.13-07.10.30:288][846]SourceControl: Commited [master 0a623e9] 체크포인트 설정.
[2018.09.13-07.10.48:468][686]LogSlate: Window 'Open Level' being destroyed
