Log file open, 09/12/18 15:26:10
LogWindows: Failed to load 'aqProf.dll' (GetLastError=126)
LogWindows: File 'aqProf.dll' does not exist
LogWindows: Failed to load 'VSPerf140.dll' (GetLastError=126)
LogWindows: File 'VSPerf140.dll' does not exist
LogWindows: Failed to load 'VtuneApi.dll' (GetLastError=126)
LogWindows: File 'VtuneApi.dll' does not exist
LogWindows: Failed to load 'VtuneApi32e.dll' (GetLastError=126)
LogWindows: File 'VtuneApi32e.dll' does not exist
LogInit: Display: Running engine for game: TimeAttack
LogPlatformFile: Not using cached read wrapper
LogTaskGraph: Started task graph with 5 named threads and 11 total threads with 3 sets of task threads.
LogStats: Stats thread started at 0.187721
LogD3D11RHI: Loaded GFSDK_Aftermath_Lib.x64.dll
LogICUInternationalization: Display: ICU TimeZone Detection - Raw Offset: +9:00, Platform Override: ''
LogPluginManager: Mounting plugin Paper2D
LogPluginManager: Mounting plugin AISupport
LogPluginManager: Mounting plugin LightPropagationVolume
LogPluginManager: Mounting plugin CLionSourceCodeAccess
LogPluginManager: Mounting plugin CodeLiteSourceCodeAccess
LogPluginManager: Mounting plugin GitSourceControl
LogPluginManager: Mounting plugin KDevelopSourceCodeAccess
LogPluginManager: Mounting plugin NullSourceCodeAccess
LogPluginManager: Mounting plugin PerforceSourceControl
LogPluginManager: Mounting plugin SubversionSourceControl
LogPluginManager: Mounting plugin UObjectPlugin
LogPluginManager: Mounting plugin VisualStudioCodeSourceCodeAccess
LogPluginManager: Mounting plugin VisualStudioSourceCodeAccess
LogPluginManager: Mounting plugin XCodeSourceCodeAccess
LogPluginManager: Mounting plugin AssetManagerEditor
LogPluginManager: Mounting plugin CryptoKeys
LogPluginManager: Mounting plugin DataValidation
LogPluginManager: Mounting plugin FacialAnimation
LogPluginManager: Mounting plugin GameplayTagsEditor
LogPluginManager: Mounting plugin MacGraphicsSwitching
LogPluginManager: Mounting plugin MeshEditor
LogPluginManager: Mounting plugin MobileLauncherProfileWizard
LogPluginManager: Mounting plugin PluginBrowser
LogPluginManager: Mounting plugin SpeedTreeImporter
LogPluginManager: Mounting plugin DatasmithContent
LogPluginManager: Mounting plugin AlembicImporter
LogPluginManager: Mounting plugin AppleImageUtils
LogPluginManager: Mounting plugin AppleVision
LogPluginManager: Mounting plugin BackChannel
LogPluginManager: Mounting plugin CharacterAI
LogPluginManager: Mounting plugin GeometryCache
LogPluginManager: Mounting plugin HTML5Networking
LogPluginManager: Mounting plugin ProxyLODPlugin
LogPluginManager: Mounting plugin RawInput
LogPluginManager: Mounting plugin MagicLeap
LogPluginManager: Mounting plugin MagicLeapEmulator
LogPluginManager: Mounting plugin MagicLeapMedia
LogPluginManager: Mounting plugin AndroidMedia
LogPluginManager: Mounting plugin AvfMedia
LogPluginManager: Mounting plugin ImgMedia
LogPluginManager: Mounting plugin LinearTimecode
LogPluginManager: Mounting plugin MediaCompositing
LogPluginManager: Mounting plugin MediaPlayerEditor
LogPluginManager: Mounting plugin WmfMedia
LogPluginManager: Mounting plugin TcpMessaging
LogPluginManager: Mounting plugin UdpMessaging
LogPluginManager: Mounting plugin ActorSequence
LogPluginManager: Mounting plugin LevelSequenceEditor
LogPluginManager: Mounting plugin MatineeToLevelSequence
LogPluginManager: Mounting plugin NetcodeUnitTest
LogPluginManager: Mounting plugin NUTUnrealEngine4
LogPluginManager: Mounting plugin OnlineSubsystemGooglePlay
LogPluginManager: Mounting plugin OnlineSubsystemIOS
LogPluginManager: Mounting plugin OnlineSubsystem
LogPluginManager: Mounting plugin OnlineSubsystemNull
LogPluginManager: Mounting plugin OnlineSubsystemUtils
LogPluginManager: Mounting plugin LauncherChunkInstaller
LogPluginManager: Mounting plugin AndroidDeviceProfileSelector
LogPluginManager: Mounting plugin AndroidMoviePlayer
LogPluginManager: Mounting plugin AndroidPermission
LogPluginManager: Mounting plugin AppleMoviePlayer
LogPluginManager: Mounting plugin ArchVisCharacter
LogPluginManager: Mounting plugin AudioCapture
LogPluginManager: Mounting plugin CableComponent
LogPluginManager: Mounting plugin CustomMeshComponent
LogPluginManager: Mounting plugin EditableMesh
LogPluginManager: Mounting plugin ExampleDeviceProfileSelector
LogPluginManager: Mounting plugin GoogleCloudMessaging
LogPluginManager: Mounting plugin ImmediatePhysics
LogPluginManager: Mounting plugin IOSDeviceProfileSelector
LogPluginManager: Mounting plugin LinuxDeviceProfileSelector
LogPluginManager: Mounting plugin LocationServicesBPLibrary
LogPluginManager: Mounting plugin MobilePatchingUtils
LogPluginManager: Mounting plugin OculusVR
LogPluginManager: Plugin shader directory ../../../Engine/Plugins/Runtime/Oculus/OculusVR/Shaders found
LogPluginManager: Mapping shader source directory ../../../Engine/Plugins/Runtime/Oculus/OculusVR/Shaders to virtual directory /Plugin/OculusVR
LogPluginManager: Mounting plugin PhysXVehicles
LogPluginManager: Mounting plugin ProceduralMeshComponent
LogPluginManager: Mounting plugin RuntimePhysXCooking
LogPluginManager: Mounting plugin SteamVR
LogPluginManager: Mounting plugin WindowsMoviePlayer
LogStreaming: Display: Took  0.349s to configure plugins.
LogInit: Using libcurl 7.55.1-DEV
LogInit:  - built for x86_64-pc-win32
LogInit:  - supports SSL with OpenSSL/1.0.2h
LogInit:  - supports HTTP deflate (compression) using libz 1.2.8
LogInit:  - other features:
LogInit:      CURL_VERSION_SSL
LogInit:      CURL_VERSION_LIBZ
LogInit:      CURL_VERSION_IPV6
LogInit:      CURL_VERSION_ASYNCHDNS
LogInit:      CURL_VERSION_LARGEFILE
LogInit:      CURL_VERSION_IDN
LogInit:  CurlRequestOptions (configurable via config and command line):
LogInit:  - bVerifyPeer = false  - Libcurl will NOT verify peer certificate
LogInit:  - bUseHttpProxy = false  - Libcurl will NOT use HTTP proxy
LogInit:  - bDontReuseConnections = false  - Libcurl will reuse connections
LogInit:  - CertBundlePath = nullptr  - Libcurl will use whatever was configured at build time.
LogInit:  - MaxHostConnections = 16  - Libcurl will limit the number of connections to a host
LogInit:  - LocalHostAddr = Default
LogInit:  - BufferSize = 65536
LogInit: WinSock: version 1.1 (2.2), MaxSocks=32767, MaxUdp=65467
LogInit: Build: ++UE4+Release-4.20-CL-4233996
LogInit: Engine Version: 4.20.1-4233996+++UE4+Release-4.20
LogInit: Compatible Engine Version: 4.20.0-4212847+++UE4+Release-4.20
LogInit: Net CL: 4212847
LogInit: OS: Windows 10 (), CPU: Intel(R) Core(TM) i5-6267U CPU @ 2.90GHz, GPU: Intel(R) Iris(R) Graphics 550
LogInit: Compiled (64-bit): Jul 26 2018 10:07:30
LogInit: Compiled with Visual C++: 19.13.26129.00
LogInit: Build Configuration: Development
LogInit: Branch Name: ++UE4+Release-4.20
LogInit: Command Line: 
LogInit: Base Directory: C:/Program Files/Epic Games/UE_4.20/Engine/Binaries/Win64/
LogInit: Installed Engine Build: 1
LogDevObjectVersion: Number of dev versions registered: 20
LogDevObjectVersion:   Dev-Blueprints (B0D832E4-1F89-4F0D-ACCF-7EB736FD4AA2): 10
LogDevObjectVersion:   Dev-Build (E1C64328-A22C-4D53-A36C-8E866417BD8C): 0
LogDevObjectVersion:   Dev-Core (375EC13C-06E4-48FB-B500-84F0262A717E): 2
LogDevObjectVersion:   Dev-Editor (E4B068ED-F494-42E9-A231-DA0B2E46BB41): 24
LogDevObjectVersion:   Dev-Framework (CFFC743F-43B0-4480-9391-14DF171D2073): 34
LogDevObjectVersion:   Dev-Mobile (B02B49B5-BB20-44E9-A304-32B752E40360): 2
LogDevObjectVersion:   Dev-Networking (A4E4105C-59A1-49B5-A7C5-40C4547EDFEE): 0
LogDevObjectVersion:   Dev-Online (39C831C9-5AE6-47DC-9A44-9C173E1C8E7C): 0
LogDevObjectVersion:   Dev-Physics (78F01B33-EBEA-4F98-B9B4-84EACCB95AA2): 0
LogDevObjectVersion:   Dev-Platform (6631380F-2D4D-43E0-8009-CF276956A95A): 0
LogDevObjectVersion:   Dev-Rendering (12F88B9F-8875-4AFC-A67C-D90C383ABD29): 26
LogDevObjectVersion:   Dev-Sequencer (7B5AE74C-D270-4C10-A958-57980B212A5A): 9
LogDevObjectVersion:   Dev-VR (D7296918-1DD6-4BDD-9DE2-64A83CC13884): 2
LogDevObjectVersion:   Dev-LoadTimes (C2A15278-BFE7-4AFE-6C17-90FF531DF755): 1
LogDevObjectVersion:   Private-Geometry (6EACA3D4-40EC-4CC1-B786-8BED09428FC5): 3
LogDevObjectVersion:   Dev-AnimPhys (29E575DD-E0A3-4627-9D10-D276232CDCEA): 17
LogDevObjectVersion:   Dev-ReflectionCapture (6B266CEC-1EC7-4B8F-A30B-E4D90942FC07): 1
LogDevObjectVersion:   Dev-Automation (0DF73D61-A23F-47EA-B727-89E90C41499A): 1
LogDevObjectVersion:   FortniteMain (601D1886-AC64-4F84-AA16-D3DE0DEAC7D6): 12
LogDevObjectVersion:   Dev-Enterprise (9DFFBCD6-494F-0158-E221-12823C92A888): 1
LogStreaming: Display: Took  0.001s to delete old logs.
LogInit: Presizing for max 8388607 objects, including 0 objects not considered by GC, pre-allocating 0 bytes for permanent pool.
LogInit: Object subsystem initialized
[2018.09.12-06.26.10:781][  0]LogInit: Selected Device Profile: [Windows]
[2018.09.12-06.26.10:781][  0]LogInit: Applying CVar settings loaded from the selected device profile: [Windows]
[2018.09.12-06.26.10:818][  0]LogHAL: Display: Platform has ~ 16 GB [17037910016 / 17179869184 / 16], which maps to Larger [LargestMinGB=32, LargerMinGB=12, DefaultMinGB=8, SmallerMinGB=6, SmallestMinGB=0)
[2018.09.12-06.26.10:818][  0]LogInit: Setting Device Profile CVar: [[r.Vulkan.UseRealUBs:1]]
[2018.09.12-06.26.10:818][  0]LogInit: Going up to parent DeviceProfile []
[2018.09.12-06.26.10:819][  0]LogInit: Computer: DESKTOP-8OV5PVS
[2018.09.12-06.26.10:819][  0]LogInit: User: kara1978
[2018.09.12-06.26.10:819][  0]LogInit: CPU Page size=4096, Cores=2
[2018.09.12-06.26.10:819][  0]LogInit: High frequency timer resolution =2.835942 MHz
[2018.09.12-06.26.10:819][  0]LogMemory: Memory total: Physical=15.9GB (16GB approx)
[2018.09.12-06.26.10:819][  0]LogMemory: Platform Memory Stats for Windows
[2018.09.12-06.26.10:819][  0]LogMemory: Process Physical Memory: 101.61 MB used, 101.61 MB peak
[2018.09.12-06.26.10:819][  0]LogMemory: Process Virtual Memory: 84.15 MB used, 84.15 MB peak
[2018.09.12-06.26.10:819][  0]LogMemory: Physical Memory: 8250.45 MB used,  7998.17 MB free, 16248.62 MB total
[2018.09.12-06.26.10:819][  0]LogMemory: Virtual Memory: 4621.21 MB used,  7998.17 MB free, 134217728.00 MB total
[2018.09.12-06.26.10:884][  0]LogInit: Overriding language with editor language configuration option (en).
[2018.09.12-06.26.10:884][  0]LogInit: Overriding locale with editor locale configuration option (en).
[2018.09.12-06.26.11:342][  0]LogStreaming: Display: Took  0.458s to InitEngineTextLocalization.
[2018.09.12-06.26.11:343][  0]LogInit: Setting process to per monitor DPI aware
[2018.09.12-06.26.11:419][  0]LogSlate: New Slate User Created.  User Index 0, Is Virtual User: 0
[2018.09.12-06.26.11:419][  0]LogSlate: Slate User Registered.  User Index 0, Is Virtual User: 0
[2018.09.12-06.26.12:053][  0]LogHMD: Failed to initialize OpenVR with code 110
[2018.09.12-06.26.12:053][  0]LogD3D11RHI: D3D11 adapters:
[2018.09.12-06.26.12:137][  0]LogD3D11RHI:    0. 'Intel(R) Iris(R) Graphics 550' (Feature Level 11_0)
[2018.09.12-06.26.12:137][  0]LogD3D11RHI:       128/0/8124 MB DedicatedVideo/DedicatedSystem/SharedSystem, Outputs:2, VendorId:0x8086
[2018.09.12-06.26.12:141][  0]LogD3D11RHI:    1. 'Microsoft Basic Render Driver' (Feature Level 11_0)
[2018.09.12-06.26.12:141][  0]LogD3D11RHI:       0/0/8124 MB DedicatedVideo/DedicatedSystem/SharedSystem, Outputs:0, VendorId:0x1414
[2018.09.12-06.26.12:141][  0]LogD3D11RHI: Chosen D3D11 Adapter: 0
[2018.09.12-06.26.12:155][  0]LogD3D11RHI: Creating new Direct3DDevice
[2018.09.12-06.26.12:155][  0]LogD3D11RHI:     GPU DeviceId: 0x1927 (for the marketing name, search the web for "GPU Device Id")
[2018.09.12-06.26.12:155][  0]LogWindows: EnumDisplayDevices:
[2018.09.12-06.26.12:155][  0]LogWindows:    0. 'Intel(R) Iris(R) Graphics 550' (P:1 D:1)
[2018.09.12-06.26.12:157][  0]LogWindows:    1. 'Intel(R) Iris(R) Graphics 550' (P:0 D:1)
[2018.09.12-06.26.12:158][  0]LogWindows:    2. 'Intel(R) Iris(R) Graphics 550' (P:0 D:0)
[2018.09.12-06.26.12:159][  0]LogWindows: DebugString: FoundDriverCount:3 
[2018.09.12-06.26.12:159][  0]LogD3D11RHI:     Adapter Name: Intel(R) Iris(R) Graphics 550
[2018.09.12-06.26.12:159][  0]LogD3D11RHI:   Driver Version: 23.20.16.4973 (internal:23.20.16.4973, unified:23.20.16.4973)
[2018.09.12-06.26.12:159][  0]LogD3D11RHI:      Driver Date: 2-28-2018
[2018.09.12-06.26.12:159][  0]LogRHI: Texture pool is 1523 MB (70% of 2176 MB)
[2018.09.12-06.26.12:235][  0]LogD3D11RHI: Async texture creation enabled
[2018.09.12-06.26.12:242][  0]LogD3D11RHI: GPU Timing Frequency: 12.000048 (Debug: 2 0)
[2018.09.12-06.26.12:244][  0]LogShaderCompilers: Guid format shader working directory is -33 characters bigger than the processId version (../../../../../../Users/kara1978/Documents/Unreal Projects/Test_UE_car/TimeAttack/Intermediate/Shaders/WorkingDirectory/44396/).
[2018.09.12-06.26.12:245][  0]LogShaderCompilers: Cleaned the shader compiler working directory 'C:/Users/kara1978/AppData/Local/Temp/UnrealShaderWorkingDir/0288D0D144FB998B9AED62B88FF43435/'.
[2018.09.12-06.26.12:820][  0]LogTemp: Display: Loaded TP AllDesktopTargetPlatform
[2018.09.12-06.26.12:841][  0]LogTemp: Display: Loaded TP MacClientTargetPlatform
[2018.09.12-06.26.12:863][  0]LogTemp: Display: Loaded TP MacNoEditorTargetPlatform
[2018.09.12-06.26.12:884][  0]LogTemp: Display: Loaded TP MacServerTargetPlatform
[2018.09.12-06.26.12:908][  0]LogTemp: Display: Loaded TP MacTargetPlatform
[2018.09.12-06.26.12:926][  0]LogTemp: Display: Loaded TP WindowsClientTargetPlatform
[2018.09.12-06.26.12:946][  0]LogTemp: Display: Loaded TP WindowsNoEditorTargetPlatform
[2018.09.12-06.26.12:968][  0]LogTemp: Display: Loaded TP WindowsServerTargetPlatform
[2018.09.12-06.26.12:979][  0]LogTemp: Display: Loaded TP WindowsTargetPlatform
[2018.09.12-06.26.13:095][  0]LogTemp: Display: Loaded TP AndroidTargetPlatform
[2018.09.12-06.26.13:095][  0]LogTemp: Display: Loaded TP AndroidTargetPlatform
[2018.09.12-06.26.13:095][  0]LogTemp: Display: Loaded TP AndroidTargetPlatform
[2018.09.12-06.26.13:095][  0]LogTemp: Display: Loaded TP AndroidTargetPlatform
[2018.09.12-06.26.13:095][  0]LogTemp: Display: Loaded TP AndroidTargetPlatform
[2018.09.12-06.26.13:095][  0]LogTemp: Display: Loaded TP AndroidTargetPlatform
[2018.09.12-06.26.13:095][  0]LogTemp: Display: Loaded TP AndroidTargetPlatform
[2018.09.12-06.26.13:095][  0]LogTemp: Display: Loaded TP AndroidTargetPlatform
[2018.09.12-06.26.13:095][  0]LogTemp: Display: Loaded TP AndroidTargetPlatform
[2018.09.12-06.26.13:095][  0]LogTemp: Display: Loaded TP AndroidTargetPlatform
[2018.09.12-06.26.13:095][  0]LogTemp: Display: Loaded TP AndroidTargetPlatform
[2018.09.12-06.26.13:095][  0]LogTemp: Display: Loaded TP AndroidTargetPlatform
[2018.09.12-06.26.13:095][  0]LogTemp: Display: Loaded TP AndroidTargetPlatform
[2018.09.12-06.26.13:095][  0]LogTemp: Display: Loaded TP AndroidTargetPlatform
[2018.09.12-06.26.13:095][  0]LogTemp: Display: Loaded TP AndroidTargetPlatform
[2018.09.12-06.26.13:095][  0]LogTemp: Display: Loaded TP AndroidTargetPlatform
[2018.09.12-06.26.13:095][  0]LogTemp: Display: Loaded TP AndroidTargetPlatform
[2018.09.12-06.26.13:095][  0]LogTemp: Display: Loaded TP AndroidTargetPlatform
[2018.09.12-06.26.13:098][  0]LogTemp: Display: Loaded TP HTML5TargetPlatform
[2018.09.12-06.26.13:179][  0]LogTemp: Display: Loaded TP IOSTargetPlatform
[2018.09.12-06.26.13:179][  0]LogTemp: Display: Loaded TP IOSTargetPlatform
[2018.09.12-06.26.13:215][  0]LogTemp: Display: Loaded TP TVOSTargetPlatform
[2018.09.12-06.26.13:215][  0]LogTemp: Display: Loaded TP TVOSTargetPlatform
[2018.09.12-06.26.13:233][  0]LogTemp: Display: Loaded TP LinuxClientTargetPlatform
[2018.09.12-06.26.13:252][  0]LogTemp: Display: Loaded TP LinuxNoEditorTargetPlatform
[2018.09.12-06.26.13:272][  0]LogTemp: Display: Loaded TP LinuxServerTargetPlatform
[2018.09.12-06.26.13:298][  0]LogTemp: Display: Loaded TP LinuxTargetPlatform
[2018.09.12-06.26.13:317][  0]LogTemp: Display: Loaded TP LuminTargetPlatform
[2018.09.12-06.26.13:317][  0]LogTargetPlatformManager: Display: Building Assets For Windows
[2018.09.12-06.26.13:492][  0]LogXGEController: Cannot use XGE Controller as Incredibuild is not installed on this machine.
[2018.09.12-06.26.13:492][  0]LogShaderCompilers: Cannot use XGE Shader Compiler as Incredibuild is not installed on this machine.
[2018.09.12-06.26.13:492][  0]LogShaderCompilers: Display: Using Local Shader Compiler.
[2018.09.12-06.26.14:658][  0]LogDerivedDataCache: Display: Max Cache Size: 512 MB
[2018.09.12-06.26.14:723][  0]LogDerivedDataCache: Loaded boot cache 0.06s 71MB C:/Users/kara1978/AppData/Local/UnrealEngine/4.20/DerivedDataCache/Boot.ddc.
[2018.09.12-06.26.14:724][  0]LogDerivedDataCache: Display: Loaded Boot cache: C:/Users/kara1978/AppData/Local/UnrealEngine/4.20/DerivedDataCache/Boot.ddc
[2018.09.12-06.26.14:724][  0]LogDerivedDataCache: FDerivedDataBackendGraph:  Pak pak cache file ../../../../../../Users/kara1978/Documents/Unreal Projects/Test_UE_car/TimeAttack/DerivedDataCache/DDC.ddp not found, will not use a pak cache.
[2018.09.12-06.26.14:724][  0]LogDerivedDataCache: Unable to find inner node Pak for hierarchical cache Hierarchy.
[2018.09.12-06.26.14:724][  0]LogDerivedDataCache: FDerivedDataBackendGraph:  CompressedPak pak cache file ../../../../../../Users/kara1978/Documents/Unreal Projects/Test_UE_car/TimeAttack/DerivedDataCache/Compressed.ddp not found, will not use a pak cache.
[2018.09.12-06.26.14:724][  0]LogDerivedDataCache: Unable to find inner node CompressedPak for hierarchical cache Hierarchy.
[2018.09.12-06.26.14:740][  0]LogDerivedDataCache: Display: Pak cache opened for reading ../../../Engine/DerivedDataCache/Compressed.ddp.
[2018.09.12-06.26.14:753][  0]LogDerivedDataCache: Using Local data cache path C:/Users/kara1978/AppData/Local/UnrealEngine/Common/DerivedDataCache: Writable
[2018.09.12-06.26.14:753][  0]LogDerivedDataCache: Shared data cache path not found in *engine.ini, will not use an Shared cache.
[2018.09.12-06.26.14:753][  0]LogDerivedDataCache: Unable to find inner node Shared for hierarchical cache Hierarchy.
[2018.09.12-06.26.14:778][  0]LogMaterial: Verifying Global Shaders for PCD3D_SM5
[2018.09.12-06.26.14:780][  0]LogSlate: Using FreeType 2.6.0
[2018.09.12-06.26.14:782][  0]LogSlate: SlateFontServices - WITH_FREETYPE: 1, WITH_HARFBUZZ: 1
[2018.09.12-06.26.14:915][  0]LogAssetRegistry: FAssetRegistry took 0.0293 seconds to start up
[2018.09.12-06.26.15:485][  0]LogInit: Selected Device Profile: [Windows]
[2018.09.12-06.26.15:723][  0]LogSimplygon: Simplygon DLL not present - disabling.
[2018.09.12-06.26.15:736][  0]LogMeshReduction: Using SimplygonSwarm for distributed automatic mesh merging
[2018.09.12-06.26.15:736][  0]LogMeshReduction: Using ProxyLODMeshReduction for automatic mesh merging
[2018.09.12-06.26.15:736][  0]LogMeshReduction: Using QuadricMeshReduction for automatic static mesh reduction
[2018.09.12-06.26.15:736][  0]LogMeshReduction: No automatic skeletal mesh reduction module available
[2018.09.12-06.26.15:771][  0]LogNetVersion: TimeAttack 1.0.0, NetCL: 4212847, EngineNetVer: 5, GameNetVer: 0 (Checksum: 2431445023)
[2018.09.12-06.26.16:435][  0]LogPackageLocalizationCache: Processed 11 localized package path(s) for 1 prioritized culture(s) in 0.149815 seconds
[2018.09.12-06.26.16:442][  0]LogUObjectArray: 38425 objects as part of root set at end of initial load.
[2018.09.12-06.26.16:442][  0]LogUObjectAllocator: 6690864 out of 0 bytes used by permanent object pool.
[2018.09.12-06.26.16:442][  0]LogUObjectArray: CloseDisregardForGC: 0/0 objects in disregard for GC pool
[2018.09.12-06.26.18:117][  0]LogTcpMessaging: Initializing TcpMessaging bridge
[2018.09.12-06.26.18:131][  0]LogUdpMessaging: Initializing bridge on interface 0.0.0.0:0 to multicast group 230.0.0.1:6666.
[2018.09.12-06.26.18:360][  0]SourceControl: Source control is disabled
[2018.09.12-06.26.18:360][  0]SourceControl: Source control is disabled
[2018.09.12-06.26.18:364][  0]SourceControl: Source control is disabled
[2018.09.12-06.26.18:366][  0]SourceControl: Source control is disabled
[2018.09.12-06.26.18:647][  0]LogAndroidPermission: UAndroidPermissionCallbackProxy::GetInstance
[2018.09.12-06.26.18:834][  0]LogOcInput: OculusInput pre-init called
[2018.09.12-06.26.18:938][  0]LogEngine: Initializing Engine...
[2018.09.12-06.26.18:940][  0]LogHMD: Failed to initialize OpenVR with code 110
[2018.09.12-06.26.18:942][  0]LogStats: UGameplayTagsManager::ConstructGameplayTagTree: ImportINI prefixes -  0.000 s
[2018.09.12-06.26.18:942][  0]LogStats: UGameplayTagsManager::ConstructGameplayTagTree: Construct from data asset -  0.000 s
[2018.09.12-06.26.18:942][  0]LogStats: UGameplayTagsManager::ConstructGameplayTagTree: ImportINI -  0.000 s
[2018.09.12-06.26.18:943][  0]LogStats: UGameplayTagsManager::ConstructGameplayTagTree: GameplayTagTreeChangedEvent.Broadcast -  0.000 s
[2018.09.12-06.26.19:235][  0]LogInit: Initializing FReadOnlyCVARCache
[2018.09.12-06.26.19:257][  0]LogAIModule: Creating AISystem for world Untitled
[2018.09.12-06.26.19:302][  0]LogInit: XAudio2 using '헤드폰(Cirrus Logic CS8409 (AB 54))' : 2 channels at 48 kHz using 32 bits per sample (channel mask 0x3)
[2018.09.12-06.26.19:349][  0]LogInit: FAudioDevice initialized.
[2018.09.12-06.26.19:350][  0]LogNetVersion: Set ProjectVersion to 1.0.0.0. Version Checksum will be recalculated on next use.
[2018.09.12-06.26.19:413][  0]LogDerivedDataCache: Saved boot cache 0.06s 71MB C:/Users/kara1978/AppData/Local/UnrealEngine/4.20/DerivedDataCache/Boot.ddc.
[2018.09.12-06.26.19:433][  0]LogInit: Texture streaming: Enabled
[2018.09.12-06.26.19:478][  0]LogEngineSessionManager: EngineSessionManager initialized
[2018.09.12-06.26.19:509][  0]LogInit: Transaction tracking system initialized
[2018.09.12-06.26.19:566][  0]BlueprintLog: New page: Editor Load
[2018.09.12-06.26.19:775][  0]LocalizationService: Localization service is disabled
[2018.09.12-06.26.19:881][  0]LogLinker: Warning: Can't find file '/Game/ThirdPersonBP/ThirdPersonOverview'
[2018.09.12-06.26.19:881][  0]LogLinker: Warning: Can't find file '/Game/ThirdPersonBP/ThirdPersonOverview'
[2018.09.12-06.26.19:882][  0]LogUObjectGlobals: Warning: Failed to find object 'Class /Game/ThirdPersonBP/ThirdPersonOverview.ThirdPersonOverview_C'
[2018.09.12-06.26.20:204][  0]LogCook: Display: Max memory allowance for cook 16384mb min free memory 0mb
[2018.09.12-06.26.20:204][  0]LogCook: Display: Mobile HDR setting 1
[2018.09.12-06.26.20:204][  0]LogGameplayTags: Display: UGameplayTagsManager::DoneAddingNativeTags. DelegateIsBound: 0
[2018.09.12-06.26.20:204][  0]LogStats: UGameplayTagsManager::ConstructGameplayTagTree: ImportINI prefixes -  0.000 s
[2018.09.12-06.26.20:204][  0]LogStats: UGameplayTagsManager::ConstructGameplayTagTree: Construct from data asset -  0.000 s
[2018.09.12-06.26.20:205][  0]LogStats: UGameplayTagsManager::ConstructGameplayTagTree: ImportINI -  0.000 s
[2018.09.12-06.26.20:205][  0]LogStats: UGameplayTagsManager::ConstructGameplayTagTree: GameplayTagTreeChangedEvent.Broadcast -  0.000 s
[2018.09.12-06.26.20:477][  0]LogFileCache: Scanning file cache for directory 'C:/Users/kara1978/Documents/Unreal Projects/Test_UE_car/TimeAttack/Content/' took 0.02s
[2018.09.12-06.26.20:477][  0]SourceControl: Source control is disabled
[2018.09.12-06.26.20:477][  0]Cmd: MAP LOAD FILE="../../../../../../Users/kara1978/Documents/Unreal Projects/Test_UE_car/TimeAttack/Content/VehicleBP/Maps/VehicleExampleMap.umap" TEMPLATE=0 SHOWPROGRESS=1 FEATURELEVEL=3
[2018.09.12-06.26.20:478][  0]LightingResults: New page: Lighting Build
[2018.09.12-06.26.20:483][  0]MapCheck: New page: Map Check
[2018.09.12-06.26.20:483][  0]LightingResults: New page: Lighting Build
[2018.09.12-06.26.21:212][  0]LogAIModule: Creating AISystem for world VehicleExampleMap
[2018.09.12-06.26.21:225][  0]LogEditorServer: Finished looking for orphan Actors (0.000 secs)
[2018.09.12-06.26.21:253][  0]Cmd: MAP CHECKDEP NOCLEARLOG
[2018.09.12-06.26.21:468][  0]MapCheck: Map check complete: 0 Error(s), 0 Warning(s), took 215.532ms to complete.
[2018.09.12-06.26.21:468][  0]LogFileHelpers: Loading map 'VehicleExampleMap' took 0.992
[2018.09.12-06.26.21:638][  0]LogSlate: Updating window title bar state: overlay mode, drag disabled, window buttons hidden, title bar hidden
[2018.09.12-06.26.21:649][  0]LogSlate: Updating window title bar state: overlay mode, drag disabled, window buttons hidden, title bar hidden
[2018.09.12-06.26.21:660][  0]LogSlate: Updating window title bar state: overlay mode, drag disabled, window buttons hidden, title bar hidden
[2018.09.12-06.26.21:671][  0]LogSlate: Updating window title bar state: overlay mode, drag disabled, window buttons hidden, title bar hidden
[2018.09.12-06.26.21:684][  0]LogCollectionManager: Loaded 0 collections in 0.002851 seconds
[2018.09.12-06.26.21:736][  0]LogFileCache: Scanning file cache for directory 'C:/Users/kara1978/Documents/Unreal Projects/Test_UE_car/TimeAttack/Saved/Collections/' took 0.01s
[2018.09.12-06.26.21:736][  0]LogFileCache: Scanning file cache for directory 'C:/Users/kara1978/Documents/Unreal Projects/Test_UE_car/TimeAttack/Content/Developers/kara1978/Collections/' took 0.01s
[2018.09.12-06.26.21:737][  0]LogFileCache: Scanning file cache for directory 'C:/Users/kara1978/Documents/Unreal Projects/Test_UE_car/TimeAttack/Content/Collections/' took 0.01s
[2018.09.12-06.26.21:737][  0]LogCollectionManager: Rebuilt the GUID cache for 0 collections in 0.000000 seconds
[2018.09.12-06.26.21:751][  0]LogContentBrowser: Native class hierarchy populated in 0.0146 seconds. Added 2574 classes and 606 folders.
[2018.09.12-06.26.21:763][  0]LogContentBrowser: Native class hierarchy updated for 'WidgetCarousel' in 0.0005 seconds. Added 0 classes and 0 folders.
[2018.09.12-06.26.21:914][  0]LogContentBrowser: Native class hierarchy updated for 'AddContentDialog' in 0.0005 seconds. Added 0 classes and 0 folders.
[2018.09.12-06.26.21:928][  0]LogContentBrowser: Native class hierarchy updated for 'SceneOutliner' in 0.0006 seconds. Added 1 classes and 2 folders.
[2018.09.12-06.26.21:969][  0]LogSlate: Took 0.000549 seconds to synchronously load lazily loaded font '../../../Engine/Content/Slate/Fonts/Roboto-Regular.ttf' (155K)
[2018.09.12-06.26.21:971][  0]LogSlate: Took 0.000463 seconds to synchronously load lazily loaded font '../../../Engine/Content/Slate/Fonts/Roboto-Bold.ttf' (160K)
[2018.09.12-06.26.21:980][  0]LogSlate: Took 0.000615 seconds to synchronously load lazily loaded font '../../../Engine/Content/Editor/Slate/Fonts/FontAwesome.ttf' (139K)
[2018.09.12-06.26.22:118][  0]LogRenderer: Reallocating scene render targets to support 1184x632 Format 10 NumSamples 1 (Frame:1).
[2018.09.12-06.26.22:396][  0]LogContentBrowser: Native class hierarchy updated for 'HierarchicalLODOutliner' in 0.0005 seconds. Added 0 classes and 0 folders.
[2018.09.12-06.26.22:396][  0]LogLoad: (Engine Initialization) Total time: 15.29 seconds
[2018.09.12-06.26.22:396][  0]LogLoad: (Engine Initialization) Total Blueprint compile time: 0.00 seconds
[2018.09.12-06.26.22:420][  0]LogWindowsTextInputMethodSystem: Display: IME system now activated using TSF (Microsoft 입력기).
[2018.09.12-06.26.22:427][  0]LogRawInputWindows: Warning: Found device 0 devices
[2018.09.12-06.26.22:428][  0]LogRawInputWindows: Warning: Found device 0 devices
[2018.09.12-06.26.22:428][  0]LogRawInputWindows: Warning: Device was registered succesfully but not connected (Usage:4 UsagePage:1)
[2018.09.12-06.26.22:428][  0]LogRawInputWindows: Warning: Found device 1 devices
[2018.09.12-06.26.22:428][  0]LogRawInputWindows: Warning: Device was registered succesfully but not connected (Usage:5 UsagePage:1)
[2018.09.12-06.26.22:457][  0]LogContentStreaming: Texture pool size now 3000 MB
[2018.09.12-06.26.22:564][  0]LogRenderer: Reallocating scene render targets to support 1184x652 Format 10 NumSamples 1 (Frame:3).
[2018.09.12-06.26.22:564][  0]LogSlate: Took 0.000596 seconds to synchronously load lazily loaded font '../../../Engine/Content/Slate/Fonts/Roboto-Light.ttf' (167K)
[2018.09.12-06.26.22:591][  1]LogAssetRegistry: Asset discovery search completed in 7.6986 seconds
[2018.09.12-06.26.22:594][  1]LogCollectionManager: Rebuilt the object cache for 0 collections in 0.000000 seconds (found 0 objects)
[2018.09.12-06.26.22:595][  1]LogCollectionManager: Fixed up redirectors for 0 collections in 0.000092 seconds (updated 0 objects)
[2018.09.12-06.26.33:646][448]LogSlate: FSceneViewport::OnFocusLost() reason 0
[2018.09.12-06.26.45:653][ 14]LogWindows: Warning: CreateProc failed: 지정된 파일을 찾을 수 없습니다. (0x00000002)
[2018.09.12-06.26.45:653][ 14]LogWindows: Warning: URL: C:/Program Files/Git/bin/git.exe version
[2018.09.12-06.26.45:654][ 14]LogWindows: Warning: CreateProc failed: 지정된 파일을 찾을 수 없습니다. (0x00000002)
[2018.09.12-06.26.45:654][ 14]LogWindows: Warning: URL: C:/Program Files (x86)/Git/bin/git.exe version
[2018.09.12-06.26.45:654][ 14]LogWindows: Warning: CreateProc failed: 지정된 파일을 찾을 수 없습니다. (0x00000002)
[2018.09.12-06.26.45:654][ 14]LogWindows: Warning: URL: C:\Users\kara1978\AppData\Local/Programs/Git/cmd/git.exe version
[2018.09.12-06.26.45:655][ 14]LogWindows: Warning: CreateProc failed: 지정된 파일을 찾을 수 없습니다. (0x00000002)
[2018.09.12-06.26.45:655][ 14]LogWindows: Warning: URL: C:/Program Files (x86)/SmartGit/git/bin/git.exe version
[2018.09.12-06.26.45:655][ 14]LogWindows: Warning: CreateProc failed: 지정된 파일을 찾을 수 없습니다. (0x00000002)
[2018.09.12-06.26.45:655][ 14]LogWindows: Warning: URL: C:/Program Files (x86)/SmartGit/bin/git.exe version
[2018.09.12-06.26.45:656][ 14]LogWindows: Warning: CreateProc failed: 지정된 파일을 찾을 수 없습니다. (0x00000002)
[2018.09.12-06.26.45:656][ 14]LogWindows: Warning: URL: C:\Users\kara1978\AppData\Local/Atlassian/SourceTree/git_local/bin/git.exe version
[2018.09.12-06.26.45:656][ 14]LogWindows: Warning: CreateProc failed: 지정된 파일을 찾을 수 없습니다. (0x00000002)
[2018.09.12-06.26.45:656][ 14]LogWindows: Warning: URL: C:/Program Files (x86)/fournova/Tower/vendor/Git/bin/git.exe version
[2018.09.12-06.26.51:817][278]LogWindows: Warning: CreateProc failed: 지정된 파일을 찾을 수 없습니다. (0x00000002)
[2018.09.12-06.26.51:817][278]LogWindows: Warning: URL: C:/Program Files/Epic Games/UE_4.20/Engine/Binaries/Win64/ version
[2018.09.12-06.29.17:349][401]SourceControl: Source control is disabled
[2018.09.12-06.29.17:349][401]LogSlate: Window 'Source Control Login' being destroyed
[2018.09.12-06.29.33:065][771]LogWindows: Warning: CreateProc failed: 지정된 파일을 찾을 수 없습니다. (0x00000002)
[2018.09.12-06.29.33:065][771]LogWindows: Warning: URL: C:/Program Files/Epic Games/UE_4.20/Engine/Binaries/Win64/ version
[2018.09.12-06.29.45:110][205]SourceControl: Source control is disabled
[2018.09.12-06.29.45:110][205]LogSlate: Window 'Source Control Login' being destroyed
[2018.09.12-06.29.49:440][383]LogSlate: Took 0.000677 seconds to synchronously load lazily loaded font '../../../Engine/Content/Slate/Fonts/Roboto-Light.ttf' (167K)
[2018.09.12-06.29.49:829][383]LogSavePackage: Moving '../../../../../../Users/kara1978/Documents/Unreal Projects/Test_UE_car/TimeAttack/Saved/VehicleExampleMap26ED1B754DC26FAA4B94F4831127CCB5.tmp' to '../../../../../../Users/kara1978/Documents/Unreal Projects/Test_UE_car/TimeAttack/Content/VehicleBP/Maps/VehicleExampleMap.umap'
[2018.09.12-06.29.52:387][383]LogSavePackage: Moving '../../../../../../Users/kara1978/Documents/Unreal Projects/Test_UE_car/TimeAttack/Saved/VehicleExampleMap_BuiltDataCDD5F688479A98A8BEA489A56871ED4C.tmp' to '../../../../../../Users/kara1978/Documents/Unreal Projects/Test_UE_car/TimeAttack/Content/VehicleBP/Maps/VehicleExampleMap_BuiltData.uasset'
[2018.09.12-06.36.56:799][913]LogSlate: Window 'TimeAttack - Unreal Editor' being destroyed
[2018.09.12-06.36.57:096][914]Cmd: QUIT_EDITOR
[2018.09.12-06.36.57:522][914]LogWindowsTextInputMethodSystem: Display: IME system now activated using TSF (Microsoft 입력기).
[2018.09.12-06.36.57:551][914]LogExit: Preparing to exit.
[2018.09.12-06.36.58:515][914]LogExit: Editor shut down
[2018.09.12-06.36.58:515][914]LogExit: Transaction tracking system shut down
[2018.09.12-06.36.59:090][914]LogExit: Object subsystem successfully closed.
[2018.09.12-06.36.59:140][914]LogShaderCompilers: Display: Shaders left to compile 0
[2018.09.12-06.36.59:147][914]LogD3D11RHI: Shutdown
[2018.09.12-06.36.59:147][914]LogD3D11RHI: CleanupD3DDevice
[2018.09.12-06.36.59:192][914]LogD3D11RHI: ~FD3D11DynamicRHI
[2018.09.12-06.36.59:259][914]LogModuleManager: Shutting down and abandoning module HierarchicalLODOutliner (612)
[2018.09.12-06.36.59:260][914]LogModuleManager: Shutting down and abandoning module SceneOutliner (610)
[2018.09.12-06.36.59:260][914]LogModuleManager: Shutting down and abandoning module AddContentDialog (608)
[2018.09.12-06.36.59:260][914]LogModuleManager: Shutting down and abandoning module WidgetCarousel (607)
[2018.09.12-06.36.59:260][914]LogModuleManager: Shutting down and abandoning module EditorWidgets (604)
[2018.09.12-06.36.59:260][914]LogModuleManager: Shutting down and abandoning module CollectionManager (602)
[2018.09.12-06.36.59:260][914]LogModuleManager: Shutting down and abandoning module StatsViewer (600)
[2018.09.12-06.36.59:260][914]LogModuleManager: Shutting down and abandoning module FoliageEdit (598)
[2018.09.12-06.36.59:260][914]LogModuleManager: Shutting down and abandoning module LandscapeEditor (596)
[2018.09.12-06.36.59:260][914]LogModuleManager: Shutting down and abandoning module MeshPaintMode (594)
[2018.09.12-06.36.59:261][914]LogModuleManager: Shutting down and abandoning module SceneDepthPickerMode (592)
[2018.09.12-06.36.59:261][914]LogModuleManager: Shutting down and abandoning module ActorPickerMode (590)
[2018.09.12-06.36.59:261][914]LogModuleManager: Shutting down and abandoning module GeometryMode (588)
[2018.09.12-06.36.59:261][914]LogModuleManager: Shutting down and abandoning module TextureAlignMode (586)
[2018.09.12-06.36.59:261][914]LogModuleManager: Shutting down and abandoning module BspMode (584)
[2018.09.12-06.36.59:261][914]LogModuleManager: Shutting down and abandoning module PIEPreviewDeviceProfileSelector (582)
[2018.09.12-06.36.59:261][914]LogModuleManager: Shutting down and abandoning module SequenceRecorderSections (580)
[2018.09.12-06.36.59:261][914]LogModuleManager: Shutting down and abandoning module AutomationWorker (578)
[2018.09.12-06.36.59:261][914]LogModuleManager: Shutting down and abandoning module AudioCaptureEditor (576)
[2018.09.12-06.36.59:261][914]LogModuleManager: Shutting down and abandoning module SequenceRecorder (575)
[2018.09.12-06.36.59:261][914]LogModuleManager: Shutting down and abandoning module MatineeToLevelSequence (572)
[2018.09.12-06.36.59:261][914]LogModuleManager: Shutting down and abandoning module LevelSequenceEditor (570)
[2018.09.12-06.36.59:261][914]LogModuleManager: Shutting down and abandoning module PlacementMode (569)
[2018.09.12-06.36.59:261][914]LogModuleManager: Shutting down and abandoning module MaterialEditor (568)
[2018.09.12-06.36.59:261][914]LogModuleManager: Shutting down and abandoning module WmfMediaFactory (564)
[2018.09.12-06.36.59:261][914]LogModuleManager: Shutting down and abandoning module WmfMediaEditor (562)
[2018.09.12-06.36.59:261][914]LogModuleManager: Shutting down and abandoning module MediaPlayerEditor (560)
[2018.09.12-06.36.59:261][914]LogModuleManager: Shutting down and abandoning module OpenExrWrapper (558)
[2018.09.12-06.36.59:261][914]LogModuleManager: Shutting down and abandoning module ImgMediaFactory (556)
[2018.09.12-06.36.59:261][914]LogModuleManager: Shutting down and abandoning module ImgMediaEditor (554)
[2018.09.12-06.36.59:261][914]LogModuleManager: Shutting down and abandoning module AvfMediaFactory (552)
[2018.09.12-06.36.59:261][914]LogModuleManager: Shutting down and abandoning module AvfMediaEditor (550)
[2018.09.12-06.36.59:261][914]LogModuleManager: Shutting down and abandoning module AndroidMediaFactory (548)
[2018.09.12-06.36.59:261][914]LogModuleManager: Shutting down and abandoning module AndroidMediaEditor (546)
[2018.09.12-06.36.59:261][914]LogModuleManager: Shutting down and abandoning module MagicLeapCameraPreviewFactory (544)
[2018.09.12-06.36.59:261][914]LogModuleManager: Shutting down and abandoning module MagicLeapMediaFactory (542)
[2018.09.12-06.36.59:261][914]LogModuleManager: Shutting down and abandoning module MagicLeapMediaEditor (540)
[2018.09.12-06.36.59:261][914]LogModuleManager: Shutting down and abandoning module CharacterAI (538)
[2018.09.12-06.36.59:261][914]LogModuleManager: Shutting down and abandoning module SmartSnapping (536)
[2018.09.12-06.36.59:261][914]LogModuleManager: Shutting down and abandoning module SessionServices (534)
[2018.09.12-06.36.59:262][914]LogModuleManager: Shutting down and abandoning module ViewportSnapping (532)
[2018.09.12-06.36.59:262][914]LogModuleManager: Shutting down and abandoning module ViewportInteraction (530)
[2018.09.12-06.36.59:262][914]LogModuleManager: Shutting down and abandoning module ClothPainter (528)
[2018.09.12-06.36.59:262][914]LogModuleManager: Shutting down and abandoning module SkeletalMeshEditor (527)
[2018.09.12-06.36.59:262][914]LogModuleManager: Shutting down and abandoning module LogVisualizer (524)
[2018.09.12-06.36.59:262][914]LogModuleManager: Shutting down and abandoning module IntroTutorials (522)
[2018.09.12-06.36.59:262][914]LogModuleManager: Shutting down and abandoning module GameProjectGeneration (521)
[2018.09.12-06.36.59:262][914]LogModuleManager: Shutting down and abandoning module LuminPlatformEditor (518)
[2018.09.12-06.36.59:262][914]LogModuleManager: Shutting down and abandoning module IOSPlatformEditor (516)
[2018.09.12-06.36.59:262][914]LogModuleManager: Shutting down and abandoning module HTML5PlatformEditor (514)
[2018.09.12-06.36.59:262][914]LogModuleManager: Shutting down and abandoning module AndroidPlatformEditor (512)
[2018.09.12-06.36.59:262][914]LogModuleManager: Shutting down and abandoning module AndroidDeviceDetection (511)
[2018.09.12-06.37.00:190][914]LogModuleManager: Shutting down and abandoning module WindowsPlatformEditor (508)
[2018.09.12-06.37.00:190][914]LogModuleManager: Shutting down and abandoning module LuminRuntimeSettings (506)
[2018.09.12-06.37.00:190][914]LogModuleManager: Shutting down and abandoning module IOSRuntimeSettings (504)
[2018.09.12-06.37.00:190][914]LogModuleManager: Shutting down and abandoning module AndroidRuntimeSettings (502)
[2018.09.12-06.37.00:190][914]LogModuleManager: Shutting down and abandoning module InputBindingEditor (500)
[2018.09.12-06.37.00:190][914]LogModuleManager: Shutting down and abandoning module MergeActors (498)
[2018.09.12-06.37.00:190][914]LogModuleManager: Shutting down and abandoning module LocalizationDashboard (496)
[2018.09.12-06.37.00:191][914]LogModuleManager: Shutting down and abandoning module LocalizationService (495)
[2018.09.12-06.37.00:191][914]LogModuleManager: Shutting down and abandoning module HardwareTargeting (492)
[2018.09.12-06.37.00:191][914]LogModuleManager: Shutting down and abandoning module DeviceProfileEditor (490)
[2018.09.12-06.37.00:191][914]LogModuleManager: Shutting down and abandoning module UndoHistory (488)
[2018.09.12-06.37.00:191][914]LogModuleManager: Shutting down and abandoning module XmlParser (486)
[2018.09.12-06.37.00:191][914]LogModuleManager: Shutting down and abandoning module Blutility (484)
[2018.09.12-06.37.00:191][914]LogModuleManager: Shutting down and abandoning module ProjectSettingsViewer (482)
[2018.09.12-06.37.00:191][914]LogModuleManager: Shutting down and abandoning module ProjectTargetPlatformEditor (481)
[2018.09.12-06.37.00:191][914]LogModuleManager: Shutting down and abandoning module EditorSettingsViewer (478)
[2018.09.12-06.37.00:191][914]LogModuleManager: Shutting down and abandoning module SettingsEditor (476)
[2018.09.12-06.37.00:191][914]LogModuleManager: Shutting down and abandoning module ProjectLauncher (474)
[2018.09.12-06.37.00:191][914]LogModuleManager: Shutting down and abandoning module SessionFrontend (472)
[2018.09.12-06.37.00:191][914]LogModuleManager: Shutting down and abandoning module ProfilerClient (470)
[2018.09.12-06.37.00:191][914]LogModuleManager: Shutting down and abandoning module DeviceManager (468)
[2018.09.12-06.37.00:191][914]LogModuleManager: Shutting down and abandoning module TargetDeviceServices (467)
[2018.09.12-06.37.00:246][914]LogModuleManager: Shutting down and abandoning module AutomationController (464)
[2018.09.12-06.37.00:246][914]LogModuleManager: Shutting down and abandoning module AutomationWindow (462)
[2018.09.12-06.37.00:246][914]LogModuleManager: Shutting down and abandoning module Layers (460)
[2018.09.12-06.37.00:246][914]LogModuleManager: Shutting down and abandoning module ComponentVisualizers (458)
[2018.09.12-06.37.00:246][914]LogModuleManager: Shutting down and abandoning module DetailCustomizations (456)
[2018.09.12-06.37.00:246][914]LogModuleManager: Shutting down and abandoning module PackagesDialog (454)
[2018.09.12-06.37.00:246][914]LogModuleManager: Shutting down and abandoning module Persona (452)
[2018.09.12-06.37.00:246][914]LogModuleManager: Shutting down and abandoning module AdvancedPreviewScene (451)
[2018.09.12-06.37.00:246][914]LogModuleManager: Shutting down and abandoning module AnimGraph (449)
[2018.09.12-06.37.00:246][914]LogModuleManager: Shutting down and abandoning module Kismet (446)
[2018.09.12-06.37.00:246][914]LogModuleManager: Shutting down and abandoning module GraphEditor (444)
[2018.09.12-06.37.00:246][914]LogModuleManager: Shutting down and abandoning module ClassViewer (442)
[2018.09.12-06.37.00:246][914]LogModuleManager: Shutting down and abandoning module Toolbox (440)
[2018.09.12-06.37.00:246][914]LogModuleManager: Shutting down and abandoning module ModuleUI (438)
[2018.09.12-06.37.00:247][914]LogModuleManager: Shutting down and abandoning module MovieSceneTools (436)
[2018.09.12-06.37.00:247][914]LogModuleManager: Shutting down and abandoning module OutputLog (434)
[2018.09.12-06.37.00:247][914]LogModuleManager: Shutting down and abandoning module GammaUI (432)
[2018.09.12-06.37.00:247][914]LogModuleManager: Shutting down and abandoning module Documentation (430)
[2018.09.12-06.37.00:247][914]LogModuleManager: Shutting down and abandoning module MovieSceneTracks (428)
[2018.09.12-06.37.00:247][914]LogModuleManager: Shutting down and abandoning module MovieScene (426)
[2018.09.12-06.37.00:247][914]LogModuleManager: Shutting down and abandoning module StreamingPauseRendering (424)
[2018.09.12-06.37.00:247][914]LogModuleManager: Shutting down and abandoning module LauncherPlatform (422)
[2018.09.12-06.37.00:247][914]LogModuleManager: Shutting down and abandoning module AnalyticsET (420)
[2018.09.12-06.37.00:247][914]LogModuleManager: Shutting down and abandoning module PortalServices (418)
[2018.09.12-06.37.00:247][914]LogModuleManager: Shutting down and abandoning module PortalRpc (416)
[2018.09.12-06.37.00:247][914]LogModuleManager: Shutting down and abandoning module MessagingRpc (414)
[2018.09.12-06.37.00:247][914]LogModuleManager: Shutting down and abandoning module AIModule (412)
[2018.09.12-06.37.00:247][914]LogModuleManager: Shutting down and abandoning module GameplayDebugger (411)
[2018.09.12-06.37.00:247][914]LogModuleManager: Shutting down and abandoning module AITestSuite (409)
[2018.09.12-06.37.00:247][914]LogModuleManager: Shutting down and abandoning module NavigationSystem (407)
[2018.09.12-06.37.00:247][914]LogModuleManager: Shutting down and abandoning module DesktopPlatform (404)
[2018.09.12-06.37.00:247][914]LogModuleManager: Shutting down and abandoning module ProfilerService (402)
[2018.09.12-06.37.00:444][914]LogModuleManager: Shutting down and abandoning module TaskGraph (400)
[2018.09.12-06.37.00:444][914]LogModuleManager: Shutting down and abandoning module SteamVRController (398)
[2018.09.12-06.37.00:444][914]LogModuleManager: Shutting down and abandoning module ProceduralMeshComponentEditor (396)
[2018.09.12-06.37.00:445][914]LogModuleManager: Shutting down and abandoning module ProceduralMeshComponent (394)
[2018.09.12-06.37.00:445][914]LogModuleManager: Shutting down and abandoning module OculusInput (392)
[2018.09.12-06.37.00:445][914]LogModuleManager: Shutting down and abandoning module MobilePatchingUtils (390)
[2018.09.12-06.37.00:445][914]LogModuleManager: Shutting down and abandoning module EditableMesh (388)
[2018.09.12-06.37.00:445][914]LogModuleManager: Shutting down and abandoning module CustomMeshComponent (386)
[2018.09.12-06.37.00:445][914]LogModuleManager: Shutting down and abandoning module CableComponent (384)
[2018.09.12-06.37.00:445][914]LogModuleManager: Shutting down and abandoning module AudioCapture (382)
[2018.09.12-06.37.00:445][914]LogModuleManager: Shutting down and abandoning module ArchVisCharacter (380)
[2018.09.12-06.37.00:445][914]LogModuleManager: Shutting down and abandoning module AndroidPermission (378)
[2018.09.12-06.37.00:445][914]LogModuleManager: Shutting down and abandoning module NUTUnrealEngine4 (376)
[2018.09.12-06.37.00:445][914]LogModuleManager: Shutting down and abandoning module NetcodeUnitTest (374)
[2018.09.12-06.37.00:445][914]LogModuleManager: Shutting down and abandoning module MediaCompositingEditor (372)
[2018.09.12-06.37.00:445][914]LogModuleManager: Shutting down and abandoning module MediaCompositing (370)
[2018.09.12-06.37.00:445][914]LogModuleManager: Shutting down and abandoning module LinearTimecode (368)
[2018.09.12-06.37.00:445][914]LogModuleManager: Shutting down and abandoning module ImgMedia (366)
[2018.09.12-06.37.00:451][914]LogModuleManager: Shutting down and abandoning module RawInput (364)
[2018.09.12-06.37.00:451][914]LogModuleManager: Shutting down and abandoning module HTML5Networking (362)
[2018.09.12-06.37.00:451][914]LogModuleManager: Shutting down and abandoning module GeometryCacheTracks (360)
[2018.09.12-06.37.00:451][914]LogModuleManager: Shutting down and abandoning module GeometryCacheSequencer (358)
[2018.09.12-06.37.00:451][914]LogModuleManager: Shutting down and abandoning module BackChannel (356)
[2018.09.12-06.37.00:451][914]LogModuleManager: Shutting down and abandoning module AppleVision (354)
[2018.09.12-06.37.00:451][914]LogModuleManager: Shutting down and abandoning module AppleImageUtils (352)
[2018.09.12-06.37.00:451][914]LogModuleManager: Shutting down and abandoning module AlembicImporter (350)
[2018.09.12-06.37.00:451][914]LogModuleManager: Shutting down and abandoning module AlembicLibrary (349)
[2018.09.12-06.37.00:451][914]LogModuleManager: Shutting down and abandoning module GeometryCache (348)
[2018.09.12-06.37.00:451][914]LogModuleManager: Shutting down and abandoning module GeometryCacheEd (347)
[2018.09.12-06.37.00:451][914]LogModuleManager: Shutting down and abandoning module DatasmithContentEditor (342)
[2018.09.12-06.37.00:451][914]LogModuleManager: Shutting down and abandoning module DatasmithContent (340)
[2018.09.12-06.37.00:454][914]LogModuleManager: Shutting down and abandoning module SpeedTreeImporter (338)
[2018.09.12-06.37.00:454][914]LogModuleManager: Shutting down and abandoning module PluginBrowser (336)
[2018.09.12-06.37.00:454][914]LogModuleManager: Shutting down and abandoning module MobileLauncherProfileWizard (334)
[2018.09.12-06.37.00:454][914]LogModuleManager: Shutting down and abandoning module PolygonModeling (332)
[2018.09.12-06.37.00:454][914]LogModuleManager: Shutting down and abandoning module MeshEditor (330)
[2018.09.12-06.37.00:454][914]LogModuleManager: Shutting down and abandoning module CryptoKeysOpenSSL (328)
[2018.09.12-06.37.00:454][914]LogModuleManager: Shutting down and abandoning module CryptoKeys (326)
[2018.09.12-06.37.00:454][914]LogModuleManager: Shutting down and abandoning module VisualStudioSourceCodeAccess (324)
[2018.09.12-06.37.00:455][914]LogModuleManager: Shutting down and abandoning module VisualStudioCodeSourceCodeAccess (322)
[2018.09.12-06.37.00:455][914]LogModuleManager: Shutting down and abandoning module UObjectPlugin (320)
[2018.09.12-06.37.00:455][914]LogModuleManager: Shutting down and abandoning module SubversionSourceControl (318)
[2018.09.12-06.37.00:455][914]LogModuleManager: Shutting down and abandoning module PerforceSourceControl (316)
[2018.09.12-06.37.00:455][914]LogModuleManager: Shutting down and abandoning module GitSourceControl (314)
[2018.09.12-06.37.00:455][914]LogModuleManager: Shutting down and abandoning module SourceControl (313)
[2018.09.12-06.37.00:455][914]LogModuleManager: Shutting down and abandoning module CLionSourceCodeAccess (310)
[2018.09.12-06.37.00:455][914]LogModuleManager: Shutting down and abandoning module LightPropagationVolumeEditor (308)
[2018.09.12-06.37.00:455][914]LogModuleManager: Shutting down and abandoning module PaperTiledImporter (306)
[2018.09.12-06.37.00:455][914]LogModuleManager: Shutting down and abandoning module PaperSpriteSheetImporter (304)
[2018.09.12-06.37.00:455][914]LogModuleManager: Shutting down and abandoning module Paper2DEditor (302)
[2018.09.12-06.37.00:455][914]LogModuleManager: Shutting down and abandoning module MeshPaint (301)
[2018.09.12-06.37.00:455][914]LogModuleManager: Shutting down and abandoning module RuntimePhysXCooking (298)
[2018.09.12-06.37.00:455][914]LogModuleManager: Shutting down and abandoning module PhysXVehiclesEditor (296)
[2018.09.12-06.37.00:455][914]LogModuleManager: Shutting down and abandoning module PhysXVehicles (294)
[2018.09.12-06.37.00:455][914]LogModuleManager: Shutting down and abandoning module OculusEditor (292)
[2018.09.12-06.37.00:455][914]LogModuleManager: Shutting down and abandoning module LocationServicesBPLibrary (290)
[2018.09.12-06.37.00:455][914]LogModuleManager: Shutting down and abandoning module ImmediatePhysicsEditor (288)
[2018.09.12-06.37.00:455][914]LogModuleManager: Shutting down and abandoning module ImmediatePhysics (286)
[2018.09.12-06.37.00:455][914]LogModuleManager: Shutting down and abandoning module ActorSequence (284)
[2018.09.12-06.37.00:455][914]LogModuleManager: Shutting down and abandoning module UdpMessaging (282)
[2018.09.12-06.37.00:556][914]LogModuleManager: Shutting down and abandoning module TcpMessaging (280)
[2018.09.12-06.37.00:657][914]LogModuleManager: Shutting down and abandoning module MagicLeapAudio (278)
[2018.09.12-06.37.00:657][914]LogModuleManager: Shutting down and abandoning module GameplayTagsEditor (276)
[2018.09.12-06.37.00:657][914]LogModuleManager: Shutting down and abandoning module FacialAnimationEditor (274)
[2018.09.12-06.37.00:657][914]LogModuleManager: Shutting down and abandoning module FacialAnimation (272)
[2018.09.12-06.37.00:657][914]LogModuleManager: Shutting down and abandoning module DataValidation (270)
[2018.09.12-06.37.00:657][914]LogModuleManager: Shutting down and abandoning module AssetManagerEditor (268)
[2018.09.12-06.37.00:657][914]LogModuleManager: Shutting down and abandoning module LevelEditor (267)
[2018.09.12-06.37.00:658][914]LogModuleManager: Shutting down and abandoning module PixelInspectorModule (266)
[2018.09.12-06.37.00:658][914]LogModuleManager: Shutting down and abandoning module CommonMenuExtensions (264)
[2018.09.12-06.37.00:658][914]LogModuleManager: Shutting down and abandoning module MainFrame (262)
[2018.09.12-06.37.00:658][914]LogModuleManager: Shutting down and abandoning module HotReload (261)
[2018.09.12-06.37.00:659][914]LogModuleManager: Shutting down and abandoning module ContentBrowser (257)
[2018.09.12-06.37.00:660][914]LogModuleManager: Shutting down and abandoning module TreeMap (255)
[2018.09.12-06.37.00:660][914]LogModuleManager: Shutting down and abandoning module LightPropagationVolumeRuntime (252)
[2018.09.12-06.37.00:661][914]LogModuleManager: Shutting down and abandoning module AISupportModule (250)
[2018.09.12-06.37.00:661][914]LogModuleManager: Shutting down and abandoning module Paper2D (248)
[2018.09.12-06.37.00:661][914]LogModuleManager: Shutting down and abandoning module WindowsMoviePlayer (246)
[2018.09.12-06.37.00:661][914]LogModuleManager: Shutting down and abandoning module WmfMedia (244)
[2018.09.12-06.37.00:665][914]LogModuleManager: Shutting down and abandoning module Media (243)
[2018.09.12-06.37.00:671][914]LogModuleManager: Shutting down and abandoning module PacketHandler (240)
[2018.09.12-06.37.00:671][914]LogModuleManager: Shutting down and abandoning module ClothingSystemEditor (238)
[2018.09.12-06.37.00:671][914]LogModuleManager: Shutting down and abandoning module ClothingSystemRuntime (236)
[2018.09.12-06.37.00:671][914]LogModuleManager: Shutting down and abandoning module MediaAssets (234)
[2018.09.12-06.37.00:671][914]LogModuleManager: Shutting down and abandoning module Overlay (232)
[2018.09.12-06.37.00:671][914]LogModuleManager: Shutting down and abandoning module OverlayEditor (231)
[2018.09.12-06.37.00:671][914]LogModuleManager: Shutting down and abandoning module VREditor (228)
[2018.09.12-06.37.00:671][914]LogModuleManager: Shutting down and abandoning module StringTableEditor (226)
[2018.09.12-06.37.00:671][914]LogModuleManager: Shutting down and abandoning module GameplayTasksEditor (224)
[2018.09.12-06.37.00:672][914]LogModuleManager: Shutting down and abandoning module BehaviorTreeEditor (222)
[2018.09.12-06.37.00:672][914]LogModuleManager: Shutting down and abandoning module FunctionalTesting (220)
[2018.09.12-06.37.00:672][914]LogModuleManager: Shutting down and abandoning module CollisionAnalyzer (218)
[2018.09.12-06.37.00:672][914]LogModuleManager: Shutting down and abandoning module WorkspaceMenuStructure (217)
[2018.09.12-06.37.00:672][914]LogModuleManager: Shutting down and abandoning module UMG (214)
[2018.09.12-06.37.00:672][914]LogModuleManager: Shutting down and abandoning module UMGEditor (213)
[2018.09.12-06.37.00:672][914]LogModuleManager: Shutting down and abandoning module Sequencer (212)
[2018.09.12-06.37.00:672][914]LogModuleManager: Shutting down and abandoning module MessageLog (209)
[2018.09.12-06.37.00:672][914]LogModuleManager: Shutting down and abandoning module SlateReflector (204)
[2018.09.12-06.37.00:672][914]LogModuleManager: Shutting down and abandoning module Slate (202)
[2018.09.12-06.37.00:672][914]LogModuleManager: Shutting down and abandoning module EditorStyle (200)
[2018.09.12-06.37.00:674][914]LogModuleManager: Shutting down and abandoning module MRMesh (198)
[2018.09.12-06.37.00:674][914]LogModuleManager: Shutting down and abandoning module SourceCodeAccess (196)
[2018.09.12-06.37.00:674][914]LogModuleManager: Shutting down and abandoning module HeadMountedDisplay (194)
[2018.09.12-06.37.00:674][914]LogModuleManager: Shutting down and abandoning module XAudio2 (192)
[2018.09.12-06.37.00:674][914]LogModuleManager: Shutting down and abandoning module Networking (190)
[2018.09.12-06.37.00:674][914]LogModuleManager: Shutting down and abandoning module Core (188)
[2018.09.12-06.37.00:674][914]LogModuleManager: Shutting down and abandoning module LevelSequence (186)
[2018.09.12-06.37.00:674][914]LogModuleManager: Shutting down and abandoning module KismetCompiler (184)
[2018.09.12-06.37.00:674][914]LogModuleManager: Shutting down and abandoning module MeshUtilities (182)
[2018.09.12-06.37.00:674][914]LogModuleManager: Shutting down and abandoning module MeshMergeUtilities (181)
[2018.09.12-06.37.00:674][914]LogModuleManager: Shutting down and abandoning module MeshReductionInterface (180)
[2018.09.12-06.37.00:674][914]LogModuleManager: Shutting down and abandoning module SimplygonSwarm (179)
[2018.09.12-06.37.00:674][914]LogModuleManager: Shutting down and abandoning module ProxyLODMeshReduction (177)
[2018.09.12-06.37.00:674][914]LogModuleManager: Shutting down and abandoning module SimplygonMeshReduction (175)
[2018.09.12-06.37.00:674][914]LogModuleManager: Shutting down and abandoning module QuadricMeshReduction (173)
[2018.09.12-06.37.00:674][914]LogModuleManager: Shutting down and abandoning module MaterialBaking (169)
[2018.09.12-06.37.00:674][914]LogModuleManager: Shutting down and abandoning module DirectoryWatcher (165)
[2018.09.12-06.37.00:674][914]LogModuleManager: Shutting down and abandoning module DerivedDataCache (162)
[2018.09.12-06.37.00:741][914]LogDerivedDataCache: Shutdown
[2018.09.12-06.37.00:741][914]LogModuleManager: Shutting down and abandoning module XGEController (160)
[2018.09.12-06.37.00:741][914]LogModuleManager: Shutting down and abandoning module TargetPlatform (158)
[2018.09.12-06.37.00:741][914]LogModuleManager: Shutting down and abandoning module VulkanShaderFormat (157)
[2018.09.12-06.37.00:741][914]LogModuleManager: Shutting down and abandoning module ShaderFormatVectorVM (155)
[2018.09.12-06.37.00:741][914]LogModuleManager: Shutting down and abandoning module ShaderFormatOpenGL (153)
[2018.09.12-06.37.00:741][914]LogModuleManager: Shutting down and abandoning module ShaderFormatD3D (151)
[2018.09.12-06.37.00:741][914]LogModuleManager: Shutting down and abandoning module MetalShaderFormat (149)
[2018.09.12-06.37.00:741][914]LogModuleManager: Shutting down and abandoning module TextureFormatUncompressed (147)
[2018.09.12-06.37.00:741][914]LogModuleManager: Shutting down and abandoning module TextureFormatPVR (145)
[2018.09.12-06.37.00:741][914]LogModuleManager: Shutting down and abandoning module TextureFormatDXT (143)
[2018.09.12-06.37.00:741][914]LogModuleManager: Shutting down and abandoning module TextureFormatIntelISPCTexComp (141)
[2018.09.12-06.37.00:741][914]LogModuleManager: Shutting down and abandoning module TextureFormatASTC (139)
[2018.09.12-06.37.00:741][914]LogModuleManager: Shutting down and abandoning module ImageWrapper (138)
[2018.09.12-06.37.00:741][914]LogModuleManager: Shutting down and abandoning module TextureFormatAndroid (135)
[2018.09.12-06.37.00:741][914]LogModuleManager: Shutting down and abandoning module AudioFormatOpus (133)
[2018.09.12-06.37.00:741][914]LogModuleManager: Shutting down and abandoning module AudioFormatOgg (131)
[2018.09.12-06.37.00:741][914]LogModuleManager: Shutting down and abandoning module AudioFormatADPCM (129)
[2018.09.12-06.37.00:741][914]LogModuleManager: Shutting down and abandoning module LuminTargetPlatform (127)
[2018.09.12-06.37.00:741][914]LogModuleManager: Shutting down and abandoning module LinuxTargetPlatform (125)
[2018.09.12-06.37.00:741][914]LogModuleManager: Shutting down and abandoning module LinuxServerTargetPlatform (123)
[2018.09.12-06.37.00:741][914]LogModuleManager: Shutting down and abandoning module LinuxNoEditorTargetPlatform (121)
[2018.09.12-06.37.00:741][914]LogModuleManager: Shutting down and abandoning module LinuxClientTargetPlatform (119)
[2018.09.12-06.37.00:741][914]LogModuleManager: Shutting down and abandoning module TVOSTargetPlatform (117)
[2018.09.12-06.37.00:743][914]LogModuleManager: Shutting down and abandoning module Messaging (115)
[2018.09.12-06.37.00:743][914]LogModuleManager: Shutting down and abandoning module IOSTargetPlatform (113)
[2018.09.12-06.37.00:744][914]LogModuleManager: Shutting down and abandoning module HTML5TargetPlatform (111)
[2018.09.12-06.37.00:744][914]LogModuleManager: Shutting down and abandoning module AndroidTargetPlatform (109)
[2018.09.12-06.37.00:753][914]LogModuleManager: Shutting down and abandoning module WindowsTargetPlatform (107)
[2018.09.12-06.37.00:753][914]LogModuleManager: Shutting down and abandoning module WindowsServerTargetPlatform (105)
[2018.09.12-06.37.00:753][914]LogModuleManager: Shutting down and abandoning module WindowsNoEditorTargetPlatform (103)
[2018.09.12-06.37.00:753][914]LogModuleManager: Shutting down and abandoning module WindowsClientTargetPlatform (101)
[2018.09.12-06.37.00:753][914]LogModuleManager: Shutting down and abandoning module MacTargetPlatform (99)
[2018.09.12-06.37.00:753][914]LogModuleManager: Shutting down and abandoning module MacServerTargetPlatform (97)
[2018.09.12-06.37.00:753][914]LogModuleManager: Shutting down and abandoning module MacNoEditorTargetPlatform (95)
[2018.09.12-06.37.00:753][914]LogModuleManager: Shutting down and abandoning module MacClientTargetPlatform (93)
[2018.09.12-06.37.00:753][914]LogModuleManager: Shutting down and abandoning module AllDesktopTargetPlatform (91)
[2018.09.12-06.37.00:754][914]LogModuleManager: Shutting down and abandoning module InputCore (88)
[2018.09.12-06.37.00:754][914]LogModuleManager: Shutting down and abandoning module Settings (86)
[2018.09.12-06.37.00:754][914]LogModuleManager: Shutting down and abandoning module PhysXCooking (84)
[2018.09.12-06.37.00:754][914]LogModuleManager: Shutting down and abandoning module SteamVR (82)
[2018.09.12-06.37.00:754][914]LogModuleManager: Shutting down and abandoning module OculusHMD (80)
[2018.09.12-06.37.00:754][914]LogModuleManager: Shutting down and abandoning module ExampleDeviceProfileSelector (78)
[2018.09.12-06.37.00:754][914]LogModuleManager: Shutting down and abandoning module LauncherChunkInstaller (76)
[2018.09.12-06.37.00:754][914]LogModuleManager: Shutting down and abandoning module OnlineBlueprintSupport (74)
[2018.09.12-06.37.00:754][914]LogModuleManager: Shutting down and abandoning module OnlineSubsystem (70)
[2018.09.12-06.37.00:755][914]LogModuleManager: Shutting down and abandoning module XMPP (65)
[2018.09.12-06.37.00:756][914]LogModuleManager: Shutting down and abandoning module WebSockets (64)
[2018.09.12-06.37.00:781][914]LogModuleManager: Shutting down and abandoning module HTTP (61)
[2018.09.12-06.37.00:781][914]LogHttp: Display: Http module shutting down, but needs to wait on 1 outstanding Http requests:
[2018.09.12-06.37.00:781][914]LogHttp: Display: 	verb=[POST] url=[https://datarouter.ol.epicgames.com/datarouter/api/v1/public/data?SessionID=%7B002A1419-4465-B8D8-0E73-BBB63552C888%7D&AppID=UEEditor.Rocket.Release&AppVersion=4.20.1-4233996%2B%2B%2BUE4%2BRelease-4.20&UserID=7d49197745e7fe6690b40ca7ef8fec31%7Cfbdeddbd128f424999b9c75e116a6604%7Cd766a589-88af-46f6-9108-231aacbc2827&AppEnvironment=datacollector-binary&UploadType=eteventstream] status=Processing
[2018.09.12-06.37.00:807][914]LogModuleManager: Shutting down and abandoning module SSL (60)
[2018.09.12-06.37.00:809][914]LogModuleManager: Shutting down and abandoning module MagicLeapEmulator (56)
[2018.09.12-06.37.00:809][914]LogModuleManager: Shutting down and abandoning module MagicLeapPrivileges (54)
[2018.09.12-06.37.00:809][914]LogModuleManager: Shutting down and abandoning module MagicLeapIdentity (52)
[2018.09.12-06.37.00:809][914]LogModuleManager: Shutting down and abandoning module MagicLeapHelperVulkan (50)
[2018.09.12-06.37.00:809][914]LogModuleManager: Shutting down and abandoning module MagicLeapHelperOpenGL (48)
[2018.09.12-06.37.00:809][914]LogModuleManager: Shutting down and abandoning module MagicLeapSecureStorage (46)
[2018.09.12-06.37.00:809][914]LogModuleManager: Shutting down and abandoning module MagicLeapGestures (44)
[2018.09.12-06.37.00:809][914]LogModuleManager: Shutting down and abandoning module MagicLeapEyeTracker (42)
[2018.09.12-06.37.00:809][914]LogModuleManager: Shutting down and abandoning module MagicLeapController (40)
[2018.09.12-06.37.00:809][914]LogSlate: Slate User Destroyed.  User Index 0, Is Virtual User: 0
[2018.09.12-06.37.00:809][914]LogModuleManager: Shutting down and abandoning module MagicLeap (38)
[2018.09.12-06.37.00:809][914]LogModuleManager: Shutting down and abandoning module AnimationModifiers (36)
[2018.09.12-06.37.00:809][914]LogModuleManager: Shutting down and abandoning module PropertyEditor (35)
[2018.09.12-06.37.00:809][914]LogModuleManager: Shutting down and abandoning module AudioEditor (32)
[2018.09.12-06.37.00:809][914]LogModuleManager: Shutting down and abandoning module TextureCompressor (30)
[2018.09.12-06.37.00:809][914]LogModuleManager: Shutting down and abandoning module ShaderCore (28)
[2018.09.12-06.37.00:809][914]LogModuleManager: Shutting down and abandoning module Landscape (26)
[2018.09.12-06.37.00:809][914]LogModuleManager: Shutting down and abandoning module SlateRHIRenderer (24)
[2018.09.12-06.37.00:809][914]LogModuleManager: Shutting down and abandoning module OpenGLDrv (22)
[2018.09.12-06.37.00:809][914]LogModuleManager: Shutting down and abandoning module D3D11RHI (20)
[2018.09.12-06.37.00:810][914]LogModuleManager: Shutting down and abandoning module AnimGraphRuntime (18)
[2018.09.12-06.37.00:810][914]LogModuleManager: Shutting down and abandoning module Renderer (16)
[2018.09.12-06.37.00:810][914]LogModuleManager: Shutting down and abandoning module Engine (14)
[2018.09.12-06.37.00:810][914]LogModuleManager: Shutting down and abandoning module CoreUObject (12)
[2018.09.12-06.37.00:810][914]LogModuleManager: Shutting down and abandoning module NetworkFile (10)
[2018.09.12-06.37.00:810][914]LogModuleManager: Shutting down and abandoning module CookedIterativeFile (8)
[2018.09.12-06.37.00:810][914]LogModuleManager: Shutting down and abandoning module StreamingFile (6)
[2018.09.12-06.37.00:810][914]LogModuleManager: Shutting down and abandoning module SandboxFile (4)
[2018.09.12-06.37.00:810][914]LogModuleManager: Shutting down and abandoning module PakFile (2)
[2018.09.12-06.37.00:813][914]LogExit: Exiting.
[2018.09.12-06.37.00:823][914]Log file closed, 09/12/18 15:37:00
